mode: set
github.com/felixgeelhaar/verdictsec/internal/domain/assessment/assessment.go:35.47,49.2 1 1
github.com/felixgeelhaar/verdictsec/internal/domain/assessment/assessment.go:52.34,52.49 1 1
github.com/felixgeelhaar/verdictsec/internal/domain/assessment/assessment.go:55.38,55.57 1 1
github.com/felixgeelhaar/verdictsec/internal/domain/assessment/assessment.go:58.44,58.66 1 1
github.com/felixgeelhaar/verdictsec/internal/domain/assessment/assessment.go:61.46,61.70 1 1
github.com/felixgeelhaar/verdictsec/internal/domain/assessment/assessment.go:64.48,68.2 3 1
github.com/felixgeelhaar/verdictsec/internal/domain/assessment/assessment.go:71.52,75.2 3 1
github.com/felixgeelhaar/verdictsec/internal/domain/assessment/assessment.go:78.42,78.63 1 1
github.com/felixgeelhaar/verdictsec/internal/domain/assessment/assessment.go:81.41,81.61 1 1
github.com/felixgeelhaar/verdictsec/internal/domain/assessment/assessment.go:84.42,84.63 1 1
github.com/felixgeelhaar/verdictsec/internal/domain/assessment/assessment.go:87.41,87.75 1 1
github.com/felixgeelhaar/verdictsec/internal/domain/assessment/assessment.go:90.47,91.28 1 1
github.com/felixgeelhaar/verdictsec/internal/domain/assessment/assessment.go:91.28,93.3 1 1
github.com/felixgeelhaar/verdictsec/internal/domain/assessment/assessment.go:94.2,94.39 1 1
github.com/felixgeelhaar/verdictsec/internal/domain/assessment/assessment.go:98.51,100.2 1 1
github.com/felixgeelhaar/verdictsec/internal/domain/assessment/assessment.go:103.53,105.2 1 1
github.com/felixgeelhaar/verdictsec/internal/domain/assessment/assessment.go:108.63,110.2 1 1
github.com/felixgeelhaar/verdictsec/internal/domain/assessment/assessment.go:113.71,116.2 2 1
github.com/felixgeelhaar/verdictsec/internal/domain/assessment/assessment.go:119.33,121.2 1 1
github.com/felixgeelhaar/verdictsec/internal/domain/assessment/assessment.go:124.55,126.2 1 1
github.com/felixgeelhaar/verdictsec/internal/domain/assessment/assessment.go:129.53,131.2 1 1
github.com/felixgeelhaar/verdictsec/internal/domain/assessment/assessment.go:134.79,136.31 2 1
github.com/felixgeelhaar/verdictsec/internal/domain/assessment/assessment.go:136.31,137.20 1 1
github.com/felixgeelhaar/verdictsec/internal/domain/assessment/assessment.go:137.20,139.4 1 1
github.com/felixgeelhaar/verdictsec/internal/domain/assessment/assessment.go:141.2,141.15 1 1
github.com/felixgeelhaar/verdictsec/internal/domain/assessment/assessment.go:145.90,147.31 2 1
github.com/felixgeelhaar/verdictsec/internal/domain/assessment/assessment.go:147.31,148.51 1 1
github.com/felixgeelhaar/verdictsec/internal/domain/assessment/assessment.go:148.51,150.4 1 1
github.com/felixgeelhaar/verdictsec/internal/domain/assessment/assessment.go:152.2,152.15 1 1
github.com/felixgeelhaar/verdictsec/internal/domain/assessment/assessment.go:156.41,158.2 1 1
github.com/felixgeelhaar/verdictsec/internal/domain/assessment/assessment.go:161.57,163.31 2 1
github.com/felixgeelhaar/verdictsec/internal/domain/assessment/assessment.go:163.31,165.3 1 1
github.com/felixgeelhaar/verdictsec/internal/domain/assessment/assessment.go:166.2,166.16 1 1
github.com/felixgeelhaar/verdictsec/internal/domain/assessment/assessment.go:170.49,172.35 2 1
github.com/felixgeelhaar/verdictsec/internal/domain/assessment/assessment.go:172.35,173.20 1 1
github.com/felixgeelhaar/verdictsec/internal/domain/assessment/assessment.go:173.20,175.4 1 1
github.com/felixgeelhaar/verdictsec/internal/domain/assessment/assessment.go:177.2,177.14 1 1
github.com/felixgeelhaar/verdictsec/internal/domain/assessment/assessment.go:181.45,183.35 2 1
github.com/felixgeelhaar/verdictsec/internal/domain/assessment/assessment.go:183.35,184.21 1 1
github.com/felixgeelhaar/verdictsec/internal/domain/assessment/assessment.go:184.21,186.4 1 0
github.com/felixgeelhaar/verdictsec/internal/domain/assessment/assessment.go:188.2,188.14 1 1
github.com/felixgeelhaar/verdictsec/internal/domain/assessment/assessment.go:191.36,193.40 2 1
github.com/felixgeelhaar/verdictsec/internal/domain/assessment/assessment.go:193.40,195.3 1 0
github.com/felixgeelhaar/verdictsec/internal/domain/assessment/assessment.go:196.2,196.46 1 1
github.com/felixgeelhaar/verdictsec/internal/domain/assessment/assessment.go:214.52,216.35 2 1
github.com/felixgeelhaar/verdictsec/internal/domain/assessment/assessment.go:216.35,218.3 1 1
github.com/felixgeelhaar/verdictsec/internal/domain/assessment/assessment.go:221.2,222.38 2 1
github.com/felixgeelhaar/verdictsec/internal/domain/assessment/assessment.go:222.38,224.3 1 1
github.com/felixgeelhaar/verdictsec/internal/domain/assessment/assessment.go:226.2,237.4 1 1
github.com/felixgeelhaar/verdictsec/internal/domain/assessment/assessment.go:241.55,243.50 2 1
github.com/felixgeelhaar/verdictsec/internal/domain/assessment/assessment.go:243.50,245.3 1 0
github.com/felixgeelhaar/verdictsec/internal/domain/assessment/assessment.go:247.2,257.40 10 1
github.com/felixgeelhaar/verdictsec/internal/domain/assessment/assessment.go:257.40,259.3 1 1
github.com/felixgeelhaar/verdictsec/internal/domain/assessment/assessment.go:261.2,261.22 1 1
github.com/felixgeelhaar/verdictsec/internal/domain/assessment/assessment.go:261.22,263.3 1 0
github.com/felixgeelhaar/verdictsec/internal/domain/assessment/assessment.go:264.2,264.23 1 1
github.com/felixgeelhaar/verdictsec/internal/domain/assessment/assessment.go:264.23,266.3 1 0
github.com/felixgeelhaar/verdictsec/internal/domain/assessment/assessment.go:267.2,267.25 1 1
github.com/felixgeelhaar/verdictsec/internal/domain/assessment/assessment.go:267.25,269.3 1 0
github.com/felixgeelhaar/verdictsec/internal/domain/assessment/assessment.go:271.2,271.12 1 1
github.com/felixgeelhaar/verdictsec/internal/domain/assessment/decision.go:38.35,39.38 1 1
github.com/felixgeelhaar/verdictsec/internal/domain/assessment/decision.go:39.38,41.3 1 1
github.com/felixgeelhaar/verdictsec/internal/domain/assessment/decision.go:42.2,42.18 1 1
github.com/felixgeelhaar/verdictsec/internal/domain/assessment/decision.go:46.48,48.42 2 1
github.com/felixgeelhaar/verdictsec/internal/domain/assessment/decision.go:48.42,50.3 1 1
github.com/felixgeelhaar/verdictsec/internal/domain/assessment/decision.go:51.2,51.63 1 1
github.com/felixgeelhaar/verdictsec/internal/domain/assessment/decision.go:58.34,59.11 1 1
github.com/felixgeelhaar/verdictsec/internal/domain/assessment/decision.go:60.34,61.11 1 1
github.com/felixgeelhaar/verdictsec/internal/domain/assessment/decision.go:62.20,63.11 1 1
github.com/felixgeelhaar/verdictsec/internal/domain/assessment/decision.go:64.21,65.11 1 1
github.com/felixgeelhaar/verdictsec/internal/domain/assessment/decision.go:66.10,67.11 1 1
github.com/felixgeelhaar/verdictsec/internal/domain/assessment/decision.go:72.36,74.2 1 1
github.com/felixgeelhaar/verdictsec/internal/domain/assessment/decision.go:77.36,79.2 1 1
github.com/felixgeelhaar/verdictsec/internal/domain/assessment/decision.go:82.34,85.2 2 1
github.com/felixgeelhaar/verdictsec/internal/domain/assessment/decision.go:88.49,90.2 1 1
github.com/felixgeelhaar/verdictsec/internal/domain/assessment/decision.go:93.53,95.51 2 1
github.com/felixgeelhaar/verdictsec/internal/domain/assessment/decision.go:95.51,97.3 1 0
github.com/felixgeelhaar/verdictsec/internal/domain/assessment/decision.go:98.2,99.16 2 1
github.com/felixgeelhaar/verdictsec/internal/domain/assessment/decision.go:99.16,101.3 1 1
github.com/felixgeelhaar/verdictsec/internal/domain/assessment/decision.go:102.2,103.12 2 1
github.com/felixgeelhaar/verdictsec/internal/domain/assessment/decision.go:107.32,115.2 1 1
github.com/felixgeelhaar/verdictsec/internal/domain/assessment/engine_run.go:23.62,29.2 1 1
github.com/felixgeelhaar/verdictsec/internal/domain/assessment/engine_run.go:32.39,32.60 1 1
github.com/felixgeelhaar/verdictsec/internal/domain/assessment/engine_run.go:35.44,35.70 1 1
github.com/felixgeelhaar/verdictsec/internal/domain/assessment/engine_run.go:38.43,38.65 1 1
github.com/felixgeelhaar/verdictsec/internal/domain/assessment/engine_run.go:41.45,41.69 1 1
github.com/felixgeelhaar/verdictsec/internal/domain/assessment/engine_run.go:44.46,45.28 1 1
github.com/felixgeelhaar/verdictsec/internal/domain/assessment/engine_run.go:45.28,47.3 1 1
github.com/felixgeelhaar/verdictsec/internal/domain/assessment/engine_run.go:48.2,48.39 1 1
github.com/felixgeelhaar/verdictsec/internal/domain/assessment/engine_run.go:52.36,52.56 1 1
github.com/felixgeelhaar/verdictsec/internal/domain/assessment/engine_run.go:55.43,55.68 1 1
github.com/felixgeelhaar/verdictsec/internal/domain/assessment/engine_run.go:58.40,58.65 1 1
github.com/felixgeelhaar/verdictsec/internal/domain/assessment/engine_run.go:61.40,61.62 1 1
github.com/felixgeelhaar/verdictsec/internal/domain/assessment/engine_run.go:64.43,64.68 1 1
github.com/felixgeelhaar/verdictsec/internal/domain/assessment/engine_run.go:67.66,70.2 2 1
github.com/felixgeelhaar/verdictsec/internal/domain/assessment/engine_run.go:73.48,77.2 3 1
github.com/felixgeelhaar/verdictsec/internal/domain/assessment/engine_run.go:80.37,83.16 3 1
github.com/felixgeelhaar/verdictsec/internal/domain/assessment/engine_run.go:83.16,85.3 1 1
github.com/felixgeelhaar/verdictsec/internal/domain/assessment/engine_run.go:103.44,115.2 1 1
github.com/felixgeelhaar/verdictsec/internal/domain/assessment/engine_run.go:118.55,129.2 1 1
github.com/felixgeelhaar/verdictsec/internal/application/ports/baseline.go:46.47,53.2 1 1
github.com/felixgeelhaar/verdictsec/internal/application/ports/config.go:46.29,61.2 1 1
github.com/felixgeelhaar/verdictsec/internal/application/ports/config.go:65.59,66.42 1 1
github.com/felixgeelhaar/verdictsec/internal/application/ports/config.go:66.42,68.3 1 1
github.com/felixgeelhaar/verdictsec/internal/application/ports/config.go:69.2,69.30 1 1
github.com/felixgeelhaar/verdictsec/internal/application/ports/config.go:73.51,76.2 2 1
github.com/felixgeelhaar/verdictsec/internal/application/ports/config.go:113.51,116.27 2 1
github.com/felixgeelhaar/verdictsec/internal/application/ports/config.go:116.27,118.3 1 1
github.com/felixgeelhaar/verdictsec/internal/application/ports/config.go:119.2,119.24 1 1
github.com/felixgeelhaar/verdictsec/internal/application/ports/config.go:119.24,121.3 1 1
github.com/felixgeelhaar/verdictsec/internal/application/ports/config.go:122.2,122.36 1 1
github.com/felixgeelhaar/verdictsec/internal/application/ports/config.go:122.36,124.3 1 1
github.com/felixgeelhaar/verdictsec/internal/application/ports/config.go:127.2,127.39 1 1
github.com/felixgeelhaar/verdictsec/internal/application/ports/config.go:127.39,128.54 1 1
github.com/felixgeelhaar/verdictsec/internal/application/ports/config.go:128.54,131.4 2 1
github.com/felixgeelhaar/verdictsec/internal/application/ports/config.go:135.2,135.31 1 1
github.com/felixgeelhaar/verdictsec/internal/application/ports/config.go:135.31,136.34 1 1
github.com/felixgeelhaar/verdictsec/internal/application/ports/config.go:136.34,140.4 3 1
github.com/felixgeelhaar/verdictsec/internal/application/ports/config.go:141.3,141.39 1 1
github.com/felixgeelhaar/verdictsec/internal/application/ports/config.go:141.39,142.55 1 1
github.com/felixgeelhaar/verdictsec/internal/application/ports/config.go:142.55,145.5 2 1
github.com/felixgeelhaar/verdictsec/internal/application/ports/config.go:149.2,149.15 1 1
github.com/felixgeelhaar/verdictsec/internal/application/ports/engine.go:40.58,45.2 1 1
github.com/felixgeelhaar/verdictsec/internal/application/ports/engine.go:57.41,64.2 1 1
github.com/felixgeelhaar/verdictsec/internal/application/ports/sbom.go:96.69,101.24 2 0
github.com/felixgeelhaar/verdictsec/internal/application/ports/sbom.go:101.24,110.3 1 0
github.com/felixgeelhaar/verdictsec/internal/application/ports/sbom.go:112.2,112.26 1 0
github.com/felixgeelhaar/verdictsec/internal/application/ports/sbom.go:112.26,121.3 1 0
github.com/felixgeelhaar/verdictsec/internal/application/ports/sbom.go:123.2,123.33 1 0
github.com/felixgeelhaar/verdictsec/internal/application/ports/sbom.go:123.33,125.3 1 0
github.com/felixgeelhaar/verdictsec/internal/application/ports/sbom.go:127.2,127.35 1 0
github.com/felixgeelhaar/verdictsec/internal/application/ports/sbom.go:127.35,129.3 1 0
github.com/felixgeelhaar/verdictsec/internal/application/ports/sbom.go:131.2,131.36 1 0
github.com/felixgeelhaar/verdictsec/internal/application/ports/sbom.go:131.36,141.3 1 0
github.com/felixgeelhaar/verdictsec/internal/application/ports/sbom.go:143.2,143.12 1 0
github.com/felixgeelhaar/verdictsec/internal/application/ports/sbom.go:146.62,157.2 1 0
github.com/felixgeelhaar/verdictsec/internal/application/ports/sbom.go:159.54,168.2 1 0
github.com/felixgeelhaar/verdictsec/internal/application/ports/writer.go:84.61,86.2 1 1
github.com/felixgeelhaar/verdictsec/internal/application/ports/writer.go:89.105,90.30 1 1
github.com/felixgeelhaar/verdictsec/internal/application/ports/writer.go:90.30,91.54 1 1
github.com/felixgeelhaar/verdictsec/internal/application/ports/writer.go:91.54,93.4 1 1
github.com/felixgeelhaar/verdictsec/internal/application/ports/writer.go:95.2,95.12 1 1
github.com/felixgeelhaar/verdictsec/internal/application/ports/writer.go:99.102,100.30 1 1
github.com/felixgeelhaar/verdictsec/internal/application/ports/writer.go:100.30,101.51 1 1
github.com/felixgeelhaar/verdictsec/internal/application/ports/writer.go:101.51,103.4 1 1
github.com/felixgeelhaar/verdictsec/internal/application/ports/writer.go:105.2,105.12 1 1
github.com/felixgeelhaar/verdictsec/internal/application/ports/writer.go:109.59,110.30 1 1
github.com/felixgeelhaar/verdictsec/internal/application/ports/writer.go:110.30,111.50 1 1
github.com/felixgeelhaar/verdictsec/internal/application/ports/writer.go:111.50,113.4 1 1
github.com/felixgeelhaar/verdictsec/internal/application/ports/writer.go:115.2,115.12 1 1
github.com/felixgeelhaar/verdictsec/internal/application/ports/writer.go:119.51,120.30 1 1
github.com/felixgeelhaar/verdictsec/internal/application/ports/writer.go:120.30,121.53 1 1
github.com/felixgeelhaar/verdictsec/internal/application/ports/writer.go:121.53,123.4 1 1
github.com/felixgeelhaar/verdictsec/internal/application/ports/writer.go:125.2,125.12 1 1
github.com/felixgeelhaar/verdictsec/internal/application/ports/writer.go:129.37,130.30 1 1
github.com/felixgeelhaar/verdictsec/internal/application/ports/writer.go:130.30,131.35 1 1
github.com/felixgeelhaar/verdictsec/internal/application/ports/writer.go:131.35,133.4 1 1
github.com/felixgeelhaar/verdictsec/internal/application/ports/writer.go:135.2,135.12 1 1
github.com/felixgeelhaar/verdictsec/internal/domain/baseline/baseline.go:23.43,36.2 1 1
github.com/felixgeelhaar/verdictsec/internal/domain/baseline/baseline.go:39.50,50.2 1 1
github.com/felixgeelhaar/verdictsec/internal/domain/baseline/baseline.go:53.54,57.2 3 1
github.com/felixgeelhaar/verdictsec/internal/domain/baseline/baseline.go:60.65,64.2 3 1
github.com/felixgeelhaar/verdictsec/internal/domain/baseline/baseline.go:67.56,70.2 2 1
github.com/felixgeelhaar/verdictsec/internal/domain/baseline/baseline.go:73.69,76.2 2 1
github.com/felixgeelhaar/verdictsec/internal/domain/baseline/baseline.go:81.65,82.18 1 1
github.com/felixgeelhaar/verdictsec/internal/domain/baseline/baseline.go:82.18,84.3 1 1
github.com/felixgeelhaar/verdictsec/internal/domain/baseline/baseline.go:86.2,89.53 3 1
github.com/felixgeelhaar/verdictsec/internal/domain/baseline/baseline.go:89.53,91.3 1 1
github.com/felixgeelhaar/verdictsec/internal/domain/baseline/baseline.go:91.8,95.3 3 1
github.com/felixgeelhaar/verdictsec/internal/domain/baseline/baseline.go:96.2,97.12 2 1
github.com/felixgeelhaar/verdictsec/internal/domain/baseline/baseline.go:102.77,103.18 1 1
github.com/felixgeelhaar/verdictsec/internal/domain/baseline/baseline.go:103.18,105.3 1 1
github.com/felixgeelhaar/verdictsec/internal/domain/baseline/baseline.go:106.2,106.29 1 1
github.com/felixgeelhaar/verdictsec/internal/domain/baseline/baseline.go:106.29,107.42 1 1
github.com/felixgeelhaar/verdictsec/internal/domain/baseline/baseline.go:107.42,109.4 1 0
github.com/felixgeelhaar/verdictsec/internal/domain/baseline/baseline.go:111.2,111.12 1 1
github.com/felixgeelhaar/verdictsec/internal/domain/baseline/baseline.go:116.95,119.58 2 1
github.com/felixgeelhaar/verdictsec/internal/domain/baseline/baseline.go:119.58,122.3 1 1
github.com/felixgeelhaar/verdictsec/internal/domain/baseline/baseline.go:122.8,126.3 3 1
github.com/felixgeelhaar/verdictsec/internal/domain/baseline/baseline.go:127.2,127.32 1 1
github.com/felixgeelhaar/verdictsec/internal/domain/baseline/baseline.go:131.52,133.59 2 1
github.com/felixgeelhaar/verdictsec/internal/domain/baseline/baseline.go:133.59,135.3 1 1
github.com/felixgeelhaar/verdictsec/internal/domain/baseline/baseline.go:137.2,141.30 3 1
github.com/felixgeelhaar/verdictsec/internal/domain/baseline/baseline.go:141.30,142.35 1 1
github.com/felixgeelhaar/verdictsec/internal/domain/baseline/baseline.go:142.35,144.4 1 1
github.com/felixgeelhaar/verdictsec/internal/domain/baseline/baseline.go:146.2,151.13 4 1
github.com/felixgeelhaar/verdictsec/internal/domain/baseline/baseline.go:156.61,160.30 3 1
github.com/felixgeelhaar/verdictsec/internal/domain/baseline/baseline.go:160.30,161.27 1 1
github.com/felixgeelhaar/verdictsec/internal/domain/baseline/baseline.go:161.27,163.4 1 1
github.com/felixgeelhaar/verdictsec/internal/domain/baseline/baseline.go:163.9,165.4 1 1
github.com/felixgeelhaar/verdictsec/internal/domain/baseline/baseline.go:168.2,168.22 1 1
github.com/felixgeelhaar/verdictsec/internal/domain/baseline/baseline.go:168.22,172.3 3 1
github.com/felixgeelhaar/verdictsec/internal/domain/baseline/baseline.go:174.2,174.21 1 1
github.com/felixgeelhaar/verdictsec/internal/domain/baseline/baseline.go:178.32,180.2 1 1
github.com/felixgeelhaar/verdictsec/internal/domain/baseline/baseline.go:183.44,185.30 2 1
github.com/felixgeelhaar/verdictsec/internal/domain/baseline/baseline.go:185.30,187.3 1 1
github.com/felixgeelhaar/verdictsec/internal/domain/baseline/baseline.go:188.2,188.12 1 1
github.com/felixgeelhaar/verdictsec/internal/domain/baseline/baseline.go:192.57,194.30 2 1
github.com/felixgeelhaar/verdictsec/internal/domain/baseline/baseline.go:194.30,196.3 1 1
github.com/felixgeelhaar/verdictsec/internal/domain/baseline/baseline.go:197.2,197.15 1 1
github.com/felixgeelhaar/verdictsec/internal/domain/baseline/baseline.go:201.41,205.2 3 1
github.com/felixgeelhaar/verdictsec/internal/domain/baseline/baseline.go:208.37,210.2 1 1
github.com/felixgeelhaar/verdictsec/internal/domain/baseline/baseline.go:213.40,215.2 1 1
github.com/felixgeelhaar/verdictsec/internal/domain/baseline/baseline.go:218.45,220.2 1 1
github.com/felixgeelhaar/verdictsec/internal/domain/baseline/baseline.go:223.45,225.2 1 1
github.com/felixgeelhaar/verdictsec/internal/domain/baseline/baseline.go:228.53,230.2 1 1
github.com/felixgeelhaar/verdictsec/internal/domain/baseline/baseline.go:233.34,234.31 1 1
github.com/felixgeelhaar/verdictsec/internal/domain/baseline/baseline.go:234.31,236.3 1 1
github.com/felixgeelhaar/verdictsec/internal/domain/baseline/baseline.go:240.35,242.27 2 1
github.com/felixgeelhaar/verdictsec/internal/domain/baseline/baseline.go:242.27,244.3 1 1
github.com/felixgeelhaar/verdictsec/internal/domain/baseline/baseline.go:249.43,251.38 2 1
github.com/felixgeelhaar/verdictsec/internal/domain/baseline/baseline.go:251.38,252.72 1 1
github.com/felixgeelhaar/verdictsec/internal/domain/baseline/baseline.go:252.72,254.47 1 1
github.com/felixgeelhaar/verdictsec/internal/domain/baseline/baseline.go:254.47,256.5 1 1
github.com/felixgeelhaar/verdictsec/internal/domain/baseline/baseline.go:258.4,258.50 1 1
github.com/felixgeelhaar/verdictsec/internal/domain/baseline/baseline.go:258.50,260.5 1 0
github.com/felixgeelhaar/verdictsec/internal/domain/baseline/baseline.go:261.9,264.4 2 1
github.com/felixgeelhaar/verdictsec/internal/domain/baseline/baseline.go:266.2,266.32 1 1
github.com/felixgeelhaar/verdictsec/internal/domain/baseline/baseline.go:270.38,283.2 4 1
github.com/felixgeelhaar/verdictsec/internal/domain/baseline/entry.go:20.87,31.2 2 1
github.com/felixgeelhaar/verdictsec/internal/domain/baseline/entry.go:34.105,38.2 3 1
github.com/felixgeelhaar/verdictsec/internal/domain/baseline/entry.go:41.25,43.2 1 1
github.com/felixgeelhaar/verdictsec/internal/domain/baseline/entry.go:46.36,48.2 1 1
github.com/felixgeelhaar/verdictsec/internal/domain/baseline/entry.go:51.40,53.2 1 1
github.com/felixgeelhaar/verdictsec/internal/domain/baseline/entry.go:56.54,58.2 1 1
github.com/felixgeelhaar/verdictsec/internal/domain/baseline/scope.go:10.57,15.2 1 1
github.com/felixgeelhaar/verdictsec/internal/domain/baseline/scope.go:18.54,19.24 1 1
github.com/felixgeelhaar/verdictsec/internal/domain/baseline/scope.go:19.24,21.3 1 1
github.com/felixgeelhaar/verdictsec/internal/domain/baseline/scope.go:22.2,22.27 1 1
github.com/felixgeelhaar/verdictsec/internal/domain/baseline/scope.go:22.27,24.3 1 1
github.com/felixgeelhaar/verdictsec/internal/domain/baseline/scope.go:25.2,25.33 1 1
github.com/felixgeelhaar/verdictsec/internal/domain/baseline/scope.go:25.33,26.21 1 1
github.com/felixgeelhaar/verdictsec/internal/domain/baseline/scope.go:26.21,28.4 1 1
github.com/felixgeelhaar/verdictsec/internal/domain/baseline/scope.go:30.2,30.14 1 1
github.com/felixgeelhaar/verdictsec/internal/domain/baseline/scope.go:34.50,36.2 1 1
github.com/felixgeelhaar/verdictsec/internal/domain/baseline/scope.go:39.39,41.2 1 1
github.com/felixgeelhaar/verdictsec/internal/domain/baseline/scope.go:44.53,45.27 1 1
github.com/felixgeelhaar/verdictsec/internal/domain/baseline/scope.go:45.27,47.3 1 1
github.com/felixgeelhaar/verdictsec/internal/domain/baseline/scope.go:48.2,48.33 1 1
github.com/felixgeelhaar/verdictsec/internal/domain/baseline/scope.go:48.33,49.21 1 1
github.com/felixgeelhaar/verdictsec/internal/domain/baseline/scope.go:49.21,51.4 1 1
github.com/felixgeelhaar/verdictsec/internal/domain/baseline/scope.go:53.2,53.14 1 1
github.com/felixgeelhaar/verdictsec/internal/application/usecases/diff_sbom.go:31.96,37.2 1 0
github.com/felixgeelhaar/verdictsec/internal/application/usecases/diff_sbom.go:40.102,43.16 2 0
github.com/felixgeelhaar/verdictsec/internal/application/usecases/diff_sbom.go:43.16,45.3 1 0
github.com/felixgeelhaar/verdictsec/internal/application/usecases/diff_sbom.go:48.2,49.16 2 0
github.com/felixgeelhaar/verdictsec/internal/application/usecases/diff_sbom.go:49.16,51.3 1 0
github.com/felixgeelhaar/verdictsec/internal/application/usecases/diff_sbom.go:54.2,58.22 3 0
github.com/felixgeelhaar/verdictsec/internal/application/usecases/diff_sbom.go:58.22,59.49 1 0
github.com/felixgeelhaar/verdictsec/internal/application/usecases/diff_sbom.go:59.49,61.4 1 0
github.com/felixgeelhaar/verdictsec/internal/application/usecases/diff_sbom.go:64.2,67.8 1 0
github.com/felixgeelhaar/verdictsec/internal/application/usecases/diff_sbom.go:71.43,73.2 1 0
github.com/felixgeelhaar/verdictsec/internal/application/usecases/diff_sbom.go:76.48,78.2 1 0
github.com/felixgeelhaar/verdictsec/internal/application/usecases/diff_sbom.go:81.50,83.2 1 0
github.com/felixgeelhaar/verdictsec/internal/application/usecases/diff_sbom.go:86.42,87.21 1 0
github.com/felixgeelhaar/verdictsec/internal/application/usecases/diff_sbom.go:87.21,89.3 1 0
github.com/felixgeelhaar/verdictsec/internal/application/usecases/diff_sbom.go:91.2,100.3 1 0
github.com/felixgeelhaar/verdictsec/internal/application/usecases/evaluate_policy.go:36.83,42.2 1 1
github.com/felixgeelhaar/verdictsec/internal/application/usecases/evaluate_policy.go:45.109,61.22 4 1
github.com/felixgeelhaar/verdictsec/internal/application/usecases/evaluate_policy.go:61.22,63.3 1 0
github.com/felixgeelhaar/verdictsec/internal/application/usecases/evaluate_policy.go:65.2,69.3 1 1
github.com/felixgeelhaar/verdictsec/internal/application/usecases/evaluate_policy.go:73.143,80.2 3 1
github.com/felixgeelhaar/verdictsec/internal/application/usecases/evaluate_policy.go:90.116,98.2 2 1
github.com/felixgeelhaar/verdictsec/internal/application/usecases/evaluate_policy.go:101.49,103.2 1 1
github.com/felixgeelhaar/verdictsec/internal/application/usecases/evaluate_policy.go:106.46,108.2 1 1
github.com/felixgeelhaar/verdictsec/internal/application/usecases/run_scan.go:52.19,58.2 1 1
github.com/felixgeelhaar/verdictsec/internal/application/usecases/run_scan.go:61.99,69.23 3 1
github.com/felixgeelhaar/verdictsec/internal/application/usecases/run_scan.go:69.23,71.3 1 1
github.com/felixgeelhaar/verdictsec/internal/application/usecases/run_scan.go:74.2,74.22 1 1
github.com/felixgeelhaar/verdictsec/internal/application/usecases/run_scan.go:74.22,76.3 1 0
github.com/felixgeelhaar/verdictsec/internal/application/usecases/run_scan.go:79.2,79.40 1 1
github.com/felixgeelhaar/verdictsec/internal/application/usecases/run_scan.go:79.40,81.3 1 1
github.com/felixgeelhaar/verdictsec/internal/application/usecases/run_scan.go:81.8,83.3 1 1
github.com/felixgeelhaar/verdictsec/internal/application/usecases/run_scan.go:86.2,88.20 2 1
github.com/felixgeelhaar/verdictsec/internal/application/usecases/run_scan.go:92.76,95.28 2 1
github.com/felixgeelhaar/verdictsec/internal/application/usecases/run_scan.go:95.28,97.36 1 1
github.com/felixgeelhaar/verdictsec/internal/application/usecases/run_scan.go:97.36,98.69 1 1
github.com/felixgeelhaar/verdictsec/internal/application/usecases/run_scan.go:98.69,99.41 1 1
github.com/felixgeelhaar/verdictsec/internal/application/usecases/run_scan.go:99.41,101.6 1 1
github.com/felixgeelhaar/verdictsec/internal/application/usecases/run_scan.go:104.8,106.50 1 1
github.com/felixgeelhaar/verdictsec/internal/application/usecases/run_scan.go:106.50,107.49 1 1
github.com/felixgeelhaar/verdictsec/internal/application/usecases/run_scan.go:107.49,109.5 1 1
github.com/felixgeelhaar/verdictsec/internal/application/usecases/run_scan.go:113.2,113.16 1 1
github.com/felixgeelhaar/verdictsec/internal/application/usecases/run_scan.go:122.3,123.33 1 1
github.com/felixgeelhaar/verdictsec/internal/application/usecases/run_scan.go:123.33,124.10 1 1
github.com/felixgeelhaar/verdictsec/internal/application/usecases/run_scan.go:125.21,126.10 1 1
github.com/felixgeelhaar/verdictsec/internal/application/usecases/run_scan.go:127.11,128.44 1 1
github.com/felixgeelhaar/verdictsec/internal/application/usecases/run_scan.go:139.3,145.21 4 1
github.com/felixgeelhaar/verdictsec/internal/application/usecases/run_scan.go:145.21,147.3 1 0
github.com/felixgeelhaar/verdictsec/internal/application/usecases/run_scan.go:148.2,150.33 2 1
github.com/felixgeelhaar/verdictsec/internal/application/usecases/run_scan.go:150.33,152.27 2 1
github.com/felixgeelhaar/verdictsec/internal/application/usecases/run_scan.go:152.27,155.11 2 1
github.com/felixgeelhaar/verdictsec/internal/application/usecases/run_scan.go:156.22,157.11 1 0
github.com/felixgeelhaar/verdictsec/internal/application/usecases/run_scan.go:158.27,159.18 1 1
github.com/felixgeelhaar/verdictsec/internal/application/usecases/run_scan.go:159.18,159.27 1 1
github.com/felixgeelhaar/verdictsec/internal/application/usecases/run_scan.go:162.5,162.49 1 1
github.com/felixgeelhaar/verdictsec/internal/application/usecases/run_scan.go:167.2,167.11 1 1
github.com/felixgeelhaar/verdictsec/internal/application/usecases/run_scan.go:177.3,182.22 3 1
github.com/felixgeelhaar/verdictsec/internal/application/usecases/run_scan.go:182.22,184.3 1 0
github.com/felixgeelhaar/verdictsec/internal/application/usecases/run_scan.go:187.2,195.16 4 1
github.com/felixgeelhaar/verdictsec/internal/application/usecases/run_scan.go:195.16,205.23 6 0
github.com/felixgeelhaar/verdictsec/internal/application/usecases/run_scan.go:205.23,207.4 1 0
github.com/felixgeelhaar/verdictsec/internal/application/usecases/run_scan.go:208.3,208.9 1 0
github.com/felixgeelhaar/verdictsec/internal/application/usecases/run_scan.go:212.2,213.34 2 1
github.com/felixgeelhaar/verdictsec/internal/application/usecases/run_scan.go:213.34,215.15 2 0
github.com/felixgeelhaar/verdictsec/internal/application/usecases/run_scan.go:215.15,217.4 1 0
github.com/felixgeelhaar/verdictsec/internal/application/usecases/run_scan.go:221.2,225.29 3 1
github.com/felixgeelhaar/verdictsec/internal/application/usecases/run_scan.go:225.29,227.3 1 0
github.com/felixgeelhaar/verdictsec/internal/application/usecases/run_scan.go:228.2,231.22 3 1
github.com/felixgeelhaar/verdictsec/internal/application/usecases/run_scan.go:231.22,233.3 1 0
github.com/felixgeelhaar/verdictsec/internal/application/usecases/run_scan.go:242.3,247.22 3 1
github.com/felixgeelhaar/verdictsec/internal/application/usecases/run_scan.go:247.22,249.3 1 0
github.com/felixgeelhaar/verdictsec/internal/application/usecases/run_scan.go:252.2,260.16 4 1
github.com/felixgeelhaar/verdictsec/internal/application/usecases/run_scan.go:260.16,268.23 4 1
github.com/felixgeelhaar/verdictsec/internal/application/usecases/run_scan.go:268.23,270.4 1 0
github.com/felixgeelhaar/verdictsec/internal/application/usecases/run_scan.go:271.3,271.9 1 1
github.com/felixgeelhaar/verdictsec/internal/application/usecases/run_scan.go:275.2,276.34 2 1
github.com/felixgeelhaar/verdictsec/internal/application/usecases/run_scan.go:276.34,278.15 2 1
github.com/felixgeelhaar/verdictsec/internal/application/usecases/run_scan.go:278.15,280.4 1 1
github.com/felixgeelhaar/verdictsec/internal/application/usecases/run_scan.go:284.2,284.29 1 1
github.com/felixgeelhaar/verdictsec/internal/application/usecases/run_scan.go:284.29,286.3 1 1
github.com/felixgeelhaar/verdictsec/internal/application/usecases/run_scan.go:289.2,292.22 3 1
github.com/felixgeelhaar/verdictsec/internal/application/usecases/run_scan.go:292.22,294.3 1 0
github.com/felixgeelhaar/verdictsec/internal/application/usecases/run_scan.go:304.99,308.32 3 1
github.com/felixgeelhaar/verdictsec/internal/application/usecases/run_scan.go:308.32,310.3 1 1
github.com/felixgeelhaar/verdictsec/internal/application/usecases/run_scan.go:312.2,317.4 1 1
github.com/felixgeelhaar/verdictsec/internal/application/usecases/run_scan.go:327.99,330.32 3 1
github.com/felixgeelhaar/verdictsec/internal/application/usecases/run_scan.go:330.32,332.3 1 1
github.com/felixgeelhaar/verdictsec/internal/application/usecases/run_scan.go:334.2,339.4 1 1
github.com/felixgeelhaar/verdictsec/internal/application/usecases/run_scan.go:349.105,352.35 3 1
github.com/felixgeelhaar/verdictsec/internal/application/usecases/run_scan.go:352.35,354.3 1 1
github.com/felixgeelhaar/verdictsec/internal/application/usecases/run_scan.go:356.2,361.4 1 1
github.com/felixgeelhaar/verdictsec/internal/application/usecases/write_baseline.go:51.108,56.2 1 1
github.com/felixgeelhaar/verdictsec/internal/application/usecases/write_baseline.go:59.94,63.24 2 1
github.com/felixgeelhaar/verdictsec/internal/application/usecases/write_baseline.go:63.24,65.3 1 1
github.com/felixgeelhaar/verdictsec/internal/application/usecases/write_baseline.go:68.2,72.57 3 1
github.com/felixgeelhaar/verdictsec/internal/application/usecases/write_baseline.go:72.57,74.3 1 0
github.com/felixgeelhaar/verdictsec/internal/application/usecases/write_baseline.go:76.2,81.22 4 1
github.com/felixgeelhaar/verdictsec/internal/application/usecases/write_baseline.go:81.22,84.3 2 1
github.com/felixgeelhaar/verdictsec/internal/application/usecases/write_baseline.go:84.8,87.3 2 1
github.com/felixgeelhaar/verdictsec/internal/application/usecases/write_baseline.go:89.2,89.16 1 1
github.com/felixgeelhaar/verdictsec/internal/application/usecases/write_baseline.go:89.16,91.3 1 1
github.com/felixgeelhaar/verdictsec/internal/application/usecases/write_baseline.go:94.2,94.22 1 1
github.com/felixgeelhaar/verdictsec/internal/application/usecases/write_baseline.go:94.22,96.3 1 0
github.com/felixgeelhaar/verdictsec/internal/application/usecases/write_baseline.go:98.2,98.20 1 1
github.com/felixgeelhaar/verdictsec/internal/application/usecases/write_baseline.go:102.97,107.27 2 1
github.com/felixgeelhaar/verdictsec/internal/application/usecases/write_baseline.go:107.27,109.3 1 1
github.com/felixgeelhaar/verdictsec/internal/application/usecases/write_baseline.go:112.2,112.24 1 1
github.com/felixgeelhaar/verdictsec/internal/application/usecases/write_baseline.go:112.24,114.3 1 1
github.com/felixgeelhaar/verdictsec/internal/application/usecases/write_baseline.go:116.2,121.29 4 1
github.com/felixgeelhaar/verdictsec/internal/application/usecases/write_baseline.go:121.29,123.46 2 1
github.com/felixgeelhaar/verdictsec/internal/application/usecases/write_baseline.go:123.46,125.4 1 1
github.com/felixgeelhaar/verdictsec/internal/application/usecases/write_baseline.go:129.2,129.70 1 1
github.com/felixgeelhaar/verdictsec/internal/application/usecases/write_baseline.go:129.70,131.3 1 0
github.com/felixgeelhaar/verdictsec/internal/application/usecases/write_baseline.go:133.2,137.30 3 1
github.com/felixgeelhaar/verdictsec/internal/application/usecases/write_baseline.go:137.30,140.3 2 0
github.com/felixgeelhaar/verdictsec/internal/application/usecases/write_baseline.go:143.2,143.54 1 1
github.com/felixgeelhaar/verdictsec/internal/application/usecases/write_baseline.go:143.54,145.3 1 0
github.com/felixgeelhaar/verdictsec/internal/application/usecases/write_baseline.go:148.2,148.22 1 1
github.com/felixgeelhaar/verdictsec/internal/application/usecases/write_baseline.go:148.22,151.31 2 0
github.com/felixgeelhaar/verdictsec/internal/application/usecases/write_baseline.go:151.31,153.4 1 0
github.com/felixgeelhaar/verdictsec/internal/application/usecases/write_baseline.go:154.3,155.35 2 0
github.com/felixgeelhaar/verdictsec/internal/application/usecases/write_baseline.go:158.2,158.20 1 1
github.com/felixgeelhaar/verdictsec/internal/application/usecases/write_baseline.go:174.78,179.25 2 1
github.com/felixgeelhaar/verdictsec/internal/application/usecases/write_baseline.go:179.25,181.3 1 1
github.com/felixgeelhaar/verdictsec/internal/application/usecases/write_baseline.go:183.2,183.39 1 1
github.com/felixgeelhaar/verdictsec/internal/application/usecases/write_baseline.go:183.39,184.20 1 1
github.com/felixgeelhaar/verdictsec/internal/application/usecases/write_baseline.go:184.20,188.4 3 1
github.com/felixgeelhaar/verdictsec/internal/application/usecases/write_baseline.go:192.2,192.52 1 1
github.com/felixgeelhaar/verdictsec/internal/application/usecases/write_baseline.go:192.52,194.3 1 0
github.com/felixgeelhaar/verdictsec/internal/application/usecases/write_baseline.go:196.2,196.20 1 1
github.com/felixgeelhaar/verdictsec/internal/application/usecases/write_baseline.go:213.81,216.27 2 1
github.com/felixgeelhaar/verdictsec/internal/application/usecases/write_baseline.go:216.27,218.3 1 1
github.com/felixgeelhaar/verdictsec/internal/application/usecases/write_baseline.go:221.2,225.30 3 1
github.com/felixgeelhaar/verdictsec/internal/application/usecases/write_baseline.go:225.30,227.38 2 1
github.com/felixgeelhaar/verdictsec/internal/application/usecases/write_baseline.go:227.38,229.4 1 1
github.com/felixgeelhaar/verdictsec/internal/application/usecases/write_baseline.go:231.3,231.46 1 1
github.com/felixgeelhaar/verdictsec/internal/application/usecases/write_baseline.go:231.46,233.50 2 1
github.com/felixgeelhaar/verdictsec/internal/application/usecases/write_baseline.go:233.50,235.5 1 1
github.com/felixgeelhaar/verdictsec/internal/application/usecases/write_baseline.go:239.2,242.20 3 1
github.com/felixgeelhaar/verdictsec/internal/application/usecases/write_baseline.go:246.89,247.23 1 1
github.com/felixgeelhaar/verdictsec/internal/application/usecases/write_baseline.go:247.23,249.3 1 1
github.com/felixgeelhaar/verdictsec/internal/application/usecases/write_baseline.go:250.2,250.42 1 1
github.com/felixgeelhaar/verdictsec/internal/domain/finding/confidence.go:35.37,36.40 1 1
github.com/felixgeelhaar/verdictsec/internal/domain/finding/confidence.go:36.40,38.3 1 1
github.com/felixgeelhaar/verdictsec/internal/domain/finding/confidence.go:39.2,39.18 1 1
github.com/felixgeelhaar/verdictsec/internal/domain/finding/confidence.go:44.52,46.45 2 1
github.com/felixgeelhaar/verdictsec/internal/domain/finding/confidence.go:46.45,48.3 1 1
github.com/felixgeelhaar/verdictsec/internal/domain/finding/confidence.go:49.2,49.67 1 1
github.com/felixgeelhaar/verdictsec/internal/domain/finding/confidence.go:53.47,55.16 2 1
github.com/felixgeelhaar/verdictsec/internal/domain/finding/confidence.go:55.16,56.13 1 1
github.com/felixgeelhaar/verdictsec/internal/domain/finding/confidence.go:58.2,58.13 1 1
github.com/felixgeelhaar/verdictsec/internal/domain/finding/confidence.go:62.54,64.2 1 1
github.com/felixgeelhaar/verdictsec/internal/domain/finding/confidence.go:67.36,70.2 2 1
github.com/felixgeelhaar/verdictsec/internal/domain/finding/confidence.go:73.51,75.2 1 1
github.com/felixgeelhaar/verdictsec/internal/domain/finding/confidence.go:78.55,80.51 2 1
github.com/felixgeelhaar/verdictsec/internal/domain/finding/confidence.go:80.51,82.3 1 0
github.com/felixgeelhaar/verdictsec/internal/domain/finding/confidence.go:83.2,84.16 2 1
github.com/felixgeelhaar/verdictsec/internal/domain/finding/confidence.go:84.16,86.3 1 0
github.com/felixgeelhaar/verdictsec/internal/domain/finding/confidence.go:87.2,88.12 2 1
github.com/felixgeelhaar/verdictsec/internal/domain/finding/confidence.go:92.56,94.2 1 1
github.com/felixgeelhaar/verdictsec/internal/domain/finding/confidence.go:97.77,99.40 2 1
github.com/felixgeelhaar/verdictsec/internal/domain/finding/confidence.go:99.40,101.3 1 0
github.com/felixgeelhaar/verdictsec/internal/domain/finding/confidence.go:102.2,103.16 2 1
github.com/felixgeelhaar/verdictsec/internal/domain/finding/confidence.go:103.16,105.3 1 1
github.com/felixgeelhaar/verdictsec/internal/domain/finding/confidence.go:106.2,107.12 2 1
github.com/felixgeelhaar/verdictsec/internal/domain/finding/confidence.go:111.36,118.2 1 1
github.com/felixgeelhaar/verdictsec/internal/domain/finding/finding.go:48.12,68.27 3 1
github.com/felixgeelhaar/verdictsec/internal/domain/finding/finding.go:68.27,70.3 1 1
github.com/felixgeelhaar/verdictsec/internal/domain/finding/finding.go:72.2,72.10 1 1
github.com/felixgeelhaar/verdictsec/internal/domain/finding/finding.go:78.49,79.26 1 1
github.com/felixgeelhaar/verdictsec/internal/domain/finding/finding.go:79.26,79.50 1 1
github.com/felixgeelhaar/verdictsec/internal/domain/finding/finding.go:83.49,84.26 1 1
github.com/felixgeelhaar/verdictsec/internal/domain/finding/finding.go:84.26,84.46 1 1
github.com/felixgeelhaar/verdictsec/internal/domain/finding/finding.go:88.53,89.26 1 1
github.com/felixgeelhaar/verdictsec/internal/domain/finding/finding.go:89.26,89.48 1 1
github.com/felixgeelhaar/verdictsec/internal/domain/finding/finding.go:93.42,94.26 1 1
github.com/felixgeelhaar/verdictsec/internal/domain/finding/finding.go:94.26,94.45 1 1
github.com/felixgeelhaar/verdictsec/internal/domain/finding/finding.go:98.42,99.26 1 1
github.com/felixgeelhaar/verdictsec/internal/domain/finding/finding.go:99.26,99.45 1 1
github.com/felixgeelhaar/verdictsec/internal/domain/finding/finding.go:103.51,104.26 1 1
github.com/felixgeelhaar/verdictsec/internal/domain/finding/finding.go:104.26,104.52 1 1
github.com/felixgeelhaar/verdictsec/internal/domain/finding/finding.go:108.52,109.26 1 1
github.com/felixgeelhaar/verdictsec/internal/domain/finding/finding.go:109.26,109.51 1 1
github.com/felixgeelhaar/verdictsec/internal/domain/finding/finding.go:113.56,114.26 1 1
github.com/felixgeelhaar/verdictsec/internal/domain/finding/finding.go:114.26,114.53 1 1
github.com/felixgeelhaar/verdictsec/internal/domain/finding/finding.go:118.48,119.26 1 1
github.com/felixgeelhaar/verdictsec/internal/domain/finding/finding.go:119.26,119.52 1 1
github.com/felixgeelhaar/verdictsec/internal/domain/finding/finding.go:125.31,125.46 1 1
github.com/felixgeelhaar/verdictsec/internal/domain/finding/finding.go:128.38,128.62 1 1
github.com/felixgeelhaar/verdictsec/internal/domain/finding/finding.go:131.37,131.58 1 1
github.com/felixgeelhaar/verdictsec/internal/domain/finding/finding.go:134.35,134.54 1 1
github.com/felixgeelhaar/verdictsec/internal/domain/finding/finding.go:137.34,137.52 1 1
github.com/felixgeelhaar/verdictsec/internal/domain/finding/finding.go:140.40,140.64 1 1
github.com/felixgeelhaar/verdictsec/internal/domain/finding/finding.go:143.49,143.80 1 1
github.com/felixgeelhaar/verdictsec/internal/domain/finding/finding.go:146.48,146.78 1 1
github.com/felixgeelhaar/verdictsec/internal/domain/finding/finding.go:149.43,149.66 1 1
github.com/felixgeelhaar/verdictsec/internal/domain/finding/finding.go:152.47,152.72 1 1
github.com/felixgeelhaar/verdictsec/internal/domain/finding/finding.go:155.39,155.60 1 1
github.com/felixgeelhaar/verdictsec/internal/domain/finding/finding.go:158.45,158.69 1 1
github.com/felixgeelhaar/verdictsec/internal/domain/finding/finding.go:161.34,161.52 1 1
github.com/felixgeelhaar/verdictsec/internal/domain/finding/finding.go:164.34,164.52 1 1
github.com/felixgeelhaar/verdictsec/internal/domain/finding/finding.go:167.39,167.62 1 1
github.com/felixgeelhaar/verdictsec/internal/domain/finding/finding.go:170.43,170.68 1 1
github.com/felixgeelhaar/verdictsec/internal/domain/finding/finding.go:173.45,173.66 1 1
github.com/felixgeelhaar/verdictsec/internal/domain/finding/finding.go:176.42,176.65 1 1
github.com/felixgeelhaar/verdictsec/internal/domain/finding/finding.go:180.52,182.2 1 1
github.com/felixgeelhaar/verdictsec/internal/domain/finding/finding.go:185.33,185.57 1 1
github.com/felixgeelhaar/verdictsec/internal/domain/finding/finding.go:188.33,188.57 1 1
github.com/felixgeelhaar/verdictsec/internal/domain/finding/finding.go:191.33,191.62 1 1
github.com/felixgeelhaar/verdictsec/internal/domain/finding/finding.go:194.38,194.77 1 1
github.com/felixgeelhaar/verdictsec/internal/domain/finding/finding.go:198.47,199.18 1 1
github.com/felixgeelhaar/verdictsec/internal/domain/finding/finding.go:199.18,201.3 1 1
github.com/felixgeelhaar/verdictsec/internal/domain/finding/finding.go:202.2,202.48 1 1
github.com/felixgeelhaar/verdictsec/internal/domain/finding/finding.go:206.26,208.40 2 1
github.com/felixgeelhaar/verdictsec/internal/domain/finding/finding.go:208.40,211.3 1 0
github.com/felixgeelhaar/verdictsec/internal/domain/finding/finding.go:212.2,212.43 1 1
github.com/felixgeelhaar/verdictsec/internal/domain/finding/finding.go:238.49,259.2 1 1
github.com/felixgeelhaar/verdictsec/internal/domain/finding/finding.go:262.52,264.50 2 1
github.com/felixgeelhaar/verdictsec/internal/domain/finding/finding.go:264.50,266.3 1 0
github.com/felixgeelhaar/verdictsec/internal/domain/finding/finding.go:268.2,287.23 19 1
github.com/felixgeelhaar/verdictsec/internal/domain/finding/finding.go:287.23,289.3 1 0
github.com/felixgeelhaar/verdictsec/internal/domain/finding/finding.go:291.2,291.12 1 1
github.com/felixgeelhaar/verdictsec/internal/domain/finding/finding_type.go:38.38,39.41 1 1
github.com/felixgeelhaar/verdictsec/internal/domain/finding/finding_type.go:39.41,41.3 1 1
github.com/felixgeelhaar/verdictsec/internal/domain/finding/finding_type.go:42.2,42.18 1 1
github.com/felixgeelhaar/verdictsec/internal/domain/finding/finding_type.go:47.54,49.44 2 1
github.com/felixgeelhaar/verdictsec/internal/domain/finding/finding_type.go:49.44,51.3 1 1
github.com/felixgeelhaar/verdictsec/internal/domain/finding/finding_type.go:52.2,52.70 1 1
github.com/felixgeelhaar/verdictsec/internal/domain/finding/finding_type.go:56.49,58.16 2 1
github.com/felixgeelhaar/verdictsec/internal/domain/finding/finding_type.go:58.16,59.13 1 1
github.com/felixgeelhaar/verdictsec/internal/domain/finding/finding_type.go:61.2,61.11 1 1
github.com/felixgeelhaar/verdictsec/internal/domain/finding/finding_type.go:65.37,68.2 2 1
github.com/felixgeelhaar/verdictsec/internal/domain/finding/finding_type.go:71.52,73.2 1 1
github.com/felixgeelhaar/verdictsec/internal/domain/finding/finding_type.go:76.56,78.51 2 1
github.com/felixgeelhaar/verdictsec/internal/domain/finding/finding_type.go:78.51,80.3 1 0
github.com/felixgeelhaar/verdictsec/internal/domain/finding/finding_type.go:81.2,82.16 2 1
github.com/felixgeelhaar/verdictsec/internal/domain/finding/finding_type.go:82.16,84.3 1 1
github.com/felixgeelhaar/verdictsec/internal/domain/finding/finding_type.go:85.2,86.12 2 1
github.com/felixgeelhaar/verdictsec/internal/domain/finding/finding_type.go:90.38,98.2 1 1
github.com/felixgeelhaar/verdictsec/internal/domain/finding/fingerprint.go:25.102,41.2 3 1
github.com/felixgeelhaar/verdictsec/internal/domain/finding/fingerprint.go:45.66,50.2 1 1
github.com/felixgeelhaar/verdictsec/internal/domain/finding/fingerprint.go:53.37,53.55 1 1
github.com/felixgeelhaar/verdictsec/internal/domain/finding/fingerprint.go:56.39,56.59 1 1
github.com/felixgeelhaar/verdictsec/internal/domain/finding/fingerprint.go:59.38,59.56 1 1
github.com/felixgeelhaar/verdictsec/internal/domain/finding/fingerprint.go:62.37,63.23 1 1
github.com/felixgeelhaar/verdictsec/internal/domain/finding/fingerprint.go:63.23,65.3 1 1
github.com/felixgeelhaar/verdictsec/internal/domain/finding/fingerprint.go:66.2,66.16 1 0
github.com/felixgeelhaar/verdictsec/internal/domain/finding/fingerprint.go:71.53,73.2 1 1
github.com/felixgeelhaar/verdictsec/internal/domain/finding/fingerprint.go:76.58,78.2 1 1
github.com/felixgeelhaar/verdictsec/internal/domain/finding/fingerprint.go:81.36,83.2 1 1
github.com/felixgeelhaar/verdictsec/internal/domain/finding/fingerprint.go:86.46,88.2 1 1
github.com/felixgeelhaar/verdictsec/internal/domain/finding/fingerprint.go:97.52,102.2 1 1
github.com/felixgeelhaar/verdictsec/internal/domain/finding/fingerprint.go:105.56,107.50 2 1
github.com/felixgeelhaar/verdictsec/internal/domain/finding/fingerprint.go:107.50,109.3 1 0
github.com/felixgeelhaar/verdictsec/internal/domain/finding/fingerprint.go:110.2,111.12 2 1
github.com/felixgeelhaar/verdictsec/internal/domain/finding/location.go:22.78,36.2 3 1
github.com/felixgeelhaar/verdictsec/internal/domain/finding/location.go:39.56,41.2 1 1
github.com/felixgeelhaar/verdictsec/internal/domain/finding/location.go:44.33,44.50 1 1
github.com/felixgeelhaar/verdictsec/internal/domain/finding/location.go:47.30,47.47 1 1
github.com/felixgeelhaar/verdictsec/internal/domain/finding/location.go:50.32,50.51 1 1
github.com/felixgeelhaar/verdictsec/internal/domain/finding/location.go:53.33,53.53 1 1
github.com/felixgeelhaar/verdictsec/internal/domain/finding/location.go:56.35,56.57 1 1
github.com/felixgeelhaar/verdictsec/internal/domain/finding/location.go:59.35,60.18 1 1
github.com/felixgeelhaar/verdictsec/internal/domain/finding/location.go:60.18,62.3 1 1
github.com/felixgeelhaar/verdictsec/internal/domain/finding/location.go:63.2,63.16 1 1
github.com/felixgeelhaar/verdictsec/internal/domain/finding/location.go:63.16,65.3 1 1
github.com/felixgeelhaar/verdictsec/internal/domain/finding/location.go:66.2,66.15 1 1
github.com/felixgeelhaar/verdictsec/internal/domain/finding/location.go:71.38,73.2 1 1
github.com/felixgeelhaar/verdictsec/internal/domain/finding/location.go:76.47,82.2 1 1
github.com/felixgeelhaar/verdictsec/internal/domain/finding/location.go:85.53,89.2 1 1
github.com/felixgeelhaar/verdictsec/internal/domain/finding/location.go:92.33,94.2 1 1
github.com/felixgeelhaar/verdictsec/internal/domain/finding/location.go:97.35,99.2 1 1
github.com/felixgeelhaar/verdictsec/internal/domain/finding/location.go:111.49,119.2 1 1
github.com/felixgeelhaar/verdictsec/internal/domain/finding/location.go:122.53,124.50 2 1
github.com/felixgeelhaar/verdictsec/internal/domain/finding/location.go:124.50,126.3 1 0
github.com/felixgeelhaar/verdictsec/internal/domain/finding/location.go:127.2,128.12 2 1
github.com/felixgeelhaar/verdictsec/internal/domain/finding/reachability.go:33.39,34.42 1 1
github.com/felixgeelhaar/verdictsec/internal/domain/finding/reachability.go:34.42,36.3 1 1
github.com/felixgeelhaar/verdictsec/internal/domain/finding/reachability.go:37.2,37.18 1 1
github.com/felixgeelhaar/verdictsec/internal/domain/finding/reachability.go:42.56,44.48 2 1
github.com/felixgeelhaar/verdictsec/internal/domain/finding/reachability.go:44.48,46.3 1 1
github.com/felixgeelhaar/verdictsec/internal/domain/finding/reachability.go:47.2,47.71 1 1
github.com/felixgeelhaar/verdictsec/internal/domain/finding/reachability.go:51.51,53.16 2 1
github.com/felixgeelhaar/verdictsec/internal/domain/finding/reachability.go:53.16,54.13 1 1
github.com/felixgeelhaar/verdictsec/internal/domain/finding/reachability.go:56.2,56.14 1 1
github.com/felixgeelhaar/verdictsec/internal/domain/finding/reachability.go:60.42,62.2 1 1
github.com/felixgeelhaar/verdictsec/internal/domain/finding/reachability.go:65.45,67.2 1 1
github.com/felixgeelhaar/verdictsec/internal/domain/finding/reachability.go:70.38,72.2 1 1
github.com/felixgeelhaar/verdictsec/internal/domain/finding/reachability.go:75.38,78.2 2 1
github.com/felixgeelhaar/verdictsec/internal/domain/finding/reachability.go:81.53,83.2 1 1
github.com/felixgeelhaar/verdictsec/internal/domain/finding/reachability.go:86.57,88.51 2 1
github.com/felixgeelhaar/verdictsec/internal/domain/finding/reachability.go:88.51,90.3 1 0
github.com/felixgeelhaar/verdictsec/internal/domain/finding/reachability.go:91.2,92.16 2 1
github.com/felixgeelhaar/verdictsec/internal/domain/finding/reachability.go:92.16,94.3 1 0
github.com/felixgeelhaar/verdictsec/internal/domain/finding/reachability.go:95.2,96.12 2 1
github.com/felixgeelhaar/verdictsec/internal/domain/finding/reachability.go:100.58,102.2 1 1
github.com/felixgeelhaar/verdictsec/internal/domain/finding/reachability.go:105.79,107.40 2 1
github.com/felixgeelhaar/verdictsec/internal/domain/finding/reachability.go:107.40,109.3 1 0
github.com/felixgeelhaar/verdictsec/internal/domain/finding/reachability.go:110.2,111.16 2 1
github.com/felixgeelhaar/verdictsec/internal/domain/finding/reachability.go:111.16,113.3 1 1
github.com/felixgeelhaar/verdictsec/internal/domain/finding/reachability.go:114.2,115.12 2 1
github.com/felixgeelhaar/verdictsec/internal/domain/finding/reachability.go:119.41,125.2 1 1
github.com/felixgeelhaar/verdictsec/internal/domain/finding/severity.go:41.35,42.38 1 1
github.com/felixgeelhaar/verdictsec/internal/domain/finding/severity.go:42.38,44.3 1 1
github.com/felixgeelhaar/verdictsec/internal/domain/finding/severity.go:45.2,45.18 1 1
github.com/felixgeelhaar/verdictsec/internal/domain/finding/severity.go:50.48,52.42 2 1
github.com/felixgeelhaar/verdictsec/internal/domain/finding/severity.go:52.42,54.3 1 1
github.com/felixgeelhaar/verdictsec/internal/domain/finding/severity.go:55.2,55.63 1 1
github.com/felixgeelhaar/verdictsec/internal/domain/finding/severity.go:59.43,61.16 2 1
github.com/felixgeelhaar/verdictsec/internal/domain/finding/severity.go:61.16,62.13 1 1
github.com/felixgeelhaar/verdictsec/internal/domain/finding/severity.go:64.2,64.12 1 1
github.com/felixgeelhaar/verdictsec/internal/domain/finding/severity.go:68.50,70.2 1 1
github.com/felixgeelhaar/verdictsec/internal/domain/finding/severity.go:73.53,75.2 1 1
github.com/felixgeelhaar/verdictsec/internal/domain/finding/severity.go:78.34,81.2 2 1
github.com/felixgeelhaar/verdictsec/internal/domain/finding/severity.go:84.49,86.2 1 1
github.com/felixgeelhaar/verdictsec/internal/domain/finding/severity.go:89.53,91.51 2 1
github.com/felixgeelhaar/verdictsec/internal/domain/finding/severity.go:91.51,93.3 1 0
github.com/felixgeelhaar/verdictsec/internal/domain/finding/severity.go:94.2,95.16 2 1
github.com/felixgeelhaar/verdictsec/internal/domain/finding/severity.go:95.16,97.3 1 1
github.com/felixgeelhaar/verdictsec/internal/domain/finding/severity.go:98.2,99.12 2 1
github.com/felixgeelhaar/verdictsec/internal/domain/finding/severity.go:103.54,105.2 1 1
github.com/felixgeelhaar/verdictsec/internal/domain/finding/severity.go:108.75,110.40 2 1
github.com/felixgeelhaar/verdictsec/internal/domain/finding/severity.go:110.40,112.3 1 0
github.com/felixgeelhaar/verdictsec/internal/domain/finding/severity.go:113.2,114.16 2 1
github.com/felixgeelhaar/verdictsec/internal/domain/finding/severity.go:114.16,116.3 1 1
github.com/felixgeelhaar/verdictsec/internal/domain/finding/severity.go:117.2,118.12 2 1
github.com/felixgeelhaar/verdictsec/internal/domain/finding/severity.go:122.33,131.2 1 1
github.com/felixgeelhaar/verdictsec/internal/domain/policy/gating_rule.go:18.38,19.45 1 1
github.com/felixgeelhaar/verdictsec/internal/domain/policy/gating_rule.go:19.45,21.3 1 1
github.com/felixgeelhaar/verdictsec/internal/domain/policy/gating_rule.go:22.2,22.31 1 1
github.com/felixgeelhaar/verdictsec/internal/domain/policy/policy.go:29.29,37.2 1 1
github.com/felixgeelhaar/verdictsec/internal/domain/policy/policy.go:40.53,42.35 2 1
github.com/felixgeelhaar/verdictsec/internal/domain/policy/policy.go:42.35,43.19 1 1
github.com/felixgeelhaar/verdictsec/internal/domain/policy/policy.go:43.19,45.4 1 1
github.com/felixgeelhaar/verdictsec/internal/domain/policy/policy.go:47.2,47.15 1 1
github.com/felixgeelhaar/verdictsec/internal/domain/policy/policy.go:51.54,53.35 2 1
github.com/felixgeelhaar/verdictsec/internal/domain/policy/policy.go:53.35,54.20 1 1
github.com/felixgeelhaar/verdictsec/internal/domain/policy/policy.go:54.20,56.4 1 1
github.com/felixgeelhaar/verdictsec/internal/domain/policy/policy.go:58.2,58.16 1 1
github.com/felixgeelhaar/verdictsec/internal/domain/policy/policy.go:62.56,63.43 1 1
github.com/felixgeelhaar/verdictsec/internal/domain/policy/policy.go:63.43,64.19 1 1
github.com/felixgeelhaar/verdictsec/internal/domain/policy/policy.go:64.19,66.4 1 1
github.com/felixgeelhaar/verdictsec/internal/domain/policy/policy.go:68.2,68.14 1 1
github.com/felixgeelhaar/verdictsec/internal/domain/policy/policy.go:72.66,73.32 1 1
github.com/felixgeelhaar/verdictsec/internal/domain/policy/policy.go:73.32,74.67 1 1
github.com/felixgeelhaar/verdictsec/internal/domain/policy/policy.go:74.67,76.4 1 1
github.com/felixgeelhaar/verdictsec/internal/domain/policy/policy.go:78.2,78.12 1 1
github.com/felixgeelhaar/verdictsec/internal/domain/policy/policy.go:83.59,84.37 1 1
github.com/felixgeelhaar/verdictsec/internal/domain/policy/policy.go:84.37,85.24 1 1
github.com/felixgeelhaar/verdictsec/internal/domain/policy/policy.go:85.24,87.4 1 1
github.com/felixgeelhaar/verdictsec/internal/domain/policy/policy.go:89.2,89.20 1 1
github.com/felixgeelhaar/verdictsec/internal/domain/policy/policy.go:93.54,94.37 1 1
github.com/felixgeelhaar/verdictsec/internal/domain/policy/policy.go:94.37,96.3 1 1
github.com/felixgeelhaar/verdictsec/internal/domain/policy/policy.go:97.2,98.12 2 1
github.com/felixgeelhaar/verdictsec/internal/domain/policy/policy.go:102.69,103.35 1 1
github.com/felixgeelhaar/verdictsec/internal/domain/policy/policy.go:103.35,105.41 1 1
github.com/felixgeelhaar/verdictsec/internal/domain/policy/policy.go:105.41,108.4 2 1
github.com/felixgeelhaar/verdictsec/internal/domain/policy/policy.go:110.2,110.14 1 1
github.com/felixgeelhaar/verdictsec/internal/domain/policy/policy.go:114.39,117.35 3 1
github.com/felixgeelhaar/verdictsec/internal/domain/policy/policy.go:117.35,118.19 1 1
github.com/felixgeelhaar/verdictsec/internal/domain/policy/policy.go:118.19,120.4 1 1
github.com/felixgeelhaar/verdictsec/internal/domain/policy/policy.go:120.9,122.4 1 1
github.com/felixgeelhaar/verdictsec/internal/domain/policy/policy.go:124.2,125.21 2 1
github.com/felixgeelhaar/verdictsec/internal/domain/policy/policy.go:129.35,130.47 1 1
github.com/felixgeelhaar/verdictsec/internal/domain/policy/policy.go:130.47,132.3 1 0
github.com/felixgeelhaar/verdictsec/internal/domain/policy/policy.go:134.2,134.35 1 1
github.com/felixgeelhaar/verdictsec/internal/domain/policy/policy.go:134.35,135.38 1 0
github.com/felixgeelhaar/verdictsec/internal/domain/policy/policy.go:135.38,137.4 1 0
github.com/felixgeelhaar/verdictsec/internal/domain/policy/policy.go:140.2,140.34 1 1
github.com/felixgeelhaar/verdictsec/internal/domain/policy/policy.go:140.34,141.38 1 0
github.com/felixgeelhaar/verdictsec/internal/domain/policy/policy.go:141.38,143.4 1 0
github.com/felixgeelhaar/verdictsec/internal/domain/policy/policy.go:146.2,148.37 1 1
github.com/felixgeelhaar/verdictsec/internal/domain/policy/policy.go:148.37,150.3 1 1
github.com/felixgeelhaar/verdictsec/internal/domain/policy/policy.go:152.2,152.12 1 1
github.com/felixgeelhaar/verdictsec/internal/domain/policy/policy.go:156.41,158.2 1 1
github.com/felixgeelhaar/verdictsec/internal/domain/policy/policy.go:161.47,163.2 1 1
github.com/felixgeelhaar/verdictsec/internal/domain/policy/suppression.go:21.98,30.2 1 1
github.com/felixgeelhaar/verdictsec/internal/domain/policy/suppression.go:33.40,35.2 1 1
github.com/felixgeelhaar/verdictsec/internal/domain/policy/suppression.go:38.39,40.2 1 1
github.com/felixgeelhaar/verdictsec/internal/domain/policy/suppression.go:43.56,44.69 1 1
github.com/felixgeelhaar/verdictsec/internal/domain/policy/suppression.go:44.69,46.3 1 1
github.com/felixgeelhaar/verdictsec/internal/domain/policy/suppression.go:47.2,47.46 1 1
github.com/felixgeelhaar/verdictsec/internal/domain/policy/suppression.go:47.46,49.3 1 1
github.com/felixgeelhaar/verdictsec/internal/domain/policy/suppression.go:50.2,50.14 1 1
github.com/felixgeelhaar/verdictsec/internal/domain/policy/suppression.go:55.45,56.19 1 1
github.com/felixgeelhaar/verdictsec/internal/domain/policy/suppression.go:56.19,58.3 1 1
github.com/felixgeelhaar/verdictsec/internal/domain/policy/suppression.go:59.2,60.35 2 1
github.com/felixgeelhaar/verdictsec/internal/domain/policy/suppression.go:64.40,65.20 1 1
github.com/felixgeelhaar/verdictsec/internal/domain/policy/suppression.go:65.20,67.3 1 1
github.com/felixgeelhaar/verdictsec/internal/domain/policy/suppression.go:68.2,68.19 1 1
github.com/felixgeelhaar/verdictsec/internal/domain/policy/suppression.go:68.19,70.3 1 1
github.com/felixgeelhaar/verdictsec/internal/domain/policy/suppression.go:71.2,71.26 1 1
github.com/felixgeelhaar/verdictsec/internal/domain/policy/suppression.go:71.26,73.3 1 1
github.com/felixgeelhaar/verdictsec/internal/domain/policy/suppression.go:74.2,74.43 1 1
github.com/felixgeelhaar/verdictsec/internal/domain/policy/suppression.go:74.43,76.3 1 1
github.com/felixgeelhaar/verdictsec/internal/domain/policy/suppression.go:77.2,77.12 1 1
github.com/felixgeelhaar/verdictsec/internal/domain/policy/suppression.go:86.42,88.2 1 1
github.com/felixgeelhaar/verdictsec/internal/domain/policy/threshold.go:14.35,19.2 1 1
github.com/felixgeelhaar/verdictsec/internal/domain/policy/threshold.go:22.63,24.2 1 1
github.com/felixgeelhaar/verdictsec/internal/domain/policy/threshold.go:27.63,29.2 1 1
github.com/felixgeelhaar/verdictsec/internal/domain/policy/threshold.go:32.37,33.25 1 1
github.com/felixgeelhaar/verdictsec/internal/domain/policy/threshold.go:33.25,35.3 1 1
github.com/felixgeelhaar/verdictsec/internal/domain/policy/threshold.go:36.2,36.25 1 1
github.com/felixgeelhaar/verdictsec/internal/domain/policy/threshold.go:36.25,38.3 1 1
github.com/felixgeelhaar/verdictsec/internal/domain/policy/threshold.go:39.2,39.37 1 1
github.com/felixgeelhaar/verdictsec/internal/domain/policy/threshold.go:39.37,41.3 1 1
github.com/felixgeelhaar/verdictsec/internal/domain/policy/threshold.go:42.2,42.12 1 1
github.com/felixgeelhaar/verdictsec/internal/domain/sbom/component.go:20.57,26.2 1 1
github.com/felixgeelhaar/verdictsec/internal/domain/sbom/component.go:29.85,38.2 1 1
github.com/felixgeelhaar/verdictsec/internal/domain/sbom/component.go:41.34,41.51 1 1
github.com/felixgeelhaar/verdictsec/internal/domain/sbom/component.go:44.37,44.57 1 1
github.com/felixgeelhaar/verdictsec/internal/domain/sbom/component.go:47.34,47.51 1 1
github.com/felixgeelhaar/verdictsec/internal/domain/sbom/component.go:50.37,50.57 1 1
github.com/felixgeelhaar/verdictsec/internal/domain/sbom/component.go:53.38,53.59 1 1
github.com/felixgeelhaar/verdictsec/internal/domain/sbom/component.go:56.34,56.50 1 1
github.com/felixgeelhaar/verdictsec/internal/domain/sbom/component.go:60.33,61.18 1 1
github.com/felixgeelhaar/verdictsec/internal/domain/sbom/component.go:61.18,63.3 1 1
github.com/felixgeelhaar/verdictsec/internal/domain/sbom/component.go:64.2,64.15 1 1
github.com/felixgeelhaar/verdictsec/internal/domain/sbom/component.go:69.47,70.18 1 1
github.com/felixgeelhaar/verdictsec/internal/domain/sbom/component.go:70.18,72.55 1 1
github.com/felixgeelhaar/verdictsec/internal/domain/sbom/component.go:72.55,74.4 1 1
github.com/felixgeelhaar/verdictsec/internal/domain/sbom/component.go:75.3,75.16 1 0
github.com/felixgeelhaar/verdictsec/internal/domain/sbom/component.go:77.2,77.15 1 1
github.com/felixgeelhaar/verdictsec/internal/domain/sbom/component.go:81.36,82.21 1 1
github.com/felixgeelhaar/verdictsec/internal/domain/sbom/component.go:82.21,84.3 1 1
github.com/felixgeelhaar/verdictsec/internal/domain/sbom/component.go:85.2,85.15 1 0
github.com/felixgeelhaar/verdictsec/internal/domain/sbom/component.go:89.48,94.2 1 0
github.com/felixgeelhaar/verdictsec/internal/domain/sbom/component.go:110.58,111.22 1 1
github.com/felixgeelhaar/verdictsec/internal/domain/sbom/component.go:111.22,113.3 1 1
github.com/felixgeelhaar/verdictsec/internal/domain/sbom/component.go:116.2,123.46 5 1
github.com/felixgeelhaar/verdictsec/internal/domain/sbom/component.go:123.46,125.3 1 0
github.com/felixgeelhaar/verdictsec/internal/domain/sbom/component.go:128.2,128.46 1 1
github.com/felixgeelhaar/verdictsec/internal/domain/sbom/component.go:128.46,129.33 1 1
github.com/felixgeelhaar/verdictsec/internal/domain/sbom/component.go:129.33,131.4 1 1
github.com/felixgeelhaar/verdictsec/internal/domain/sbom/component.go:135.2,135.46 1 1
github.com/felixgeelhaar/verdictsec/internal/domain/sbom/component.go:135.46,136.33 1 1
github.com/felixgeelhaar/verdictsec/internal/domain/sbom/component.go:136.33,138.4 1 1
github.com/felixgeelhaar/verdictsec/internal/domain/sbom/component.go:142.2,142.46 1 1
github.com/felixgeelhaar/verdictsec/internal/domain/sbom/component.go:142.46,143.33 1 1
github.com/felixgeelhaar/verdictsec/internal/domain/sbom/component.go:143.33,145.4 1 1
github.com/felixgeelhaar/verdictsec/internal/domain/sbom/component.go:149.2,149.21 1 0
github.com/felixgeelhaar/verdictsec/internal/domain/sbom/format.go:15.33,17.2 1 1
github.com/felixgeelhaar/verdictsec/internal/domain/sbom/format.go:20.32,21.11 1 0
github.com/felixgeelhaar/verdictsec/internal/domain/sbom/format.go:22.47,23.14 1 0
github.com/felixgeelhaar/verdictsec/internal/domain/sbom/format.go:24.10,25.15 1 0
github.com/felixgeelhaar/verdictsec/internal/domain/sbom/format.go:30.35,31.11 1 0
github.com/felixgeelhaar/verdictsec/internal/domain/sbom/format.go:32.45,33.25 1 0
github.com/felixgeelhaar/verdictsec/internal/domain/sbom/format.go:34.30,35.20 1 0
github.com/felixgeelhaar/verdictsec/internal/domain/sbom/format.go:36.30,37.20 1 0
github.com/felixgeelhaar/verdictsec/internal/domain/sbom/format.go:38.10,39.23 1 0
github.com/felixgeelhaar/verdictsec/internal/domain/sbom/sbom.go:20.74,27.2 1 1
github.com/felixgeelhaar/verdictsec/internal/domain/sbom/sbom.go:36.9,46.2 1 1
github.com/felixgeelhaar/verdictsec/internal/domain/sbom/sbom.go:49.32,49.51 1 1
github.com/felixgeelhaar/verdictsec/internal/domain/sbom/sbom.go:52.32,52.51 1 1
github.com/felixgeelhaar/verdictsec/internal/domain/sbom/sbom.go:55.36,55.59 1 1
github.com/felixgeelhaar/verdictsec/internal/domain/sbom/sbom.go:58.41,58.64 1 1
github.com/felixgeelhaar/verdictsec/internal/domain/sbom/sbom.go:61.37,61.65 1 1
github.com/felixgeelhaar/verdictsec/internal/domain/sbom/sbom.go:64.38,64.60 1 1
github.com/felixgeelhaar/verdictsec/internal/domain/sbom/sbom.go:67.34,67.55 1 1
github.com/felixgeelhaar/verdictsec/internal/domain/sbom/sbom.go:70.37,70.57 1 1
github.com/felixgeelhaar/verdictsec/internal/domain/sbom/sbom.go:73.61,74.33 1 0
github.com/felixgeelhaar/verdictsec/internal/domain/sbom/sbom.go:74.33,75.21 1 0
github.com/felixgeelhaar/verdictsec/internal/domain/sbom/sbom.go:75.21,77.4 1 0
github.com/felixgeelhaar/verdictsec/internal/domain/sbom/sbom.go:79.2,79.27 1 0
github.com/felixgeelhaar/verdictsec/internal/domain/sbom/sbom.go:83.62,85.33 2 0
github.com/felixgeelhaar/verdictsec/internal/domain/sbom/sbom.go:85.33,86.27 1 0
github.com/felixgeelhaar/verdictsec/internal/domain/sbom/sbom.go:86.27,88.4 1 0
github.com/felixgeelhaar/verdictsec/internal/domain/sbom/sbom.go:90.2,90.15 1 0
github.com/felixgeelhaar/verdictsec/internal/domain/sbom/sbom.go:94.57,96.33 2 0
github.com/felixgeelhaar/verdictsec/internal/domain/sbom/sbom.go:96.33,97.22 1 0
github.com/felixgeelhaar/verdictsec/internal/domain/sbom/sbom.go:97.22,99.4 1 0
github.com/felixgeelhaar/verdictsec/internal/domain/sbom/sbom.go:101.2,101.15 1 0
github.com/felixgeelhaar/verdictsec/internal/domain/sbom/sbom.go:105.36,108.33 3 0
github.com/felixgeelhaar/verdictsec/internal/domain/sbom/sbom.go:108.33,109.46 1 0
github.com/felixgeelhaar/verdictsec/internal/domain/sbom/sbom.go:109.46,112.4 2 0
github.com/felixgeelhaar/verdictsec/internal/domain/sbom/sbom.go:114.2,114.15 1 0
github.com/felixgeelhaar/verdictsec/internal/domain/sbom/sbom.go:118.37,121.33 3 0
github.com/felixgeelhaar/verdictsec/internal/domain/sbom/sbom.go:121.33,122.48 1 0
github.com/felixgeelhaar/verdictsec/internal/domain/sbom/sbom.go:122.48,125.4 2 0
github.com/felixgeelhaar/verdictsec/internal/domain/sbom/sbom.go:127.2,127.15 1 0
github.com/felixgeelhaar/verdictsec/internal/domain/sbom/sbom.go:132.52,134.33 2 1
github.com/felixgeelhaar/verdictsec/internal/domain/sbom/sbom.go:134.33,136.3 1 1
github.com/felixgeelhaar/verdictsec/internal/domain/sbom/sbom.go:137.2,137.15 1 1
github.com/felixgeelhaar/verdictsec/internal/domain/services/diff.go:20.36,22.2 1 1
github.com/felixgeelhaar/verdictsec/internal/domain/services/diff.go:29.14,36.17 2 1
github.com/felixgeelhaar/verdictsec/internal/domain/services/diff.go:36.17,40.3 2 1
github.com/felixgeelhaar/verdictsec/internal/domain/services/diff.go:43.2,45.28 2 1
github.com/felixgeelhaar/verdictsec/internal/domain/services/diff.go:45.28,47.35 2 1
github.com/felixgeelhaar/verdictsec/internal/domain/services/diff.go:47.35,50.4 2 1
github.com/felixgeelhaar/verdictsec/internal/domain/services/diff.go:50.9,52.4 1 1
github.com/felixgeelhaar/verdictsec/internal/domain/services/diff.go:56.2,56.41 1 1
github.com/felixgeelhaar/verdictsec/internal/domain/services/diff.go:56.41,57.16 1 1
github.com/felixgeelhaar/verdictsec/internal/domain/services/diff.go:57.16,59.4 1 1
github.com/felixgeelhaar/verdictsec/internal/domain/services/diff.go:62.2,62.15 1 1
github.com/felixgeelhaar/verdictsec/internal/domain/services/diff.go:73.39,79.2 1 1
github.com/felixgeelhaar/verdictsec/internal/domain/services/diff.go:82.35,84.2 1 1
github.com/felixgeelhaar/verdictsec/internal/domain/services/diff.go:87.40,89.2 1 1
github.com/felixgeelhaar/verdictsec/internal/domain/services/diff.go:92.40,94.2 1 1
github.com/felixgeelhaar/verdictsec/internal/domain/services/diff.go:97.84,99.26 2 1
github.com/felixgeelhaar/verdictsec/internal/domain/services/diff.go:99.26,100.51 1 1
github.com/felixgeelhaar/verdictsec/internal/domain/services/diff.go:100.51,102.4 1 1
github.com/felixgeelhaar/verdictsec/internal/domain/services/diff.go:104.2,104.15 1 1
github.com/felixgeelhaar/verdictsec/internal/domain/services/diff.go:108.73,110.26 2 1
github.com/felixgeelhaar/verdictsec/internal/domain/services/diff.go:110.26,111.20 1 1
github.com/felixgeelhaar/verdictsec/internal/domain/services/diff.go:111.20,113.4 1 1
github.com/felixgeelhaar/verdictsec/internal/domain/services/diff.go:115.2,115.15 1 1
github.com/felixgeelhaar/verdictsec/internal/domain/services/policy_eval.go:26.60,28.2 1 1
github.com/felixgeelhaar/verdictsec/internal/domain/services/policy_eval.go:37.20,46.24 2 1
github.com/felixgeelhaar/verdictsec/internal/domain/services/policy_eval.go:46.24,49.3 2 1
github.com/felixgeelhaar/verdictsec/internal/domain/services/policy_eval.go:51.2,53.29 2 1
github.com/felixgeelhaar/verdictsec/internal/domain/services/policy_eval.go:53.29,55.26 1 1
github.com/felixgeelhaar/verdictsec/internal/domain/services/policy_eval.go:55.26,57.12 2 1
github.com/felixgeelhaar/verdictsec/internal/domain/services/policy_eval.go:61.3,62.18 2 1
github.com/felixgeelhaar/verdictsec/internal/domain/services/policy_eval.go:62.18,66.53 2 1
github.com/felixgeelhaar/verdictsec/internal/domain/services/policy_eval.go:66.53,67.13 1 1
github.com/felixgeelhaar/verdictsec/internal/domain/services/policy_eval.go:69.9,71.4 1 1
github.com/felixgeelhaar/verdictsec/internal/domain/services/policy_eval.go:74.3,76.37 2 1
github.com/felixgeelhaar/verdictsec/internal/domain/services/policy_eval.go:76.37,79.19 3 1
github.com/felixgeelhaar/verdictsec/internal/domain/services/policy_eval.go:79.19,81.5 1 1
github.com/felixgeelhaar/verdictsec/internal/domain/services/policy_eval.go:82.4,87.24 1 1
github.com/felixgeelhaar/verdictsec/internal/domain/services/policy_eval.go:88.9,88.44 1 1
github.com/felixgeelhaar/verdictsec/internal/domain/services/policy_eval.go:88.44,89.49 1 1
github.com/felixgeelhaar/verdictsec/internal/domain/services/policy_eval.go:89.49,91.5 1 1
github.com/felixgeelhaar/verdictsec/internal/domain/services/policy_eval.go:92.4,93.19 2 1
github.com/felixgeelhaar/verdictsec/internal/domain/services/policy_eval.go:93.19,95.5 1 0
github.com/felixgeelhaar/verdictsec/internal/domain/services/policy_eval.go:96.4,101.24 1 1
github.com/felixgeelhaar/verdictsec/internal/domain/services/policy_eval.go:106.2,106.69 1 1
github.com/felixgeelhaar/verdictsec/internal/domain/services/policy_eval.go:106.69,109.3 1 1
github.com/felixgeelhaar/verdictsec/internal/domain/services/policy_eval.go:111.2,111.15 1 1
github.com/felixgeelhaar/verdictsec/internal/domain/services/policy_eval.go:120.39,132.39 3 1
github.com/felixgeelhaar/verdictsec/internal/domain/services/policy_eval.go:132.39,134.3 1 1
github.com/felixgeelhaar/verdictsec/internal/domain/services/policy_eval.go:135.2,135.36 1 1
github.com/felixgeelhaar/verdictsec/internal/domain/services/policy_eval.go:135.36,137.3 1 0
github.com/felixgeelhaar/verdictsec/internal/domain/services/policy_eval.go:139.2,139.22 1 1
github.com/felixgeelhaar/verdictsec/internal/domain/services/policy_eval.go:152.46,154.2 1 1
github.com/felixgeelhaar/verdictsec/internal/domain/services/policy_eval.go:157.42,159.2 1 1
github.com/felixgeelhaar/verdictsec/internal/domain/services/policy_eval.go:162.44,164.2 1 1
github.com/felixgeelhaar/verdictsec/internal/domain/services/policy_eval.go:167.41,169.2 1 1
github.com/felixgeelhaar/verdictsec/internal/domain/services/sbom_diff.go:30.44,32.2 1 1
github.com/felixgeelhaar/verdictsec/internal/domain/services/sbom_diff.go:36.72,46.34 2 1
github.com/felixgeelhaar/verdictsec/internal/domain/services/sbom_diff.go:46.34,47.35 1 1
github.com/felixgeelhaar/verdictsec/internal/domain/services/sbom_diff.go:47.35,49.4 1 1
github.com/felixgeelhaar/verdictsec/internal/domain/services/sbom_diff.go:49.9,49.42 1 1
github.com/felixgeelhaar/verdictsec/internal/domain/services/sbom_diff.go:49.42,51.4 1 1
github.com/felixgeelhaar/verdictsec/internal/domain/services/sbom_diff.go:52.3,52.16 1 1
github.com/felixgeelhaar/verdictsec/internal/domain/services/sbom_diff.go:56.2,60.41 3 1
github.com/felixgeelhaar/verdictsec/internal/domain/services/sbom_diff.go:60.41,62.14 2 1
github.com/felixgeelhaar/verdictsec/internal/domain/services/sbom_diff.go:62.14,64.4 1 1
github.com/felixgeelhaar/verdictsec/internal/domain/services/sbom_diff.go:64.9,69.63 3 1
github.com/felixgeelhaar/verdictsec/internal/domain/services/sbom_diff.go:69.63,76.5 1 1
github.com/felixgeelhaar/verdictsec/internal/domain/services/sbom_diff.go:76.10,78.5 1 1
github.com/felixgeelhaar/verdictsec/internal/domain/services/sbom_diff.go:83.2,83.37 1 1
github.com/felixgeelhaar/verdictsec/internal/domain/services/sbom_diff.go:83.37,84.43 1 1
github.com/felixgeelhaar/verdictsec/internal/domain/services/sbom_diff.go:84.43,86.4 1 1
github.com/felixgeelhaar/verdictsec/internal/domain/services/sbom_diff.go:89.2,89.15 1 1
github.com/felixgeelhaar/verdictsec/internal/domain/services/sbom_diff.go:110.47,118.34 2 1
github.com/felixgeelhaar/verdictsec/internal/domain/services/sbom_diff.go:118.34,119.29 1 1
github.com/felixgeelhaar/verdictsec/internal/domain/services/sbom_diff.go:120.26,121.24 1 1
github.com/felixgeelhaar/verdictsec/internal/domain/services/sbom_diff.go:122.26,123.24 1 1
github.com/felixgeelhaar/verdictsec/internal/domain/services/sbom_diff.go:124.26,125.24 1 1
github.com/felixgeelhaar/verdictsec/internal/domain/services/sbom_diff.go:126.26,127.24 1 0
github.com/felixgeelhaar/verdictsec/internal/domain/services/sbom_diff.go:130.3,130.25 1 1
github.com/felixgeelhaar/verdictsec/internal/domain/services/sbom_diff.go:130.25,132.4 1 0
github.com/felixgeelhaar/verdictsec/internal/domain/services/sbom_diff.go:135.2,135.14 1 1
github.com/felixgeelhaar/verdictsec/internal/domain/services/sbom_diff.go:139.43,141.2 1 1
github.com/felixgeelhaar/verdictsec/internal/domain/services/sbom_diff.go:144.41,145.19 1 1
github.com/felixgeelhaar/verdictsec/internal/domain/services/sbom_diff.go:145.19,147.3 1 1
github.com/felixgeelhaar/verdictsec/internal/domain/services/sbom_diff.go:148.2,148.32 1 1
github.com/felixgeelhaar/verdictsec/internal/domain/services/sbom_diff.go:152.43,153.21 1 1
github.com/felixgeelhaar/verdictsec/internal/domain/services/sbom_diff.go:153.21,155.3 1 1
github.com/felixgeelhaar/verdictsec/internal/domain/services/sbom_diff.go:156.2,156.34 1 1
github.com/felixgeelhaar/verdictsec/internal/domain/services/sbom_diff.go:160.63,162.31 2 0
github.com/felixgeelhaar/verdictsec/internal/domain/services/sbom_diff.go:162.31,163.43 1 0
github.com/felixgeelhaar/verdictsec/internal/domain/services/sbom_diff.go:163.43,165.4 1 0
github.com/felixgeelhaar/verdictsec/internal/domain/services/sbom_diff.go:167.2,167.15 1 0
github.com/felixgeelhaar/verdictsec/internal/domain/services/sbom_diff.go:171.62,173.31 2 0
github.com/felixgeelhaar/verdictsec/internal/domain/services/sbom_diff.go:173.31,174.22 1 0
github.com/felixgeelhaar/verdictsec/internal/domain/services/sbom_diff.go:174.22,176.4 1 0
github.com/felixgeelhaar/verdictsec/internal/domain/services/sbom_diff.go:178.2,178.15 1 0
github.com/felixgeelhaar/verdictsec/internal/domain/services/truncation.go:50.48,52.2 1 1
github.com/felixgeelhaar/verdictsec/internal/domain/services/truncation.go:56.106,61.29 3 1
github.com/felixgeelhaar/verdictsec/internal/domain/services/truncation.go:61.29,63.3 1 1
github.com/felixgeelhaar/verdictsec/internal/domain/services/truncation.go:66.2,66.59 1 1
github.com/felixgeelhaar/verdictsec/internal/domain/services/truncation.go:66.59,77.3 1 1
github.com/felixgeelhaar/verdictsec/internal/domain/services/truncation.go:80.2,87.30 4 1
github.com/felixgeelhaar/verdictsec/internal/domain/services/truncation.go:87.30,89.3 1 1
github.com/felixgeelhaar/verdictsec/internal/domain/services/truncation.go:91.2,92.37 2 1
github.com/felixgeelhaar/verdictsec/internal/domain/services/truncation.go:92.37,94.17 2 1
github.com/felixgeelhaar/verdictsec/internal/domain/services/truncation.go:94.17,96.4 1 1
github.com/felixgeelhaar/verdictsec/internal/domain/services/truncation.go:99.2,108.3 1 1
github.com/felixgeelhaar/verdictsec/internal/domain/services/truncation.go:112.117,117.18 3 1
github.com/felixgeelhaar/verdictsec/internal/domain/services/truncation.go:118.24,120.48 1 1
github.com/felixgeelhaar/verdictsec/internal/domain/services/truncation.go:120.48,122.4 1 1
github.com/felixgeelhaar/verdictsec/internal/domain/services/truncation.go:123.22,125.48 1 1
github.com/felixgeelhaar/verdictsec/internal/domain/services/truncation.go:125.48,127.4 1 1
github.com/felixgeelhaar/verdictsec/internal/domain/services/truncation.go:128.22,130.48 1 1
github.com/felixgeelhaar/verdictsec/internal/domain/services/truncation.go:130.48,132.4 1 1
github.com/felixgeelhaar/verdictsec/internal/domain/services/truncation.go:133.10,135.48 1 1
github.com/felixgeelhaar/verdictsec/internal/domain/services/truncation.go:135.48,137.4 1 1
github.com/felixgeelhaar/verdictsec/internal/domain/services/truncation.go:140.2,140.15 1 1
github.com/felixgeelhaar/verdictsec/internal/infrastructure/baseline/store.go:21.24,25.2 1 1
github.com/felixgeelhaar/verdictsec/internal/infrastructure/baseline/store.go:28.43,32.2 1 1
github.com/felixgeelhaar/verdictsec/internal/infrastructure/baseline/store.go:63.58,65.2 1 1
github.com/felixgeelhaar/verdictsec/internal/infrastructure/baseline/store.go:68.77,71.16 2 1
github.com/felixgeelhaar/verdictsec/internal/infrastructure/baseline/store.go:71.16,73.3 1 1
github.com/felixgeelhaar/verdictsec/internal/infrastructure/baseline/store.go:75.2,76.16 2 1
github.com/felixgeelhaar/verdictsec/internal/infrastructure/baseline/store.go:76.16,77.25 1 1
github.com/felixgeelhaar/verdictsec/internal/infrastructure/baseline/store.go:77.25,80.4 1 1
github.com/felixgeelhaar/verdictsec/internal/infrastructure/baseline/store.go:81.3,81.66 1 0
github.com/felixgeelhaar/verdictsec/internal/infrastructure/baseline/store.go:84.2,84.30 1 1
github.com/felixgeelhaar/verdictsec/internal/infrastructure/baseline/store.go:88.78,89.20 1 1
github.com/felixgeelhaar/verdictsec/internal/infrastructure/baseline/store.go:89.20,91.3 1 1
github.com/felixgeelhaar/verdictsec/internal/infrastructure/baseline/store.go:93.2,94.52 2 1
github.com/felixgeelhaar/verdictsec/internal/infrastructure/baseline/store.go:94.52,96.3 1 1
github.com/felixgeelhaar/verdictsec/internal/infrastructure/baseline/store.go:99.2,103.42 3 1
github.com/felixgeelhaar/verdictsec/internal/infrastructure/baseline/store.go:103.42,111.3 1 1
github.com/felixgeelhaar/verdictsec/internal/infrastructure/baseline/store.go:113.2,113.22 1 1
github.com/felixgeelhaar/verdictsec/internal/infrastructure/baseline/store.go:117.63,119.2 1 1
github.com/felixgeelhaar/verdictsec/internal/infrastructure/baseline/store.go:122.82,126.16 3 1
github.com/felixgeelhaar/verdictsec/internal/infrastructure/baseline/store.go:126.16,128.3 1 0
github.com/felixgeelhaar/verdictsec/internal/infrastructure/baseline/store.go:131.2,132.47 2 1
github.com/felixgeelhaar/verdictsec/internal/infrastructure/baseline/store.go:132.47,134.3 1 0
github.com/felixgeelhaar/verdictsec/internal/infrastructure/baseline/store.go:136.2,136.55 1 1
github.com/felixgeelhaar/verdictsec/internal/infrastructure/baseline/store.go:136.55,138.3 1 0
github.com/felixgeelhaar/verdictsec/internal/infrastructure/baseline/store.go:140.2,140.12 1 1
github.com/felixgeelhaar/verdictsec/internal/infrastructure/baseline/store.go:144.102,146.2 1 1
github.com/felixgeelhaar/verdictsec/internal/infrastructure/baseline/store.go:149.121,153.16 3 1
github.com/felixgeelhaar/verdictsec/internal/infrastructure/baseline/store.go:153.16,155.3 1 0
github.com/felixgeelhaar/verdictsec/internal/infrastructure/baseline/store.go:158.2,159.47 2 1
github.com/felixgeelhaar/verdictsec/internal/infrastructure/baseline/store.go:159.47,161.3 1 0
github.com/felixgeelhaar/verdictsec/internal/infrastructure/baseline/store.go:163.2,163.55 1 1
github.com/felixgeelhaar/verdictsec/internal/infrastructure/baseline/store.go:163.55,165.3 1 0
github.com/felixgeelhaar/verdictsec/internal/infrastructure/baseline/store.go:167.2,167.12 1 1
github.com/felixgeelhaar/verdictsec/internal/infrastructure/baseline/store.go:180.81,189.41 3 1
github.com/felixgeelhaar/verdictsec/internal/infrastructure/baseline/store.go:189.41,198.3 1 1
github.com/felixgeelhaar/verdictsec/internal/infrastructure/baseline/store.go:200.2,200.13 1 1
github.com/felixgeelhaar/verdictsec/internal/infrastructure/baseline/store.go:204.120,219.41 3 1
github.com/felixgeelhaar/verdictsec/internal/infrastructure/baseline/store.go:219.41,221.46 2 1
github.com/felixgeelhaar/verdictsec/internal/infrastructure/baseline/store.go:221.46,223.4 1 1
github.com/felixgeelhaar/verdictsec/internal/infrastructure/baseline/store.go:224.3,231.5 1 1
github.com/felixgeelhaar/verdictsec/internal/infrastructure/baseline/store.go:234.2,234.13 1 1
github.com/felixgeelhaar/verdictsec/internal/infrastructure/baseline/store.go:238.31,240.2 1 1
[...]
github.com/felixgeelhaar/verdictsec/cmd/verdict/baseline.go:209.16,211.3 1 1
github.com/felixgeelhaar/verdictsec/cmd/verdict/baseline.go:214.2,218.18 3 1
github.com/felixgeelhaar/verdictsec/cmd/verdict/baseline.go:218.18,220.3 1 0
github.com/felixgeelhaar/verdictsec/cmd/verdict/baseline.go:223.2,225.16 3 1
github.com/felixgeelhaar/verdictsec/cmd/verdict/baseline.go:225.16,227.3 1 0
github.com/felixgeelhaar/verdictsec/cmd/verdict/baseline.go:229.2,240.31 6 1
github.com/felixgeelhaar/verdictsec/cmd/verdict/baseline.go:240.31,242.3 1 1
github.com/felixgeelhaar/verdictsec/cmd/verdict/baseline.go:243.2,243.37 1 1
github.com/felixgeelhaar/verdictsec/cmd/verdict/baseline.go:243.37,245.3 1 1
github.com/felixgeelhaar/verdictsec/cmd/verdict/baseline.go:246.2,246.34 1 1
github.com/felixgeelhaar/verdictsec/cmd/verdict/baseline.go:246.34,248.3 1 1
github.com/felixgeelhaar/verdictsec/cmd/verdict/baseline.go:251.2,261.16 3 1
github.com/felixgeelhaar/verdictsec/cmd/verdict/baseline.go:261.16,263.3 1 1
github.com/felixgeelhaar/verdictsec/cmd/verdict/baseline.go:266.2,277.16 4 1
github.com/felixgeelhaar/verdictsec/cmd/verdict/baseline.go:277.16,279.3 1 1
github.com/felixgeelhaar/verdictsec/cmd/verdict/baseline.go:281.2,282.30 2 0
github.com/felixgeelhaar/verdictsec/cmd/verdict/baseline.go:282.30,284.3 1 0
github.com/felixgeelhaar/verdictsec/cmd/verdict/baseline.go:285.2,287.12 2 0
github.com/felixgeelhaar/verdictsec/cmd/verdict/ci.go:39.13,41.2 1 1
github.com/felixgeelhaar/verdictsec/cmd/verdict/ci.go:43.53,51.12 5 1
github.com/felixgeelhaar/verdictsec/cmd/verdict/ci.go:51.12,54.3 2 1
github.com/felixgeelhaar/verdictsec/cmd/verdict/ci.go:57.2,58.16 2 1
github.com/felixgeelhaar/verdictsec/cmd/verdict/ci.go:58.16,60.3 1 1
github.com/felixgeelhaar/verdictsec/cmd/verdict/ci.go:63.2,67.16 3 1
github.com/felixgeelhaar/verdictsec/cmd/verdict/ci.go:67.16,69.3 1 1
github.com/felixgeelhaar/verdictsec/cmd/verdict/ci.go:72.2,91.31 9 1
github.com/felixgeelhaar/verdictsec/cmd/verdict/ci.go:91.31,93.3 1 1
github.com/felixgeelhaar/verdictsec/cmd/verdict/ci.go:94.2,94.37 1 1
github.com/felixgeelhaar/verdictsec/cmd/verdict/ci.go:94.37,96.3 1 1
github.com/felixgeelhaar/verdictsec/cmd/verdict/ci.go:97.2,97.34 1 1
github.com/felixgeelhaar/verdictsec/cmd/verdict/ci.go:97.34,99.3 1 1
github.com/felixgeelhaar/verdictsec/cmd/verdict/ci.go:100.2,100.35 1 1
github.com/felixgeelhaar/verdictsec/cmd/verdict/ci.go:100.35,102.3 1 1
github.com/felixgeelhaar/verdictsec/cmd/verdict/ci.go:104.2,117.16 4 1
github.com/felixgeelhaar/verdictsec/cmd/verdict/ci.go:117.16,119.3 1 1
github.com/felixgeelhaar/verdictsec/cmd/verdict/ci.go:122.2,123.29 2 1
github.com/felixgeelhaar/verdictsec/cmd/verdict/ci.go:123.29,126.17 3 1
github.com/felixgeelhaar/verdictsec/cmd/verdict/ci.go:126.17,129.4 2 0
github.com/felixgeelhaar/verdictsec/cmd/verdict/ci.go:129.9,131.4 1 1
github.com/felixgeelhaar/verdictsec/cmd/verdict/ci.go:132.8,134.3 1 0
github.com/felixgeelhaar/verdictsec/cmd/verdict/ci.go:137.2,152.89 5 1
github.com/felixgeelhaar/verdictsec/cmd/verdict/ci.go:152.89,154.3 1 0
github.com/felixgeelhaar/verdictsec/cmd/verdict/ci.go:157.2,159.30 2 1
github.com/felixgeelhaar/verdictsec/cmd/verdict/ci.go:159.30,161.3 1 0
github.com/felixgeelhaar/verdictsec/cmd/verdict/ci.go:163.2,163.12 1 1
github.com/felixgeelhaar/verdictsec/cmd/verdict/engines.go:31.54,33.3 1 1
github.com/felixgeelhaar/verdictsec/cmd/verdict/engines.go:48.54,50.3 1 1
github.com/felixgeelhaar/verdictsec/cmd/verdict/engines.go:65.54,67.3 1 1
github.com/felixgeelhaar/verdictsec/cmd/verdict/engines.go:82.54,84.3 1 1
github.com/felixgeelhaar/verdictsec/cmd/verdict/engines.go:87.13,92.2 4 1
github.com/felixgeelhaar/verdictsec/cmd/verdict/engines.go:95.108,103.12 5 1
github.com/felixgeelhaar/verdictsec/cmd/verdict/engines.go:103.12,106.3 2 1
github.com/felixgeelhaar/verdictsec/cmd/verdict/engines.go:109.2,110.16 2 1
github.com/felixgeelhaar/verdictsec/cmd/verdict/engines.go:110.16,112.3 1 1
github.com/felixgeelhaar/verdictsec/cmd/verdict/engines.go:115.2,116.16 2 1
github.com/felixgeelhaar/verdictsec/cmd/verdict/engines.go:116.16,118.3 1 1
github.com/felixgeelhaar/verdictsec/cmd/verdict/engines.go:121.2,130.37 5 1
github.com/felixgeelhaar/verdictsec/cmd/verdict/engines.go:130.37,131.72 1 1
github.com/felixgeelhaar/verdictsec/cmd/verdict/engines.go:131.72,135.4 3 0
github.com/felixgeelhaar/verdictsec/cmd/verdict/engines.go:137.2,156.16 6 1
github.com/felixgeelhaar/verdictsec/cmd/verdict/engines.go:156.16,158.3 1 0
github.com/felixgeelhaar/verdictsec/cmd/verdict/engines.go:161.2,162.29 2 1
github.com/felixgeelhaar/verdictsec/cmd/verdict/engines.go:162.29,165.17 3 1
github.com/felixgeelhaar/verdictsec/cmd/verdict/engines.go:165.17,167.4 1 0
github.com/felixgeelhaar/verdictsec/cmd/verdict/engines.go:168.8,170.3 1 0
github.com/felixgeelhaar/verdictsec/cmd/verdict/engines.go:173.2,180.16 4 1
github.com/felixgeelhaar/verdictsec/cmd/verdict/engines.go:180.16,182.3 1 0
github.com/felixgeelhaar/verdictsec/cmd/verdict/engines.go:185.2,194.89 3 1
github.com/felixgeelhaar/verdictsec/cmd/verdict/engines.go:194.89,196.3 1 0
github.com/felixgeelhaar/verdictsec/cmd/verdict/engines.go:199.2,201.30 2 1
github.com/felixgeelhaar/verdictsec/cmd/verdict/engines.go:201.30,203.3 1 0
github.com/felixgeelhaar/verdictsec/cmd/verdict/engines.go:205.2,205.12 1 1
github.com/felixgeelhaar/verdictsec/cmd/verdict/engines_status.go:37.13,41.2 3 1
github.com/felixgeelhaar/verdictsec/cmd/verdict/engines_status.go:43.58,46.16 2 1
github.com/felixgeelhaar/verdictsec/cmd/verdict/engines_status.go:46.16,48.3 1 1
github.com/felixgeelhaar/verdictsec/cmd/verdict/engines_status.go:51.2,58.43 4 1
github.com/felixgeelhaar/verdictsec/cmd/verdict/engines_status.go:58.43,60.3 1 1
github.com/felixgeelhaar/verdictsec/cmd/verdict/engines_status.go:62.2,62.23 1 1
github.com/felixgeelhaar/verdictsec/cmd/verdict/engines_status.go:62.23,64.3 1 1
github.com/felixgeelhaar/verdictsec/cmd/verdict/engines_status.go:66.2,66.51 1 1
github.com/felixgeelhaar/verdictsec/cmd/verdict/engines_status.go:82.63,85.29 2 1
github.com/felixgeelhaar/verdictsec/cmd/verdict/engines_status.go:85.29,97.3 1 1
github.com/felixgeelhaar/verdictsec/cmd/verdict/engines_status.go:99.2,101.27 3 1
github.com/felixgeelhaar/verdictsec/cmd/verdict/engines_status.go:104.80,119.29 12 1
github.com/felixgeelhaar/verdictsec/cmd/verdict/engines_status.go:119.29,123.18 3 1
github.com/felixgeelhaar/verdictsec/cmd/verdict/engines_status.go:123.18,127.51 4 1
github.com/felixgeelhaar/verdictsec/cmd/verdict/engines_status.go:127.51,129.5 1 1
github.com/felixgeelhaar/verdictsec/cmd/verdict/engines_status.go:130.9,134.17 4 1
github.com/felixgeelhaar/verdictsec/cmd/verdict/engines_status.go:134.17,136.5 1 1
github.com/felixgeelhaar/verdictsec/cmd/verdict/engines_status.go:140.3,140.17 1 1
github.com/felixgeelhaar/verdictsec/cmd/verdict/engines_status.go:140.17,142.4 1 1
github.com/felixgeelhaar/verdictsec/cmd/verdict/engines_status.go:144.3,150.4 1 1
github.com/felixgeelhaar/verdictsec/cmd/verdict/engines_status.go:153.2,157.29 3 1
github.com/felixgeelhaar/verdictsec/cmd/verdict/engines_status.go:157.29,162.36 4 1
github.com/felixgeelhaar/verdictsec/cmd/verdict/engines_status.go:162.36,164.4 1 1
github.com/felixgeelhaar/verdictsec/cmd/verdict/engines_status.go:165.3,168.16 2 1
github.com/felixgeelhaar/verdictsec/cmd/verdict/engines_status.go:168.16,172.4 2 0
github.com/felixgeelhaar/verdictsec/cmd/verdict/engines_status.go:173.8,176.3 2 1
github.com/felixgeelhaar/verdictsec/cmd/verdict/engines_status.go:178.2,178.12 1 1
github.com/felixgeelhaar/verdictsec/cmd/verdict/engines_status.go:181.51,182.13 1 1
github.com/felixgeelhaar/verdictsec/cmd/verdict/engines_status.go:183.28,184.27 1 1
github.com/felixgeelhaar/verdictsec/cmd/verdict/engines_status.go:185.28,186.25 1 1
github.com/felixgeelhaar/verdictsec/cmd/verdict/engines_status.go:187.31,188.19 1 1
github.com/felixgeelhaar/verdictsec/cmd/verdict/engines_status.go:189.28,190.16 1 1
github.com/felixgeelhaar/verdictsec/cmd/verdict/engines_status.go:191.10,192.21 1 1
github.com/felixgeelhaar/verdictsec/cmd/verdict/engines_status.go:198.76,204.37 4 1
github.com/felixgeelhaar/verdictsec/cmd/verdict/engines_status.go:204.37,206.74 1 1
github.com/felixgeelhaar/verdictsec/cmd/verdict/engines_status.go:206.74,207.12 1 1
github.com/felixgeelhaar/verdictsec/cmd/verdict/engines_status.go:210.3,214.16 4 1
github.com/felixgeelhaar/verdictsec/cmd/verdict/engines_status.go:217.2,217.15 1 1
github.com/felixgeelhaar/verdictsec/cmd/verdict/main.go:5.13,7.2 1 0
github.com/felixgeelhaar/verdictsec/cmd/verdict/mcp.go:53.13,59.2 4 1
github.com/felixgeelhaar/verdictsec/cmd/verdict/mcp.go:61.60,69.12 5 0
github.com/felixgeelhaar/verdictsec/cmd/verdict/mcp.go:69.12,72.3 2 0
github.com/felixgeelhaar/verdictsec/cmd/verdict/mcp.go:75.2,76.16 2 0
github.com/felixgeelhaar/verdictsec/cmd/verdict/mcp.go:76.16,78.3 1 0
github.com/felixgeelhaar/verdictsec/cmd/verdict/mcp.go:81.2,84.22 2 0
github.com/felixgeelhaar/verdictsec/cmd/verdict/mcp.go:85.15,86.32 1 0
github.com/felixgeelhaar/verdictsec/cmd/verdict/mcp.go:87.14,89.44 2 0
github.com/felixgeelhaar/verdictsec/cmd/verdict/mcp.go:90.10,91.63 1 0
github.com/felixgeelhaar/verdictsec/cmd/verdict/policy.go:40.13,43.2 2 1
github.com/felixgeelhaar/verdictsec/cmd/verdict/policy.go:45.61,48.16 2 1
github.com/felixgeelhaar/verdictsec/cmd/verdict/policy.go:48.16,50.3 1 1
github.com/felixgeelhaar/verdictsec/cmd/verdict/policy.go:53.2,64.55 7 1
github.com/felixgeelhaar/verdictsec/cmd/verdict/policy.go:64.55,67.3 2 1
github.com/felixgeelhaar/verdictsec/cmd/verdict/policy.go:69.2,69.21 1 1
github.com/felixgeelhaar/verdictsec/cmd/verdict/policy.go:69.21,71.28 2 0
github.com/felixgeelhaar/verdictsec/cmd/verdict/policy.go:71.28,73.4 1 0
github.com/felixgeelhaar/verdictsec/cmd/verdict/policy.go:76.2,76.34 1 1
github.com/felixgeelhaar/verdictsec/cmd/verdict/policy.go:76.34,78.41 2 1
github.com/felixgeelhaar/verdictsec/cmd/verdict/policy.go:78.41,83.4 1 1
github.com/felixgeelhaar/verdictsec/cmd/verdict/policy.go:84.3,85.49 2 1
github.com/felixgeelhaar/verdictsec/cmd/verdict/policy.go:88.2,88.21 1 1
github.com/felixgeelhaar/verdictsec/cmd/verdict/policy.go:88.21,90.3 1 0
github.com/felixgeelhaar/verdictsec/cmd/verdict/policy.go:92.2,92.12 1 1
github.com/felixgeelhaar/verdictsec/cmd/verdict/root.go:50.67,52.14 1 1
github.com/felixgeelhaar/verdictsec/cmd/verdict/root.go:52.14,54.4 1 1
github.com/felixgeelhaar/verdictsec/cmd/verdict/root.go:55.3,55.13 1 1
github.com/felixgeelhaar/verdictsec/cmd/verdict/root.go:63.47,67.3 3 1
github.com/felixgeelhaar/verdictsec/cmd/verdict/root.go:70.13,81.2 7 1
github.com/felixgeelhaar/verdictsec/cmd/verdict/root.go:84.20,85.42 1 1
github.com/felixgeelhaar/verdictsec/cmd/verdict/root.go:85.42,88.3 2 1
github.com/felixgeelhaar/verdictsec/cmd/verdict/root.go:89.2,89.25 1 1
github.com/felixgeelhaar/verdictsec/cmd/verdict/root.go:93.43,99.19 4 1
github.com/felixgeelhaar/verdictsec/cmd/verdict/root.go:99.19,101.3 1 1
github.com/felixgeelhaar/verdictsec/cmd/verdict/root.go:101.8,103.3 1 1
github.com/felixgeelhaar/verdictsec/cmd/verdict/root.go:105.2,105.16 1 1
github.com/felixgeelhaar/verdictsec/cmd/verdict/root.go:105.16,107.3 1 1
github.com/felixgeelhaar/verdictsec/cmd/verdict/root.go:110.2,112.17 2 1
github.com/felixgeelhaar/verdictsec/cmd/verdict/root.go:116.41,118.16 1 1
github.com/felixgeelhaar/verdictsec/cmd/verdict/root.go:118.16,120.3 1 1
github.com/felixgeelhaar/verdictsec/cmd/verdict/root.go:123.2,123.21 1 1
github.com/felixgeelhaar/verdictsec/cmd/verdict/root.go:123.21,125.3 1 1
github.com/felixgeelhaar/verdictsec/cmd/verdict/root.go:128.2,128.13 1 1
github.com/felixgeelhaar/verdictsec/cmd/verdict/root.go:128.13,130.3 1 1
github.com/felixgeelhaar/verdictsec/cmd/verdict/root.go:134.69,144.22 4 1
github.com/felixgeelhaar/verdictsec/cmd/verdict/root.go:144.22,146.3 1 1
github.com/felixgeelhaar/verdictsec/cmd/verdict/root.go:148.2,148.45 1 1
github.com/felixgeelhaar/verdictsec/cmd/verdict/root.go:152.38,153.19 1 1
github.com/felixgeelhaar/verdictsec/cmd/verdict/root.go:153.19,155.3 1 1
github.com/felixgeelhaar/verdictsec/cmd/verdict/root.go:156.2,156.22 1 1
github.com/felixgeelhaar/verdictsec/cmd/verdict/root.go:156.22,158.3 1 1
github.com/felixgeelhaar/verdictsec/cmd/verdict/root.go:160.2,161.16 2 1
github.com/felixgeelhaar/verdictsec/cmd/verdict/root.go:161.16,163.3 1 0
github.com/felixgeelhaar/verdictsec/cmd/verdict/root.go:164.2,164.11 1 1
github.com/felixgeelhaar/verdictsec/cmd/verdict/sbom.go:44.13,49.2 3 1
github.com/felixgeelhaar/verdictsec/cmd/verdict/sbom.go:51.59,56.53 3 0
github.com/felixgeelhaar/verdictsec/cmd/verdict/sbom.go:56.53,58.3 1 0
github.com/felixgeelhaar/verdictsec/cmd/verdict/sbom.go:59.2,59.55 1 0
github.com/felixgeelhaar/verdictsec/cmd/verdict/sbom.go:59.55,61.3 1 0
github.com/felixgeelhaar/verdictsec/cmd/verdict/sbom.go:64.2,70.9 4 0
github.com/felixgeelhaar/verdictsec/cmd/verdict/sbom.go:71.20,72.47 1 0
github.com/felixgeelhaar/verdictsec/cmd/verdict/sbom.go:73.24,74.45 1 0
github.com/felixgeelhaar/verdictsec/cmd/verdict/sbom.go:75.10,79.31 3 0
github.com/felixgeelhaar/verdictsec/cmd/verdict/sbom.go:79.31,81.4 1 0
github.com/felixgeelhaar/verdictsec/cmd/verdict/sbom.go:82.3,82.52 1 0
github.com/felixgeelhaar/verdictsec/cmd/verdict/sbom.go:86.2,95.16 4 0
github.com/felixgeelhaar/verdictsec/cmd/verdict/sbom.go:95.16,97.3 1 0
github.com/felixgeelhaar/verdictsec/cmd/verdict/sbom.go:100.2,100.40 1 0
github.com/felixgeelhaar/verdictsec/cmd/verdict/sbom.go:100.40,102.26 2 0
github.com/felixgeelhaar/verdictsec/cmd/verdict/sbom.go:102.26,104.4 1 0
github.com/felixgeelhaar/verdictsec/cmd/verdict/sbom.go:107.2,107.12 1 0
github.com/felixgeelhaar/verdictsec/cmd/verdict/scan.go:58.13,71.2 10 1
github.com/felixgeelhaar/verdictsec/cmd/verdict/scan.go:73.55,81.12 5 1
github.com/felixgeelhaar/verdictsec/cmd/verdict/scan.go:81.12,84.3 2 1
github.com/felixgeelhaar/verdictsec/cmd/verdict/scan.go:87.2,88.16 2 1
github.com/felixgeelhaar/verdictsec/cmd/verdict/scan.go:88.16,90.3 1 1
github.com/felixgeelhaar/verdictsec/cmd/verdict/scan.go:93.2,97.16 3 1
github.com/felixgeelhaar/verdictsec/cmd/verdict/scan.go:97.16,99.3 1 1
github.com/felixgeelhaar/verdictsec/cmd/verdict/scan.go:102.2,105.15 2 1
github.com/felixgeelhaar/verdictsec/cmd/verdict/scan.go:105.15,107.3 1 0
github.com/felixgeelhaar/verdictsec/cmd/verdict/scan.go:110.2,131.31 10 1
github.com/felixgeelhaar/verdictsec/cmd/verdict/scan.go:131.31,133.3 1 1
github.com/felixgeelhaar/verdictsec/cmd/verdict/scan.go:136.2,146.16 3 1
github.com/felixgeelhaar/verdictsec/cmd/verdict/scan.go:146.16,148.3 1 1
github.com/felixgeelhaar/verdictsec/cmd/verdict/scan.go:151.2,152.51 2 1
github.com/felixgeelhaar/verdictsec/cmd/verdict/scan.go:152.51,154.19 2 1
github.com/felixgeelhaar/verdictsec/cmd/verdict/scan.go:154.19,156.4 1 1
github.com/felixgeelhaar/verdictsec/cmd/verdict/scan.go:158.3,160.17 3 1
github.com/felixgeelhaar/verdictsec/cmd/verdict/scan.go:160.17,163.4 2 0
github.com/felixgeelhaar/verdictsec/cmd/verdict/scan.go:163.9,165.4 1 1
github.com/felixgeelhaar/verdictsec/cmd/verdict/scan.go:166.8,168.3 1 0
github.com/felixgeelhaar/verdictsec/cmd/verdict/scan.go:171.2,178.16 4 1
github.com/felixgeelhaar/verdictsec/cmd/verdict/scan.go:178.16,180.3 1 0
github.com/felixgeelhaar/verdictsec/cmd/verdict/scan.go:183.2,192.17 3 1
github.com/felixgeelhaar/verdictsec/cmd/verdict/scan.go:192.17,193.87 1 0
github.com/felixgeelhaar/verdictsec/cmd/verdict/scan.go:193.87,195.4 1 0
github.com/felixgeelhaar/verdictsec/cmd/verdict/scan.go:196.8,197.90 1 1
github.com/felixgeelhaar/verdictsec/cmd/verdict/scan.go:197.90,199.4 1 0
github.com/felixgeelhaar/verdictsec/cmd/verdict/scan.go:203.2,205.30 2 1
github.com/felixgeelhaar/verdictsec/cmd/verdict/scan.go:205.30,207.3 1 0
github.com/felixgeelhaar/verdictsec/cmd/verdict/scan.go:209.2,209.12 1 1
github.com/felixgeelhaar/verdictsec/cmd/verdict/scan.go:213.52,217.29 2 1
github.com/felixgeelhaar/verdictsec/cmd/verdict/scan.go:217.29,219.3 1 1
github.com/felixgeelhaar/verdictsec/cmd/verdict/scan.go:222.2,222.31 1 1
github.com/felixgeelhaar/verdictsec/cmd/verdict/scan.go:222.31,224.3 1 1
github.com/felixgeelhaar/verdictsec/cmd/verdict/scan.go:225.2,225.37 1 1
github.com/felixgeelhaar/verdictsec/cmd/verdict/scan.go:225.37,227.3 1 1
github.com/felixgeelhaar/verdictsec/cmd/verdict/scan.go:228.2,228.34 1 1
github.com/felixgeelhaar/verdictsec/cmd/verdict/scan.go:228.34,230.3 1 1
github.com/felixgeelhaar/verdictsec/cmd/verdict/scan.go:231.2,231.35 1 1
github.com/felixgeelhaar/verdictsec/cmd/verdict/scan.go:231.35,233.3 1 1
github.com/felixgeelhaar/verdictsec/cmd/verdict/scan.go:234.2,234.37 1 1
github.com/felixgeelhaar/verdictsec/cmd/verdict/scan.go:234.37,236.3 1 1
github.com/felixgeelhaar/verdictsec/cmd/verdict/scan.go:237.2,237.30 1 1
github.com/felixgeelhaar/verdictsec/cmd/verdict/scan.go:237.30,239.3 1 1
github.com/felixgeelhaar/verdictsec/cmd/verdict/scan.go:242.2,242.29 1 1
github.com/felixgeelhaar/verdictsec/cmd/verdict/scan.go:242.29,244.32 2 1
github.com/felixgeelhaar/verdictsec/cmd/verdict/scan.go:244.32,246.38 2 1
github.com/felixgeelhaar/verdictsec/cmd/verdict/scan.go:246.38,247.17 1 1
github.com/felixgeelhaar/verdictsec/cmd/verdict/scan.go:247.17,249.11 2 1
github.com/felixgeelhaar/verdictsec/cmd/verdict/scan.go:252.4,252.17 1 1
github.com/felixgeelhaar/verdictsec/cmd/verdict/scan.go:252.17,254.5 1 1
github.com/felixgeelhaar/verdictsec/cmd/verdict/scan.go:256.3,256.23 1 1
github.com/felixgeelhaar/verdictsec/cmd/verdict/scan.go:259.2,259.18 1 1
github.com/felixgeelhaar/verdictsec/cmd/verdict/scan.go:263.50,264.25 1 1
github.com/felixgeelhaar/verdictsec/cmd/verdict/scan.go:264.25,266.3 1 1
github.com/felixgeelhaar/verdictsec/cmd/verdict/scan.go:267.2,267.25 1 1
github.com/felixgeelhaar/verdictsec/cmd/verdict/scan.go:267.25,269.3 1 1
github.com/felixgeelhaar/verdictsec/cmd/verdict/scan.go:273.29,274.16 1 1
github.com/felixgeelhaar/verdictsec/cmd/verdict/scan.go:274.16,276.3 1 1
github.com/felixgeelhaar/verdictsec/cmd/verdict/scan.go:277.2,277.16 1 1
github.com/felixgeelhaar/verdictsec/cmd/verdict/scan.go:281.110,295.42 5 0
github.com/felixgeelhaar/verdictsec/cmd/verdict/scan.go:295.42,302.29 3 0
github.com/felixgeelhaar/verdictsec/cmd/verdict/scan.go:302.29,304.5 1 0
github.com/felixgeelhaar/verdictsec/cmd/verdict/scan.go:305.4,308.43 2 0
github.com/felixgeelhaar/verdictsec/cmd/verdict/scan.go:312.2,313.34 2 0
github.com/felixgeelhaar/verdictsec/cmd/verdict/scan.go:313.34,315.3 1 0
github.com/felixgeelhaar/verdictsec/cmd/verdict/scan.go:318.2,322.12 4 0
github.com/felixgeelhaar/verdictsec/cmd/verdict/scan.go:326.105,343.31 7 0
github.com/felixgeelhaar/verdictsec/cmd/verdict/scan.go:343.31,345.3 1 0
github.com/felixgeelhaar/verdictsec/cmd/verdict/scan.go:348.2,358.16 3 0
github.com/felixgeelhaar/verdictsec/cmd/verdict/scan.go:358.16,361.3 2 0
github.com/felixgeelhaar/verdictsec/cmd/verdict/scan.go:364.2,365.51 2 0
github.com/felixgeelhaar/verdictsec/cmd/verdict/scan.go:365.51,367.19 2 0
github.com/felixgeelhaar/verdictsec/cmd/verdict/scan.go:367.19,369.4 1 0
github.com/felixgeelhaar/verdictsec/cmd/verdict/scan.go:371.3,373.17 3 0
github.com/felixgeelhaar/verdictsec/cmd/verdict/scan.go:373.17,375.4 1 0
github.com/felixgeelhaar/verdictsec/cmd/verdict/scan.go:376.8,378.3 1 0
github.com/felixgeelhaar/verdictsec/cmd/verdict/scan.go:381.2,388.16 4 0
github.com/felixgeelhaar/verdictsec/cmd/verdict/scan.go:388.16,390.3 1 0
github.com/felixgeelhaar/verdictsec/cmd/verdict/scan.go:393.2,402.17 3 0
github.com/felixgeelhaar/verdictsec/cmd/verdict/scan.go:402.17,404.3 1 0
github.com/felixgeelhaar/verdictsec/cmd/verdict/scan.go:404.8,406.3 1 0
github.com/felixgeelhaar/verdictsec/cmd/verdict/scan.go:409.2,410.75 2 0
github.com/felixgeelhaar/verdictsec/cmd/verdict/test_helpers.go:11.41,13.2 1 1
github.com/felixgeelhaar/verdictsec/cmd/verdict/test_helpers.go:16.36,18.50 2 1
github.com/felixgeelhaar/verdictsec/cmd/verdict/test_helpers.go:18.50,20.3 1 0
