mode: atomic
github.com/felixgeelhaar/verdictsec/internal/application/ports/baseline.go:46.47,53.2 1 1
github.com/felixgeelhaar/verdictsec/internal/application/ports/config.go:44.29,59.2 1 7
github.com/felixgeelhaar/verdictsec/internal/application/ports/config.go:63.59,64.42 1 12
github.com/felixgeelhaar/verdictsec/internal/application/ports/config.go:64.42,66.3 1 11
github.com/felixgeelhaar/verdictsec/internal/application/ports/config.go:67.2,67.30 1 1
github.com/felixgeelhaar/verdictsec/internal/application/ports/config.go:71.51,74.2 2 10
github.com/felixgeelhaar/verdictsec/internal/application/ports/config.go:111.51,114.27 2 4
github.com/felixgeelhaar/verdictsec/internal/application/ports/config.go:114.27,116.3 1 1
github.com/felixgeelhaar/verdictsec/internal/application/ports/config.go:117.2,117.24 1 4
github.com/felixgeelhaar/verdictsec/internal/application/ports/config.go:117.24,119.3 1 1
github.com/felixgeelhaar/verdictsec/internal/application/ports/config.go:120.2,120.36 1 4
github.com/felixgeelhaar/verdictsec/internal/application/ports/config.go:120.36,122.3 1 1
github.com/felixgeelhaar/verdictsec/internal/application/ports/config.go:125.2,125.39 1 4
github.com/felixgeelhaar/verdictsec/internal/application/ports/config.go:125.39,126.54 1 1
github.com/felixgeelhaar/verdictsec/internal/application/ports/config.go:126.54,129.4 2 1
github.com/felixgeelhaar/verdictsec/internal/application/ports/config.go:133.2,133.31 1 4
github.com/felixgeelhaar/verdictsec/internal/application/ports/config.go:133.31,134.34 1 1
github.com/felixgeelhaar/verdictsec/internal/application/ports/config.go:134.34,138.4 3 3
github.com/felixgeelhaar/verdictsec/internal/application/ports/config.go:139.3,139.39 1 1
github.com/felixgeelhaar/verdictsec/internal/application/ports/config.go:139.39,140.55 1 1
github.com/felixgeelhaar/verdictsec/internal/application/ports/config.go:140.55,143.5 2 1
github.com/felixgeelhaar/verdictsec/internal/application/ports/config.go:147.2,147.15 1 4
github.com/felixgeelhaar/verdictsec/internal/application/ports/engine.go:39.58,44.2 1 2
github.com/felixgeelhaar/verdictsec/internal/application/ports/engine.go:55.41,62.2 1 23
github.com/felixgeelhaar/verdictsec/internal/application/ports/writer.go:84.61,86.2 1 11
github.com/felixgeelhaar/verdictsec/internal/application/ports/writer.go:89.105,90.30 1 2
github.com/felixgeelhaar/verdictsec/internal/application/ports/writer.go:90.30,91.54 1 3
github.com/felixgeelhaar/verdictsec/internal/application/ports/writer.go:91.54,93.4 1 1
github.com/felixgeelhaar/verdictsec/internal/application/ports/writer.go:95.2,95.12 1 1
github.com/felixgeelhaar/verdictsec/internal/application/ports/writer.go:99.102,100.30 1 2
github.com/felixgeelhaar/verdictsec/internal/application/ports/writer.go:100.30,101.51 1 3
github.com/felixgeelhaar/verdictsec/internal/application/ports/writer.go:101.51,103.4 1 1
github.com/felixgeelhaar/verdictsec/internal/application/ports/writer.go:105.2,105.12 1 1
github.com/felixgeelhaar/verdictsec/internal/application/ports/writer.go:109.59,110.30 1 2
github.com/felixgeelhaar/verdictsec/internal/application/ports/writer.go:110.30,111.50 1 3
github.com/felixgeelhaar/verdictsec/internal/application/ports/writer.go:111.50,113.4 1 1
github.com/felixgeelhaar/verdictsec/internal/application/ports/writer.go:115.2,115.12 1 1
github.com/felixgeelhaar/verdictsec/internal/application/ports/writer.go:119.51,120.30 1 2
github.com/felixgeelhaar/verdictsec/internal/application/ports/writer.go:120.30,121.53 1 3
github.com/felixgeelhaar/verdictsec/internal/application/ports/writer.go:121.53,123.4 1 1
github.com/felixgeelhaar/verdictsec/internal/application/ports/writer.go:125.2,125.12 1 1
github.com/felixgeelhaar/verdictsec/internal/application/ports/writer.go:129.37,130.30 1 2
github.com/felixgeelhaar/verdictsec/internal/application/ports/writer.go:130.30,131.35 1 3
github.com/felixgeelhaar/verdictsec/internal/application/ports/writer.go:131.35,133.4 1 1
github.com/felixgeelhaar/verdictsec/internal/application/ports/writer.go:135.2,135.12 1 1
github.com/felixgeelhaar/verdictsec/internal/application/usecases/evaluate_policy.go:34.83,40.2 1 0
github.com/felixgeelhaar/verdictsec/internal/application/usecases/evaluate_policy.go:43.90,59.22 4 0
github.com/felixgeelhaar/verdictsec/internal/application/usecases/evaluate_policy.go:59.22,61.3 1 0
github.com/felixgeelhaar/verdictsec/internal/application/usecases/evaluate_policy.go:63.2,67.3 1 0
github.com/felixgeelhaar/verdictsec/internal/application/usecases/evaluate_policy.go:71.122,78.2 3 0
github.com/felixgeelhaar/verdictsec/internal/application/usecases/evaluate_policy.go:88.95,96.2 2 0
github.com/felixgeelhaar/verdictsec/internal/application/usecases/evaluate_policy.go:99.49,101.2 1 0
github.com/felixgeelhaar/verdictsec/internal/application/usecases/evaluate_policy.go:104.46,106.2 1 0
github.com/felixgeelhaar/verdictsec/internal/application/usecases/run_scan.go:52.19,58.2 1 0
github.com/felixgeelhaar/verdictsec/internal/application/usecases/run_scan.go:61.99,69.23 3 0
github.com/felixgeelhaar/verdictsec/internal/application/usecases/run_scan.go:69.23,71.3 1 0
github.com/felixgeelhaar/verdictsec/internal/application/usecases/run_scan.go:74.2,74.22 1 0
github.com/felixgeelhaar/verdictsec/internal/application/usecases/run_scan.go:74.22,76.3 1 0
github.com/felixgeelhaar/verdictsec/internal/application/usecases/run_scan.go:79.2,79.40 1 0
github.com/felixgeelhaar/verdictsec/internal/application/usecases/run_scan.go:79.40,81.3 1 0
github.com/felixgeelhaar/verdictsec/internal/application/usecases/run_scan.go:81.8,83.3 1 0
github.com/felixgeelhaar/verdictsec/internal/application/usecases/run_scan.go:86.2,88.20 2 0
github.com/felixgeelhaar/verdictsec/internal/application/usecases/run_scan.go:92.76,95.28 2 0
github.com/felixgeelhaar/verdictsec/internal/application/usecases/run_scan.go:95.28,97.36 1 0
github.com/felixgeelhaar/verdictsec/internal/application/usecases/run_scan.go:97.36,98.69 1 0
github.com/felixgeelhaar/verdictsec/internal/application/usecases/run_scan.go:98.69,99.41 1 0
github.com/felixgeelhaar/verdictsec/internal/application/usecases/run_scan.go:99.41,101.6 1 0
github.com/felixgeelhaar/verdictsec/internal/application/usecases/run_scan.go:104.8,106.50 1 0
github.com/felixgeelhaar/verdictsec/internal/application/usecases/run_scan.go:106.50,107.49 1 0
github.com/felixgeelhaar/verdictsec/internal/application/usecases/run_scan.go:107.49,109.5 1 0
github.com/felixgeelhaar/verdictsec/internal/application/usecases/run_scan.go:113.2,113.16 1 0
github.com/felixgeelhaar/verdictsec/internal/application/usecases/run_scan.go:122.3,123.33 1 0
github.com/felixgeelhaar/verdictsec/internal/application/usecases/run_scan.go:123.33,124.10 1 0
github.com/felixgeelhaar/verdictsec/internal/application/usecases/run_scan.go:125.21,126.10 1 0
github.com/felixgeelhaar/verdictsec/internal/application/usecases/run_scan.go:127.11,128.44 1 0
github.com/felixgeelhaar/verdictsec/internal/application/usecases/run_scan.go:139.3,145.21 4 0
github.com/felixgeelhaar/verdictsec/internal/application/usecases/run_scan.go:145.21,147.3 1 0
github.com/felixgeelhaar/verdictsec/internal/application/usecases/run_scan.go:148.2,150.33 2 0
github.com/felixgeelhaar/verdictsec/internal/application/usecases/run_scan.go:150.33,152.27 2 0
github.com/felixgeelhaar/verdictsec/internal/application/usecases/run_scan.go:152.27,155.11 2 0
github.com/felixgeelhaar/verdictsec/internal/application/usecases/run_scan.go:156.22,157.11 1 0
github.com/felixgeelhaar/verdictsec/internal/application/usecases/run_scan.go:158.27,159.18 1 0
github.com/felixgeelhaar/verdictsec/internal/application/usecases/run_scan.go:159.18,159.27 1 0
github.com/felixgeelhaar/verdictsec/internal/application/usecases/run_scan.go:162.5,172.16 5 0
github.com/felixgeelhaar/verdictsec/internal/application/usecases/run_scan.go:177.2,177.11 1 0
github.com/felixgeelhaar/verdictsec/internal/application/usecases/run_scan.go:186.3,191.22 3 0
github.com/felixgeelhaar/verdictsec/internal/application/usecases/run_scan.go:191.22,193.3 1 0
github.com/felixgeelhaar/verdictsec/internal/application/usecases/run_scan.go:196.2,200.16 3 0
github.com/felixgeelhaar/verdictsec/internal/application/usecases/run_scan.go:200.16,208.23 4 0
github.com/felixgeelhaar/verdictsec/internal/application/usecases/run_scan.go:208.23,210.4 1 0
github.com/felixgeelhaar/verdictsec/internal/application/usecases/run_scan.go:211.3,211.9 1 0
github.com/felixgeelhaar/verdictsec/internal/application/usecases/run_scan.go:215.2,216.34 2 0
github.com/felixgeelhaar/verdictsec/internal/application/usecases/run_scan.go:216.34,218.15 2 0
github.com/felixgeelhaar/verdictsec/internal/application/usecases/run_scan.go:218.15,220.4 1 0
github.com/felixgeelhaar/verdictsec/internal/application/usecases/run_scan.go:224.2,224.29 1 0
github.com/felixgeelhaar/verdictsec/internal/application/usecases/run_scan.go:224.29,226.3 1 0
github.com/felixgeelhaar/verdictsec/internal/application/usecases/run_scan.go:229.2,235.22 4 0
github.com/felixgeelhaar/verdictsec/internal/application/usecases/run_scan.go:235.22,237.3 1 0
github.com/felixgeelhaar/verdictsec/internal/application/usecases/run_scan.go:247.99,251.32 3 0
github.com/felixgeelhaar/verdictsec/internal/application/usecases/run_scan.go:251.32,253.3 1 0
github.com/felixgeelhaar/verdictsec/internal/application/usecases/run_scan.go:255.2,260.4 1 0
github.com/felixgeelhaar/verdictsec/internal/application/usecases/run_scan.go:270.99,273.32 3 0
github.com/felixgeelhaar/verdictsec/internal/application/usecases/run_scan.go:273.32,275.3 1 0
github.com/felixgeelhaar/verdictsec/internal/application/usecases/run_scan.go:277.2,282.4 1 0
github.com/felixgeelhaar/verdictsec/internal/application/usecases/run_scan.go:292.105,295.35 3 0
github.com/felixgeelhaar/verdictsec/internal/application/usecases/run_scan.go:295.35,297.3 1 0
github.com/felixgeelhaar/verdictsec/internal/application/usecases/run_scan.go:299.2,304.4 1 0
github.com/felixgeelhaar/verdictsec/internal/application/usecases/write_baseline.go:49.108,54.2 1 0
github.com/felixgeelhaar/verdictsec/internal/application/usecases/write_baseline.go:57.94,72.22 8 0
github.com/felixgeelhaar/verdictsec/internal/application/usecases/write_baseline.go:72.22,75.3 2 0
github.com/felixgeelhaar/verdictsec/internal/application/usecases/write_baseline.go:75.8,78.3 2 0
github.com/felixgeelhaar/verdictsec/internal/application/usecases/write_baseline.go:80.2,80.16 1 0
github.com/felixgeelhaar/verdictsec/internal/application/usecases/write_baseline.go:80.16,82.3 1 0
github.com/felixgeelhaar/verdictsec/internal/application/usecases/write_baseline.go:85.2,85.22 1 0
github.com/felixgeelhaar/verdictsec/internal/application/usecases/write_baseline.go:85.22,87.3 1 0
github.com/felixgeelhaar/verdictsec/internal/application/usecases/write_baseline.go:89.2,89.20 1 0
github.com/felixgeelhaar/verdictsec/internal/application/usecases/write_baseline.go:93.97,98.27 2 0
github.com/felixgeelhaar/verdictsec/internal/application/usecases/write_baseline.go:98.27,100.3 1 0
github.com/felixgeelhaar/verdictsec/internal/application/usecases/write_baseline.go:102.2,107.29 4 0
github.com/felixgeelhaar/verdictsec/internal/application/usecases/write_baseline.go:107.29,109.46 2 0
github.com/felixgeelhaar/verdictsec/internal/application/usecases/write_baseline.go:109.46,111.4 1 0
github.com/felixgeelhaar/verdictsec/internal/application/usecases/write_baseline.go:115.2,121.30 4 0
github.com/felixgeelhaar/verdictsec/internal/application/usecases/write_baseline.go:121.30,124.3 2 0
github.com/felixgeelhaar/verdictsec/internal/application/usecases/write_baseline.go:127.2,127.54 1 0
github.com/felixgeelhaar/verdictsec/internal/application/usecases/write_baseline.go:127.54,129.3 1 0
github.com/felixgeelhaar/verdictsec/internal/application/usecases/write_baseline.go:132.2,132.22 1 0
github.com/felixgeelhaar/verdictsec/internal/application/usecases/write_baseline.go:132.22,135.31 2 0
github.com/felixgeelhaar/verdictsec/internal/application/usecases/write_baseline.go:135.31,137.4 1 0
github.com/felixgeelhaar/verdictsec/internal/application/usecases/write_baseline.go:138.3,139.35 2 0
github.com/felixgeelhaar/verdictsec/internal/application/usecases/write_baseline.go:142.2,142.20 1 0
github.com/felixgeelhaar/verdictsec/internal/application/usecases/write_baseline.go:158.78,163.25 2 0
github.com/felixgeelhaar/verdictsec/internal/application/usecases/write_baseline.go:163.25,165.3 1 0
github.com/felixgeelhaar/verdictsec/internal/application/usecases/write_baseline.go:167.2,167.39 1 0
github.com/felixgeelhaar/verdictsec/internal/application/usecases/write_baseline.go:167.39,168.20 1 0
github.com/felixgeelhaar/verdictsec/internal/application/usecases/write_baseline.go:168.20,172.4 3 0
github.com/felixgeelhaar/verdictsec/internal/application/usecases/write_baseline.go:176.2,176.52 1 0
github.com/felixgeelhaar/verdictsec/internal/application/usecases/write_baseline.go:176.52,178.3 1 0
github.com/felixgeelhaar/verdictsec/internal/application/usecases/write_baseline.go:180.2,180.20 1 0
github.com/felixgeelhaar/verdictsec/internal/application/usecases/write_baseline.go:197.81,200.27 2 0
github.com/felixgeelhaar/verdictsec/internal/application/usecases/write_baseline.go:200.27,202.3 1 0
github.com/felixgeelhaar/verdictsec/internal/application/usecases/write_baseline.go:205.2,209.30 3 0
github.com/felixgeelhaar/verdictsec/internal/application/usecases/write_baseline.go:209.30,211.38 2 0
github.com/felixgeelhaar/verdictsec/internal/application/usecases/write_baseline.go:211.38,213.4 1 0
github.com/felixgeelhaar/verdictsec/internal/application/usecases/write_baseline.go:215.3,215.46 1 0
github.com/felixgeelhaar/verdictsec/internal/application/usecases/write_baseline.go:215.46,217.50 2 0
github.com/felixgeelhaar/verdictsec/internal/application/usecases/write_baseline.go:217.50,219.5 1 0
github.com/felixgeelhaar/verdictsec/internal/application/usecases/write_baseline.go:223.2,226.20 3 0
github.com/felixgeelhaar/verdictsec/internal/application/usecases/write_baseline.go:230.89,231.23 1 0
github.com/felixgeelhaar/verdictsec/internal/application/usecases/write_baseline.go:231.23,233.3 1 0
github.com/felixgeelhaar/verdictsec/internal/application/usecases/write_baseline.go:234.2,234.42 1 0
github.com/felixgeelhaar/verdictsec/internal/domain/assessment/assessment.go:35.47,49.2 1 4
github.com/felixgeelhaar/verdictsec/internal/domain/assessment/assessment.go:52.34,52.49 1 4
github.com/felixgeelhaar/verdictsec/internal/domain/assessment/assessment.go:55.38,55.57 1 0
github.com/felixgeelhaar/verdictsec/internal/domain/assessment/assessment.go:58.44,58.66 1 0
github.com/felixgeelhaar/verdictsec/internal/domain/assessment/assessment.go:61.46,61.70 1 0
github.com/felixgeelhaar/verdictsec/internal/domain/assessment/assessment.go:64.48,64.71 1 0
github.com/felixgeelhaar/verdictsec/internal/domain/assessment/assessment.go:67.52,67.73 1 0
github.com/felixgeelhaar/verdictsec/internal/domain/assessment/assessment.go:70.42,70.63 1 0
github.com/felixgeelhaar/verdictsec/internal/domain/assessment/assessment.go:73.41,73.61 1 0
github.com/felixgeelhaar/verdictsec/internal/domain/assessment/assessment.go:76.42,76.63 1 0
github.com/felixgeelhaar/verdictsec/internal/domain/assessment/assessment.go:79.41,79.75 1 0
github.com/felixgeelhaar/verdictsec/internal/domain/assessment/assessment.go:82.47,83.28 1 0
github.com/felixgeelhaar/verdictsec/internal/domain/assessment/assessment.go:83.28,85.3 1 0
github.com/felixgeelhaar/verdictsec/internal/domain/assessment/assessment.go:86.2,86.39 1 0
github.com/felixgeelhaar/verdictsec/internal/domain/assessment/assessment.go:90.51,92.2 1 0
github.com/felixgeelhaar/verdictsec/internal/domain/assessment/assessment.go:95.53,97.2 1 0
github.com/felixgeelhaar/verdictsec/internal/domain/assessment/assessment.go:100.63,102.2 1 0
github.com/felixgeelhaar/verdictsec/internal/domain/assessment/assessment.go:105.71,108.2 2 0
github.com/felixgeelhaar/verdictsec/internal/domain/assessment/assessment.go:111.33,113.2 1 0
github.com/felixgeelhaar/verdictsec/internal/domain/assessment/assessment.go:116.55,118.2 1 0
github.com/felixgeelhaar/verdictsec/internal/domain/assessment/assessment.go:121.53,123.2 1 0
github.com/felixgeelhaar/verdictsec/internal/domain/assessment/assessment.go:126.79,128.31 2 0
github.com/felixgeelhaar/verdictsec/internal/domain/assessment/assessment.go:128.31,129.20 1 0
github.com/felixgeelhaar/verdictsec/internal/domain/assessment/assessment.go:129.20,131.4 1 0
github.com/felixgeelhaar/verdictsec/internal/domain/assessment/assessment.go:133.2,133.15 1 0
github.com/felixgeelhaar/verdictsec/internal/domain/assessment/assessment.go:137.90,139.31 2 0
github.com/felixgeelhaar/verdictsec/internal/domain/assessment/assessment.go:139.31,140.51 1 0
github.com/felixgeelhaar/verdictsec/internal/domain/assessment/assessment.go:140.51,142.4 1 0
github.com/felixgeelhaar/verdictsec/internal/domain/assessment/assessment.go:144.2,144.15 1 0
github.com/felixgeelhaar/verdictsec/internal/domain/assessment/assessment.go:148.41,150.2 1 0
github.com/felixgeelhaar/verdictsec/internal/domain/assessment/assessment.go:153.57,155.31 2 0
github.com/felixgeelhaar/verdictsec/internal/domain/assessment/assessment.go:155.31,157.3 1 0
github.com/felixgeelhaar/verdictsec/internal/domain/assessment/assessment.go:158.2,158.16 1 0
github.com/felixgeelhaar/verdictsec/internal/domain/assessment/assessment.go:162.49,164.35 2 0
github.com/felixgeelhaar/verdictsec/internal/domain/assessment/assessment.go:164.35,165.20 1 0
github.com/felixgeelhaar/verdictsec/internal/domain/assessment/assessment.go:165.20,167.4 1 0
github.com/felixgeelhaar/verdictsec/internal/domain/assessment/assessment.go:169.2,169.14 1 0
github.com/felixgeelhaar/verdictsec/internal/domain/assessment/assessment.go:173.45,175.35 2 0
github.com/felixgeelhaar/verdictsec/internal/domain/assessment/assessment.go:175.35,176.21 1 0
github.com/felixgeelhaar/verdictsec/internal/domain/assessment/assessment.go:176.21,178.4 1 0
github.com/felixgeelhaar/verdictsec/internal/domain/assessment/assessment.go:180.2,180.14 1 0
github.com/felixgeelhaar/verdictsec/internal/domain/assessment/assessment.go:183.36,185.40 2 4
github.com/felixgeelhaar/verdictsec/internal/domain/assessment/assessment.go:185.40,187.3 1 0
github.com/felixgeelhaar/verdictsec/internal/domain/assessment/assessment.go:188.2,188.46 1 4
github.com/felixgeelhaar/verdictsec/internal/domain/assessment/assessment.go:206.52,208.35 2 0
github.com/felixgeelhaar/verdictsec/internal/domain/assessment/assessment.go:208.35,210.3 1 0
github.com/felixgeelhaar/verdictsec/internal/domain/assessment/assessment.go:213.2,214.38 2 0
github.com/felixgeelhaar/verdictsec/internal/domain/assessment/assessment.go:214.38,216.3 1 0
github.com/felixgeelhaar/verdictsec/internal/domain/assessment/assessment.go:218.2,229.4 1 0
github.com/felixgeelhaar/verdictsec/internal/domain/assessment/assessment.go:233.55,235.50 2 0
github.com/felixgeelhaar/verdictsec/internal/domain/assessment/assessment.go:235.50,237.3 1 0
github.com/felixgeelhaar/verdictsec/internal/domain/assessment/assessment.go:239.2,249.40 10 0
github.com/felixgeelhaar/verdictsec/internal/domain/assessment/assessment.go:249.40,251.3 1 0
github.com/felixgeelhaar/verdictsec/internal/domain/assessment/assessment.go:253.2,253.22 1 0
github.com/felixgeelhaar/verdictsec/internal/domain/assessment/assessment.go:253.22,255.3 1 0
github.com/felixgeelhaar/verdictsec/internal/domain/assessment/assessment.go:256.2,256.23 1 0
github.com/felixgeelhaar/verdictsec/internal/domain/assessment/assessment.go:256.23,258.3 1 0
github.com/felixgeelhaar/verdictsec/internal/domain/assessment/assessment.go:259.2,259.25 1 0
github.com/felixgeelhaar/verdictsec/internal/domain/assessment/assessment.go:259.25,261.3 1 0
github.com/felixgeelhaar/verdictsec/internal/domain/assessment/assessment.go:263.2,263.12 1 0
github.com/felixgeelhaar/verdictsec/internal/domain/assessment/decision.go:38.35,39.38 1 0
github.com/felixgeelhaar/verdictsec/internal/domain/assessment/decision.go:39.38,41.3 1 0
github.com/felixgeelhaar/verdictsec/internal/domain/assessment/decision.go:42.2,42.18 1 0
github.com/felixgeelhaar/verdictsec/internal/domain/assessment/decision.go:46.48,48.42 2 0
github.com/felixgeelhaar/verdictsec/internal/domain/assessment/decision.go:48.42,50.3 1 0
github.com/felixgeelhaar/verdictsec/internal/domain/assessment/decision.go:51.2,51.63 1 0
github.com/felixgeelhaar/verdictsec/internal/domain/assessment/decision.go:58.34,59.11 1 0
github.com/felixgeelhaar/verdictsec/internal/domain/assessment/decision.go:60.34,61.11 1 0
github.com/felixgeelhaar/verdictsec/internal/domain/assessment/decision.go:62.20,63.11 1 0
github.com/felixgeelhaar/verdictsec/internal/domain/assessment/decision.go:64.21,65.11 1 0
github.com/felixgeelhaar/verdictsec/internal/domain/assessment/decision.go:66.10,67.11 1 0
github.com/felixgeelhaar/verdictsec/internal/domain/assessment/decision.go:72.36,74.2 1 0
github.com/felixgeelhaar/verdictsec/internal/domain/assessment/decision.go:77.36,79.2 1 0
github.com/felixgeelhaar/verdictsec/internal/domain/assessment/decision.go:82.34,85.2 2 0
github.com/felixgeelhaar/verdictsec/internal/domain/assessment/decision.go:88.49,90.2 1 0
github.com/felixgeelhaar/verdictsec/internal/domain/assessment/decision.go:93.53,95.51 2 0
github.com/felixgeelhaar/verdictsec/internal/domain/assessment/decision.go:95.51,97.3 1 0
github.com/felixgeelhaar/verdictsec/internal/domain/assessment/decision.go:98.2,99.16 2 0
github.com/felixgeelhaar/verdictsec/internal/domain/assessment/decision.go:99.16,101.3 1 0
github.com/felixgeelhaar/verdictsec/internal/domain/assessment/decision.go:102.2,103.12 2 0
github.com/felixgeelhaar/verdictsec/internal/domain/assessment/decision.go:107.32,115.2 1 0
github.com/felixgeelhaar/verdictsec/internal/domain/assessment/engine_run.go:20.62,26.2 1 0
github.com/felixgeelhaar/verdictsec/internal/domain/assessment/engine_run.go:29.39,29.60 1 0
github.com/felixgeelhaar/verdictsec/internal/domain/assessment/engine_run.go:32.44,32.70 1 0
github.com/felixgeelhaar/verdictsec/internal/domain/assessment/engine_run.go:35.43,35.65 1 0
github.com/felixgeelhaar/verdictsec/internal/domain/assessment/engine_run.go:38.45,38.69 1 0
github.com/felixgeelhaar/verdictsec/internal/domain/assessment/engine_run.go:41.46,42.28 1 0
github.com/felixgeelhaar/verdictsec/internal/domain/assessment/engine_run.go:42.28,44.3 1 0
github.com/felixgeelhaar/verdictsec/internal/domain/assessment/engine_run.go:45.2,45.39 1 0
github.com/felixgeelhaar/verdictsec/internal/domain/assessment/engine_run.go:49.36,49.56 1 0
github.com/felixgeelhaar/verdictsec/internal/domain/assessment/engine_run.go:52.43,52.68 1 0
github.com/felixgeelhaar/verdictsec/internal/domain/assessment/engine_run.go:55.40,55.65 1 0
github.com/felixgeelhaar/verdictsec/internal/domain/assessment/engine_run.go:58.48,62.2 3 0
github.com/felixgeelhaar/verdictsec/internal/domain/assessment/engine_run.go:65.37,68.16 3 0
github.com/felixgeelhaar/verdictsec/internal/domain/assessment/engine_run.go:68.16,70.3 1 0
github.com/felixgeelhaar/verdictsec/internal/domain/assessment/engine_run.go:86.44,97.2 1 0
github.com/felixgeelhaar/verdictsec/internal/domain/assessment/engine_run.go:100.55,110.2 1 0
github.com/felixgeelhaar/verdictsec/internal/domain/baseline/baseline.go:23.43,36.2 1 0
github.com/felixgeelhaar/verdictsec/internal/domain/baseline/baseline.go:39.50,50.2 1 0
github.com/felixgeelhaar/verdictsec/internal/domain/baseline/baseline.go:53.54,57.2 3 0
github.com/felixgeelhaar/verdictsec/internal/domain/baseline/baseline.go:60.65,64.2 3 0
github.com/felixgeelhaar/verdictsec/internal/domain/baseline/baseline.go:67.56,70.2 2 0
github.com/felixgeelhaar/verdictsec/internal/domain/baseline/baseline.go:74.44,78.53 3 0
github.com/felixgeelhaar/verdictsec/internal/domain/baseline/baseline.go:78.53,80.3 1 0
github.com/felixgeelhaar/verdictsec/internal/domain/baseline/baseline.go:80.8,84.3 3 0
github.com/felixgeelhaar/verdictsec/internal/domain/baseline/baseline.go:85.2,85.32 1 0
github.com/felixgeelhaar/verdictsec/internal/domain/baseline/baseline.go:89.56,90.29 1 0
github.com/felixgeelhaar/verdictsec/internal/domain/baseline/baseline.go:90.29,92.3 1 0
github.com/felixgeelhaar/verdictsec/internal/domain/baseline/baseline.go:96.52,98.59 2 0
github.com/felixgeelhaar/verdictsec/internal/domain/baseline/baseline.go:98.59,100.3 1 0
github.com/felixgeelhaar/verdictsec/internal/domain/baseline/baseline.go:102.2,106.30 3 0
github.com/felixgeelhaar/verdictsec/internal/domain/baseline/baseline.go:106.30,107.35 1 0
github.com/felixgeelhaar/verdictsec/internal/domain/baseline/baseline.go:107.35,109.4 1 0
github.com/felixgeelhaar/verdictsec/internal/domain/baseline/baseline.go:111.2,116.13 4 0
github.com/felixgeelhaar/verdictsec/internal/domain/baseline/baseline.go:121.61,125.30 3 0
github.com/felixgeelhaar/verdictsec/internal/domain/baseline/baseline.go:125.30,126.27 1 0
github.com/felixgeelhaar/verdictsec/internal/domain/baseline/baseline.go:126.27,128.4 1 0
github.com/felixgeelhaar/verdictsec/internal/domain/baseline/baseline.go:128.9,130.4 1 0
github.com/felixgeelhaar/verdictsec/internal/domain/baseline/baseline.go:133.2,133.22 1 0
github.com/felixgeelhaar/verdictsec/internal/domain/baseline/baseline.go:133.22,137.3 3 0
github.com/felixgeelhaar/verdictsec/internal/domain/baseline/baseline.go:139.2,139.21 1 0
github.com/felixgeelhaar/verdictsec/internal/domain/baseline/baseline.go:143.32,145.2 1 0
github.com/felixgeelhaar/verdictsec/internal/domain/baseline/baseline.go:148.44,150.30 2 0
github.com/felixgeelhaar/verdictsec/internal/domain/baseline/baseline.go:150.30,152.3 1 0
github.com/felixgeelhaar/verdictsec/internal/domain/baseline/baseline.go:153.2,153.12 1 0
github.com/felixgeelhaar/verdictsec/internal/domain/baseline/baseline.go:157.57,159.30 2 0
github.com/felixgeelhaar/verdictsec/internal/domain/baseline/baseline.go:159.30,161.3 1 0
github.com/felixgeelhaar/verdictsec/internal/domain/baseline/baseline.go:162.2,162.15 1 0
github.com/felixgeelhaar/verdictsec/internal/domain/baseline/baseline.go:166.53,168.2 1 0
github.com/felixgeelhaar/verdictsec/internal/domain/baseline/baseline.go:171.34,172.31 1 0
github.com/felixgeelhaar/verdictsec/internal/domain/baseline/baseline.go:172.31,174.3 1 0
github.com/felixgeelhaar/verdictsec/internal/domain/baseline/baseline.go:178.35,180.27 2 0
github.com/felixgeelhaar/verdictsec/internal/domain/baseline/baseline.go:180.27,182.3 1 0
github.com/felixgeelhaar/verdictsec/internal/domain/baseline/baseline.go:187.43,189.38 2 0
github.com/felixgeelhaar/verdictsec/internal/domain/baseline/baseline.go:189.38,190.72 1 0
github.com/felixgeelhaar/verdictsec/internal/domain/baseline/baseline.go:190.72,192.47 1 0
github.com/felixgeelhaar/verdictsec/internal/domain/baseline/baseline.go:192.47,194.5 1 0
github.com/felixgeelhaar/verdictsec/internal/domain/baseline/baseline.go:196.4,196.50 1 0
github.com/felixgeelhaar/verdictsec/internal/domain/baseline/baseline.go:196.50,198.5 1 0
github.com/felixgeelhaar/verdictsec/internal/domain/baseline/baseline.go:199.9,202.4 2 0
github.com/felixgeelhaar/verdictsec/internal/domain/baseline/baseline.go:204.2,204.32 1 0
github.com/felixgeelhaar/verdictsec/internal/domain/baseline/baseline.go:208.38,221.2 4 0
github.com/felixgeelhaar/verdictsec/internal/domain/baseline/entry.go:18.79,28.2 2 0
github.com/felixgeelhaar/verdictsec/internal/domain/baseline/entry.go:31.25,33.2 1 0
github.com/felixgeelhaar/verdictsec/internal/domain/baseline/entry.go:36.36,38.2 1 0
github.com/felixgeelhaar/verdictsec/internal/domain/baseline/entry.go:41.40,43.2 1 0
github.com/felixgeelhaar/verdictsec/internal/domain/baseline/entry.go:46.54,48.2 1 0
github.com/felixgeelhaar/verdictsec/internal/domain/baseline/scope.go:10.57,15.2 1 0
github.com/felixgeelhaar/verdictsec/internal/domain/baseline/scope.go:18.54,19.24 1 0
github.com/felixgeelhaar/verdictsec/internal/domain/baseline/scope.go:19.24,21.3 1 0
github.com/felixgeelhaar/verdictsec/internal/domain/baseline/scope.go:22.2,22.27 1 0
github.com/felixgeelhaar/verdictsec/internal/domain/baseline/scope.go:22.27,24.3 1 0
github.com/felixgeelhaar/verdictsec/internal/domain/baseline/scope.go:25.2,25.33 1 0
github.com/felixgeelhaar/verdictsec/internal/domain/baseline/scope.go:25.33,26.21 1 0
github.com/felixgeelhaar/verdictsec/internal/domain/baseline/scope.go:26.21,28.4 1 0
github.com/felixgeelhaar/verdictsec/internal/domain/baseline/scope.go:30.2,30.14 1 0
github.com/felixgeelhaar/verdictsec/internal/domain/baseline/scope.go:34.50,36.2 1 0
github.com/felixgeelhaar/verdictsec/internal/domain/baseline/scope.go:39.39,41.2 1 0
github.com/felixgeelhaar/verdictsec/internal/domain/baseline/scope.go:44.53,45.27 1 0
github.com/felixgeelhaar/verdictsec/internal/domain/baseline/scope.go:45.27,47.3 1 0
github.com/felixgeelhaar/verdictsec/internal/domain/baseline/scope.go:48.2,48.33 1 0
github.com/felixgeelhaar/verdictsec/internal/domain/baseline/scope.go:48.33,49.21 1 0
github.com/felixgeelhaar/verdictsec/internal/domain/baseline/scope.go:49.21,51.4 1 0
github.com/felixgeelhaar/verdictsec/internal/domain/baseline/scope.go:53.2,53.14 1 0
github.com/felixgeelhaar/verdictsec/internal/domain/finding/confidence.go:35.37,36.40 1 0
github.com/felixgeelhaar/verdictsec/internal/domain/finding/confidence.go:36.40,38.3 1 0
github.com/felixgeelhaar/verdictsec/internal/domain/finding/confidence.go:39.2,39.18 1 0
github.com/felixgeelhaar/verdictsec/internal/domain/finding/confidence.go:44.52,46.45 2 0
github.com/felixgeelhaar/verdictsec/internal/domain/finding/confidence.go:46.45,48.3 1 0
github.com/felixgeelhaar/verdictsec/internal/domain/finding/confidence.go:49.2,49.67 1 0
github.com/felixgeelhaar/verdictsec/internal/domain/finding/confidence.go:53.47,55.16 2 0
github.com/felixgeelhaar/verdictsec/internal/domain/finding/confidence.go:55.16,56.13 1 0
github.com/felixgeelhaar/verdictsec/internal/domain/finding/confidence.go:58.2,58.13 1 0
github.com/felixgeelhaar/verdictsec/internal/domain/finding/confidence.go:62.54,64.2 1 0
github.com/felixgeelhaar/verdictsec/internal/domain/finding/confidence.go:67.36,70.2 2 0
github.com/felixgeelhaar/verdictsec/internal/domain/finding/confidence.go:73.51,75.2 1 0
github.com/felixgeelhaar/verdictsec/internal/domain/finding/confidence.go:78.55,80.51 2 0
github.com/felixgeelhaar/verdictsec/internal/domain/finding/confidence.go:80.51,82.3 1 0
github.com/felixgeelhaar/verdictsec/internal/domain/finding/confidence.go:83.2,84.16 2 0
github.com/felixgeelhaar/verdictsec/internal/domain/finding/confidence.go:84.16,86.3 1 0
github.com/felixgeelhaar/verdictsec/internal/domain/finding/confidence.go:87.2,88.12 2 0
github.com/felixgeelhaar/verdictsec/internal/domain/finding/confidence.go:92.56,94.2 1 0
github.com/felixgeelhaar/verdictsec/internal/domain/finding/confidence.go:97.77,99.40 2 0
github.com/felixgeelhaar/verdictsec/internal/domain/finding/confidence.go:99.40,101.3 1 0
github.com/felixgeelhaar/verdictsec/internal/domain/finding/confidence.go:102.2,103.16 2 0
github.com/felixgeelhaar/verdictsec/internal/domain/finding/confidence.go:103.16,105.3 1 0
github.com/felixgeelhaar/verdictsec/internal/domain/finding/confidence.go:106.2,107.12 2 0
github.com/felixgeelhaar/verdictsec/internal/domain/finding/confidence.go:111.36,118.2 1 0
github.com/felixgeelhaar/verdictsec/internal/domain/finding/finding.go:48.12,68.27 3 0
github.com/felixgeelhaar/verdictsec/internal/domain/finding/finding.go:68.27,70.3 1 0
github.com/felixgeelhaar/verdictsec/internal/domain/finding/finding.go:72.2,72.10 1 0
github.com/felixgeelhaar/verdictsec/internal/domain/finding/finding.go:78.49,79.26 1 0
github.com/felixgeelhaar/verdictsec/internal/domain/finding/finding.go:79.26,79.50 1 0
github.com/felixgeelhaar/verdictsec/internal/domain/finding/finding.go:83.49,84.26 1 0
github.com/felixgeelhaar/verdictsec/internal/domain/finding/finding.go:84.26,84.46 1 0
github.com/felixgeelhaar/verdictsec/internal/domain/finding/finding.go:88.53,89.26 1 0
github.com/felixgeelhaar/verdictsec/internal/domain/finding/finding.go:89.26,89.48 1 0
github.com/felixgeelhaar/verdictsec/internal/domain/finding/finding.go:93.42,94.26 1 0
github.com/felixgeelhaar/verdictsec/internal/domain/finding/finding.go:94.26,94.45 1 0
github.com/felixgeelhaar/verdictsec/internal/domain/finding/finding.go:98.42,99.26 1 0
github.com/felixgeelhaar/verdictsec/internal/domain/finding/finding.go:99.26,99.45 1 0
github.com/felixgeelhaar/verdictsec/internal/domain/finding/finding.go:103.51,104.26 1 0
github.com/felixgeelhaar/verdictsec/internal/domain/finding/finding.go:104.26,104.52 1 0
github.com/felixgeelhaar/verdictsec/internal/domain/finding/finding.go:108.52,109.26 1 0
github.com/felixgeelhaar/verdictsec/internal/domain/finding/finding.go:109.26,109.51 1 0
github.com/felixgeelhaar/verdictsec/internal/domain/finding/finding.go:113.56,114.26 1 0
github.com/felixgeelhaar/verdictsec/internal/domain/finding/finding.go:114.26,114.53 1 0
github.com/felixgeelhaar/verdictsec/internal/domain/finding/finding.go:118.48,119.26 1 0
github.com/felixgeelhaar/verdictsec/internal/domain/finding/finding.go:119.26,119.52 1 0
github.com/felixgeelhaar/verdictsec/internal/domain/finding/finding.go:125.31,125.46 1 0
github.com/felixgeelhaar/verdictsec/internal/domain/finding/finding.go:128.38,128.62 1 0
github.com/felixgeelhaar/verdictsec/internal/domain/finding/finding.go:131.37,131.58 1 0
github.com/felixgeelhaar/verdictsec/internal/domain/finding/finding.go:134.35,134.54 1 0
github.com/felixgeelhaar/verdictsec/internal/domain/finding/finding.go:137.34,137.52 1 0
github.com/felixgeelhaar/verdictsec/internal/domain/finding/finding.go:140.40,140.64 1 0
github.com/felixgeelhaar/verdictsec/internal/domain/finding/finding.go:143.49,143.80 1 0
github.com/felixgeelhaar/verdictsec/internal/domain/finding/finding.go:146.48,146.78 1 0
github.com/felixgeelhaar/verdictsec/internal/domain/finding/finding.go:149.43,149.66 1 0
github.com/felixgeelhaar/verdictsec/internal/domain/finding/finding.go:152.47,152.72 1 0
github.com/felixgeelhaar/verdictsec/internal/domain/finding/finding.go:155.39,155.60 1 0
github.com/felixgeelhaar/verdictsec/internal/domain/finding/finding.go:158.45,158.69 1 0
github.com/felixgeelhaar/verdictsec/internal/domain/finding/finding.go:161.34,161.52 1 0
github.com/felixgeelhaar/verdictsec/internal/domain/finding/finding.go:164.34,164.52 1 0
github.com/felixgeelhaar/verdictsec/internal/domain/finding/finding.go:167.39,167.62 1 0
github.com/felixgeelhaar/verdictsec/internal/domain/finding/finding.go:170.43,170.68 1 0
github.com/felixgeelhaar/verdictsec/internal/domain/finding/finding.go:173.45,173.66 1 0
github.com/felixgeelhaar/verdictsec/internal/domain/finding/finding.go:176.42,176.65 1 0
github.com/felixgeelhaar/verdictsec/internal/domain/finding/finding.go:180.52,182.2 1 0
github.com/felixgeelhaar/verdictsec/internal/domain/finding/finding.go:185.33,185.57 1 0
github.com/felixgeelhaar/verdictsec/internal/domain/finding/finding.go:188.33,188.57 1 0
github.com/felixgeelhaar/verdictsec/internal/domain/finding/finding.go:191.33,191.62 1 0
github.com/felixgeelhaar/verdictsec/internal/domain/finding/finding.go:194.38,194.77 1 0
github.com/felixgeelhaar/verdictsec/internal/domain/finding/finding.go:198.47,199.18 1 0
github.com/felixgeelhaar/verdictsec/internal/domain/finding/finding.go:199.18,201.3 1 0
github.com/felixgeelhaar/verdictsec/internal/domain/finding/finding.go:202.2,202.48 1 0
github.com/felixgeelhaar/verdictsec/internal/domain/finding/finding.go:206.26,208.40 2 0
github.com/felixgeelhaar/verdictsec/internal/domain/finding/finding.go:208.40,211.3 1 0
github.com/felixgeelhaar/verdictsec/internal/domain/finding/finding.go:212.2,212.43 1 0
github.com/felixgeelhaar/verdictsec/internal/domain/finding/finding.go:238.49,259.2 1 0
github.com/felixgeelhaar/verdictsec/internal/domain/finding/finding.go:262.52,264.50 2 0
github.com/felixgeelhaar/verdictsec/internal/domain/finding/finding.go:264.50,266.3 1 0
github.com/felixgeelhaar/verdictsec/internal/domain/finding/finding.go:268.2,287.23 19 0
github.com/felixgeelhaar/verdictsec/internal/domain/finding/finding.go:287.23,289.3 1 0
github.com/felixgeelhaar/verdictsec/internal/domain/finding/finding.go:291.2,291.12 1 0
github.com/felixgeelhaar/verdictsec/internal/domain/finding/finding_type.go:38.38,39.41 1 0
github.com/felixgeelhaar/verdictsec/internal/domain/finding/finding_type.go:39.41,41.3 1 0
github.com/felixgeelhaar/verdictsec/internal/domain/finding/finding_type.go:42.2,42.18 1 0
github.com/felixgeelhaar/verdictsec/internal/domain/finding/finding_type.go:47.54,49.44 2 0
github.com/felixgeelhaar/verdictsec/internal/domain/finding/finding_type.go:49.44,51.3 1 0
github.com/felixgeelhaar/verdictsec/internal/domain/finding/finding_type.go:52.2,52.70 1 0
github.com/felixgeelhaar/verdictsec/internal/domain/finding/finding_type.go:56.49,58.16 2 0
github.com/felixgeelhaar/verdictsec/internal/domain/finding/finding_type.go:58.16,59.13 1 0
github.com/felixgeelhaar/verdictsec/internal/domain/finding/finding_type.go:61.2,61.11 1 0
github.com/felixgeelhaar/verdictsec/internal/domain/finding/finding_type.go:65.37,68.2 2 0
github.com/felixgeelhaar/verdictsec/internal/domain/finding/finding_type.go:71.52,73.2 1 0
github.com/felixgeelhaar/verdictsec/internal/domain/finding/finding_type.go:76.56,78.51 2 0
github.com/felixgeelhaar/verdictsec/internal/domain/finding/finding_type.go:78.51,80.3 1 0
github.com/felixgeelhaar/verdictsec/internal/domain/finding/finding_type.go:81.2,82.16 2 0
github.com/felixgeelhaar/verdictsec/internal/domain/finding/finding_type.go:82.16,84.3 1 0
github.com/felixgeelhaar/verdictsec/internal/domain/finding/finding_type.go:85.2,86.12 2 0
github.com/felixgeelhaar/verdictsec/internal/domain/finding/finding_type.go:90.38,98.2 1 0
github.com/felixgeelhaar/verdictsec/internal/domain/finding/fingerprint.go:25.102,41.2 3 0
github.com/felixgeelhaar/verdictsec/internal/domain/finding/fingerprint.go:45.66,50.2 1 0
github.com/felixgeelhaar/verdictsec/internal/domain/finding/fingerprint.go:53.37,53.55 1 0
github.com/felixgeelhaar/verdictsec/internal/domain/finding/fingerprint.go:56.39,56.59 1 0
github.com/felixgeelhaar/verdictsec/internal/domain/finding/fingerprint.go:59.38,59.56 1 0
github.com/felixgeelhaar/verdictsec/internal/domain/finding/fingerprint.go:62.37,63.23 1 0
github.com/felixgeelhaar/verdictsec/internal/domain/finding/fingerprint.go:63.23,65.3 1 0
github.com/felixgeelhaar/verdictsec/internal/domain/finding/fingerprint.go:66.2,66.16 1 0
github.com/felixgeelhaar/verdictsec/internal/domain/finding/fingerprint.go:71.53,73.2 1 0
github.com/felixgeelhaar/verdictsec/internal/domain/finding/fingerprint.go:76.58,78.2 1 0
github.com/felixgeelhaar/verdictsec/internal/domain/finding/fingerprint.go:81.36,83.2 1 0
github.com/felixgeelhaar/verdictsec/internal/domain/finding/fingerprint.go:86.46,88.2 1 0
github.com/felixgeelhaar/verdictsec/internal/domain/finding/fingerprint.go:97.52,102.2 1 0
github.com/felixgeelhaar/verdictsec/internal/domain/finding/fingerprint.go:105.56,107.50 2 0
github.com/felixgeelhaar/verdictsec/internal/domain/finding/fingerprint.go:107.50,109.3 1 0
github.com/felixgeelhaar/verdictsec/internal/domain/finding/fingerprint.go:110.2,111.12 2 0
github.com/felixgeelhaar/verdictsec/internal/domain/finding/location.go:22.78,36.2 3 0
github.com/felixgeelhaar/verdictsec/internal/domain/finding/location.go:39.56,41.2 1 0
github.com/felixgeelhaar/verdictsec/internal/domain/finding/location.go:44.33,44.50 1 0
github.com/felixgeelhaar/verdictsec/internal/domain/finding/location.go:47.30,47.47 1 0
github.com/felixgeelhaar/verdictsec/internal/domain/finding/location.go:50.32,50.51 1 0
github.com/felixgeelhaar/verdictsec/internal/domain/finding/location.go:53.33,53.53 1 0
github.com/felixgeelhaar/verdictsec/internal/domain/finding/location.go:56.35,56.57 1 0
github.com/felixgeelhaar/verdictsec/internal/domain/finding/location.go:59.35,60.18 1 0
github.com/felixgeelhaar/verdictsec/internal/domain/finding/location.go:60.18,62.3 1 0
github.com/felixgeelhaar/verdictsec/internal/domain/finding/location.go:63.2,63.16 1 0
github.com/felixgeelhaar/verdictsec/internal/domain/finding/location.go:63.16,65.3 1 0
github.com/felixgeelhaar/verdictsec/internal/domain/finding/location.go:66.2,66.15 1 0
github.com/felixgeelhaar/verdictsec/internal/domain/finding/location.go:71.38,73.2 1 0
github.com/felixgeelhaar/verdictsec/internal/domain/finding/location.go:76.47,82.2 1 0
github.com/felixgeelhaar/verdictsec/internal/domain/finding/location.go:85.53,89.2 1 0
github.com/felixgeelhaar/verdictsec/internal/domain/finding/location.go:92.33,94.2 1 0
github.com/felixgeelhaar/verdictsec/internal/domain/finding/location.go:97.35,99.2 1 0
github.com/felixgeelhaar/verdictsec/internal/domain/finding/location.go:111.49,119.2 1 0
github.com/felixgeelhaar/verdictsec/internal/domain/finding/location.go:122.53,124.50 2 0
github.com/felixgeelhaar/verdictsec/internal/domain/finding/location.go:124.50,126.3 1 0
github.com/felixgeelhaar/verdictsec/internal/domain/finding/location.go:127.2,128.12 2 0
github.com/felixgeelhaar/verdictsec/internal/domain/finding/reachability.go:33.39,34.42 1 0
github.com/felixgeelhaar/verdictsec/internal/domain/finding/reachability.go:34.42,36.3 1 0
github.com/felixgeelhaar/verdictsec/internal/domain/finding/reachability.go:37.2,37.18 1 0
github.com/felixgeelhaar/verdictsec/internal/domain/finding/reachability.go:42.56,44.48 2 0
github.com/felixgeelhaar/verdictsec/internal/domain/finding/reachability.go:44.48,46.3 1 0
github.com/felixgeelhaar/verdictsec/internal/domain/finding/reachability.go:47.2,47.71 1 0
github.com/felixgeelhaar/verdictsec/internal/domain/finding/reachability.go:51.51,53.16 2 0
github.com/felixgeelhaar/verdictsec/internal/domain/finding/reachability.go:53.16,54.13 1 0
github.com/felixgeelhaar/verdictsec/internal/domain/finding/reachability.go:56.2,56.14 1 0
github.com/felixgeelhaar/verdictsec/internal/domain/finding/reachability.go:60.42,62.2 1 0
github.com/felixgeelhaar/verdictsec/internal/domain/finding/reachability.go:65.45,67.2 1 0
github.com/felixgeelhaar/verdictsec/internal/domain/finding/reachability.go:70.38,72.2 1 0
github.com/felixgeelhaar/verdictsec/internal/domain/finding/reachability.go:75.38,78.2 2 0
github.com/felixgeelhaar/verdictsec/internal/domain/finding/reachability.go:81.53,83.2 1 0
github.com/felixgeelhaar/verdictsec/internal/domain/finding/reachability.go:86.57,88.51 2 0
github.com/felixgeelhaar/verdictsec/internal/domain/finding/reachability.go:88.51,90.3 1 0
github.com/felixgeelhaar/verdictsec/internal/domain/finding/reachability.go:91.2,92.16 2 0
github.com/felixgeelhaar/verdictsec/internal/domain/finding/reachability.go:92.16,94.3 1 0
github.com/felixgeelhaar/verdictsec/internal/domain/finding/reachability.go:95.2,96.12 2 0
github.com/felixgeelhaar/verdictsec/internal/domain/finding/reachability.go:100.58,102.2 1 0
github.com/felixgeelhaar/verdictsec/internal/domain/finding/reachability.go:105.79,107.40 2 0
github.com/felixgeelhaar/verdictsec/internal/domain/finding/reachability.go:107.40,109.3 1 0
github.com/felixgeelhaar/verdictsec/internal/domain/finding/reachability.go:110.2,111.16 2 0
github.com/felixgeelhaar/verdictsec/internal/domain/finding/reachability.go:111.16,113.3 1 0
github.com/felixgeelhaar/verdictsec/internal/domain/finding/reachability.go:114.2,115.12 2 0
github.com/felixgeelhaar/verdictsec/internal/domain/finding/reachability.go:119.41,125.2 1 0
github.com/felixgeelhaar/verdictsec/internal/domain/finding/severity.go:41.35,42.38 1 0
github.com/felixgeelhaar/verdictsec/internal/domain/finding/severity.go:42.38,44.3 1 0
github.com/felixgeelhaar/verdictsec/internal/domain/finding/severity.go:45.2,45.18 1 0
github.com/felixgeelhaar/verdictsec/internal/domain/finding/severity.go:50.48,52.42 2 0
github.com/felixgeelhaar/verdictsec/internal/domain/finding/severity.go:52.42,54.3 1 0
github.com/felixgeelhaar/verdictsec/internal/domain/finding/severity.go:55.2,55.63 1 0
github.com/felixgeelhaar/verdictsec/internal/domain/finding/severity.go:59.43,61.16 2 0
github.com/felixgeelhaar/verdictsec/internal/domain/finding/severity.go:61.16,62.13 1 0
github.com/felixgeelhaar/verdictsec/internal/domain/finding/severity.go:64.2,64.12 1 0
github.com/felixgeelhaar/verdictsec/internal/domain/finding/severity.go:68.50,70.2 1 0
github.com/felixgeelhaar/verdictsec/internal/domain/finding/severity.go:73.53,75.2 1 0
github.com/felixgeelhaar/verdictsec/internal/domain/finding/severity.go:78.34,81.2 2 0
github.com/felixgeelhaar/verdictsec/internal/domain/finding/severity.go:84.49,86.2 1 0
github.com/felixgeelhaar/verdictsec/internal/domain/finding/severity.go:89.53,91.51 2 0
github.com/felixgeelhaar/verdictsec/internal/domain/finding/severity.go:91.51,93.3 1 0
github.com/felixgeelhaar/verdictsec/internal/domain/finding/severity.go:94.2,95.16 2 0
github.com/felixgeelhaar/verdictsec/internal/domain/finding/severity.go:95.16,97.3 1 0
github.com/felixgeelhaar/verdictsec/internal/domain/finding/severity.go:98.2,99.12 2 0
github.com/felixgeelhaar/verdictsec/internal/domain/finding/severity.go:103.54,105.2 1 0
github.com/felixgeelhaar/verdictsec/internal/domain/finding/severity.go:108.75,110.40 2 0
github.com/felixgeelhaar/verdictsec/internal/domain/finding/severity.go:110.40,112.3 1 0
github.com/felixgeelhaar/verdictsec/internal/domain/finding/severity.go:113.2,114.16 2 0
github.com/felixgeelhaar/verdictsec/internal/domain/finding/severity.go:114.16,116.3 1 0
github.com/felixgeelhaar/verdictsec/internal/domain/finding/severity.go:117.2,118.12 2 0
github.com/felixgeelhaar/verdictsec/internal/domain/finding/severity.go:122.33,131.2 1 0
github.com/felixgeelhaar/verdictsec/internal/domain/policy/gating_rule.go:18.38,19.45 1 0
github.com/felixgeelhaar/verdictsec/internal/domain/policy/gating_rule.go:19.45,21.3 1 0
github.com/felixgeelhaar/verdictsec/internal/domain/policy/gating_rule.go:22.2,22.31 1 0
github.com/felixgeelhaar/verdictsec/internal/domain/policy/policy.go:29.29,37.2 1 7
github.com/felixgeelhaar/verdictsec/internal/domain/policy/policy.go:40.53,42.35 2 0
github.com/felixgeelhaar/verdictsec/internal/domain/policy/policy.go:42.35,43.19 1 0
github.com/felixgeelhaar/verdictsec/internal/domain/policy/policy.go:43.19,45.4 1 0
github.com/felixgeelhaar/verdictsec/internal/domain/policy/policy.go:47.2,47.15 1 0
github.com/felixgeelhaar/verdictsec/internal/domain/policy/policy.go:51.54,53.35 2 0
github.com/felixgeelhaar/verdictsec/internal/domain/policy/policy.go:53.35,54.20 1 0
github.com/felixgeelhaar/verdictsec/internal/domain/policy/policy.go:54.20,56.4 1 0
github.com/felixgeelhaar/verdictsec/internal/domain/policy/policy.go:58.2,58.16 1 0
github.com/felixgeelhaar/verdictsec/internal/domain/policy/policy.go:62.56,63.43 1 0
github.com/felixgeelhaar/verdictsec/internal/domain/policy/policy.go:63.43,64.19 1 0
github.com/felixgeelhaar/verdictsec/internal/domain/policy/policy.go:64.19,66.4 1 0
github.com/felixgeelhaar/verdictsec/internal/domain/policy/policy.go:68.2,68.14 1 0
github.com/felixgeelhaar/verdictsec/internal/domain/policy/policy.go:72.66,73.32 1 0
github.com/felixgeelhaar/verdictsec/internal/domain/policy/policy.go:73.32,74.67 1 0
github.com/felixgeelhaar/verdictsec/internal/domain/policy/policy.go:74.67,76.4 1 0
github.com/felixgeelhaar/verdictsec/internal/domain/policy/policy.go:78.2,78.12 1 0
github.com/felixgeelhaar/verdictsec/internal/domain/policy/policy.go:83.59,84.37 1 0
github.com/felixgeelhaar/verdictsec/internal/domain/policy/policy.go:84.37,85.24 1 0
github.com/felixgeelhaar/verdictsec/internal/domain/policy/policy.go:85.24,87.4 1 0
github.com/felixgeelhaar/verdictsec/internal/domain/policy/policy.go:89.2,89.20 1 0
github.com/felixgeelhaar/verdictsec/internal/domain/policy/policy.go:93.54,94.37 1 0
github.com/felixgeelhaar/verdictsec/internal/domain/policy/policy.go:94.37,96.3 1 0
github.com/felixgeelhaar/verdictsec/internal/domain/policy/policy.go:97.2,98.12 2 0
github.com/felixgeelhaar/verdictsec/internal/domain/policy/policy.go:102.69,103.35 1 0
github.com/felixgeelhaar/verdictsec/internal/domain/policy/policy.go:103.35,105.41 1 0
github.com/felixgeelhaar/verdictsec/internal/domain/policy/policy.go:105.41,108.4 2 0
github.com/felixgeelhaar/verdictsec/internal/domain/policy/policy.go:110.2,110.14 1 0
github.com/felixgeelhaar/verdictsec/internal/domain/policy/policy.go:114.39,117.35 3 0
github.com/felixgeelhaar/verdictsec/internal/domain/policy/policy.go:117.35,118.19 1 0
github.com/felixgeelhaar/verdictsec/internal/domain/policy/policy.go:118.19,120.4 1 0
github.com/felixgeelhaar/verdictsec/internal/domain/policy/policy.go:120.9,122.4 1 0
github.com/felixgeelhaar/verdictsec/internal/domain/policy/policy.go:124.2,125.21 2 0
github.com/felixgeelhaar/verdictsec/internal/domain/policy/policy.go:129.35,130.47 1 0
github.com/felixgeelhaar/verdictsec/internal/domain/policy/policy.go:130.47,132.3 1 0
github.com/felixgeelhaar/verdictsec/internal/domain/policy/policy.go:134.2,134.35 1 0
github.com/felixgeelhaar/verdictsec/internal/domain/policy/policy.go:134.35,135.38 1 0
github.com/felixgeelhaar/verdictsec/internal/domain/policy/policy.go:135.38,137.4 1 0
github.com/felixgeelhaar/verdictsec/internal/domain/policy/policy.go:140.2,140.34 1 0
github.com/felixgeelhaar/verdictsec/internal/domain/policy/policy.go:140.34,141.38 1 0
github.com/felixgeelhaar/verdictsec/internal/domain/policy/policy.go:141.38,143.4 1 0
github.com/felixgeelhaar/verdictsec/internal/domain/policy/policy.go:146.2,148.37 1 0
github.com/felixgeelhaar/verdictsec/internal/domain/policy/policy.go:148.37,150.3 1 0
github.com/felixgeelhaar/verdictsec/internal/domain/policy/policy.go:152.2,152.12 1 0
github.com/felixgeelhaar/verdictsec/internal/domain/policy/policy.go:156.41,158.2 1 0
github.com/felixgeelhaar/verdictsec/internal/domain/policy/policy.go:161.47,163.2 1 0
github.com/felixgeelhaar/verdictsec/internal/domain/policy/suppression.go:21.98,30.2 1 0
github.com/felixgeelhaar/verdictsec/internal/domain/policy/suppression.go:33.40,35.2 1 0
github.com/felixgeelhaar/verdictsec/internal/domain/policy/suppression.go:38.39,40.2 1 0
github.com/felixgeelhaar/verdictsec/internal/domain/policy/suppression.go:43.56,44.69 1 0
github.com/felixgeelhaar/verdictsec/internal/domain/policy/suppression.go:44.69,46.3 1 0
github.com/felixgeelhaar/verdictsec/internal/domain/policy/suppression.go:47.2,47.46 1 0
github.com/felixgeelhaar/verdictsec/internal/domain/policy/suppression.go:47.46,49.3 1 0
github.com/felixgeelhaar/verdictsec/internal/domain/policy/suppression.go:50.2,50.14 1 0
github.com/felixgeelhaar/verdictsec/internal/domain/policy/suppression.go:55.45,56.19 1 0
github.com/felixgeelhaar/verdictsec/internal/domain/policy/suppression.go:56.19,58.3 1 0
github.com/felixgeelhaar/verdictsec/internal/domain/policy/suppression.go:59.2,60.35 2 0
github.com/felixgeelhaar/verdictsec/internal/domain/policy/suppression.go:64.40,65.20 1 0
github.com/felixgeelhaar/verdictsec/internal/domain/policy/suppression.go:65.20,67.3 1 0
github.com/felixgeelhaar/verdictsec/internal/domain/policy/suppression.go:68.2,68.19 1 0
github.com/felixgeelhaar/verdictsec/internal/domain/policy/suppression.go:68.19,70.3 1 0
github.com/felixgeelhaar/verdictsec/internal/domain/policy/suppression.go:71.2,71.26 1 0
github.com/felixgeelhaar/verdictsec/internal/domain/policy/suppression.go:71.26,73.3 1 0
github.com/felixgeelhaar/verdictsec/internal/domain/policy/suppression.go:74.2,74.43 1 0
github.com/felixgeelhaar/verdictsec/internal/domain/policy/suppression.go:74.43,76.3 1 0
github.com/felixgeelhaar/verdictsec/internal/domain/policy/suppression.go:77.2,77.12 1 0
github.com/felixgeelhaar/verdictsec/internal/domain/policy/suppression.go:86.42,88.2 1 0
github.com/felixgeelhaar/verdictsec/internal/domain/policy/threshold.go:14.35,19.2 1 7
github.com/felixgeelhaar/verdictsec/internal/domain/policy/threshold.go:22.63,24.2 1 0
github.com/felixgeelhaar/verdictsec/internal/domain/policy/threshold.go:27.63,29.2 1 0
github.com/felixgeelhaar/verdictsec/internal/domain/policy/threshold.go:32.37,33.25 1 0
github.com/felixgeelhaar/verdictsec/internal/domain/policy/threshold.go:33.25,35.3 1 0
github.com/felixgeelhaar/verdictsec/internal/domain/policy/threshold.go:36.2,36.25 1 0
github.com/felixgeelhaar/verdictsec/internal/domain/policy/threshold.go:36.25,38.3 1 0
github.com/felixgeelhaar/verdictsec/internal/domain/policy/threshold.go:39.2,39.37 1 0
github.com/felixgeelhaar/verdictsec/internal/domain/policy/threshold.go:39.37,41.3 1 0
github.com/felixgeelhaar/verdictsec/internal/domain/policy/threshold.go:42.2,42.12 1 0
github.com/felixgeelhaar/verdictsec/internal/domain/services/diff.go:20.36,22.2 1 0
github.com/felixgeelhaar/verdictsec/internal/domain/services/diff.go:29.14,36.17 2 0
github.com/felixgeelhaar/verdictsec/internal/domain/services/diff.go:36.17,40.3 2 0
github.com/felixgeelhaar/verdictsec/internal/domain/services/diff.go:43.2,45.28 2 0
github.com/felixgeelhaar/verdictsec/internal/domain/services/diff.go:45.28,47.35 2 0
github.com/felixgeelhaar/verdictsec/internal/domain/services/diff.go:47.35,50.4 2 0
github.com/felixgeelhaar/verdictsec/internal/domain/services/diff.go:50.9,52.4 1 0
github.com/felixgeelhaar/verdictsec/internal/domain/services/diff.go:56.2,56.41 1 0
github.com/felixgeelhaar/verdictsec/internal/domain/services/diff.go:56.41,57.16 1 0
github.com/felixgeelhaar/verdictsec/internal/domain/services/diff.go:57.16,59.4 1 0
github.com/felixgeelhaar/verdictsec/internal/domain/services/diff.go:62.2,62.15 1 0
github.com/felixgeelhaar/verdictsec/internal/domain/services/diff.go:73.39,79.2 1 0
github.com/felixgeelhaar/verdictsec/internal/domain/services/diff.go:82.35,84.2 1 0
github.com/felixgeelhaar/verdictsec/internal/domain/services/diff.go:87.40,89.2 1 0
github.com/felixgeelhaar/verdictsec/internal/domain/services/diff.go:92.40,94.2 1 0
github.com/felixgeelhaar/verdictsec/internal/domain/services/diff.go:97.84,99.26 2 0
github.com/felixgeelhaar/verdictsec/internal/domain/services/diff.go:99.26,100.51 1 0
github.com/felixgeelhaar/verdictsec/internal/domain/services/diff.go:100.51,102.4 1 0
github.com/felixgeelhaar/verdictsec/internal/domain/services/diff.go:104.2,104.15 1 0
github.com/felixgeelhaar/verdictsec/internal/domain/services/diff.go:108.73,110.26 2 0
github.com/felixgeelhaar/verdictsec/internal/domain/services/diff.go:110.26,111.20 1 0
github.com/felixgeelhaar/verdictsec/internal/domain/services/diff.go:111.20,113.4 1 0
github.com/felixgeelhaar/verdictsec/internal/domain/services/diff.go:115.2,115.15 1 0
github.com/felixgeelhaar/verdictsec/internal/domain/services/policy_eval.go:26.60,28.2 1 0
github.com/felixgeelhaar/verdictsec/internal/domain/services/policy_eval.go:37.20,46.24 2 0
github.com/felixgeelhaar/verdictsec/internal/domain/services/policy_eval.go:46.24,49.3 2 0
github.com/felixgeelhaar/verdictsec/internal/domain/services/policy_eval.go:51.2,53.29 2 0
github.com/felixgeelhaar/verdictsec/internal/domain/services/policy_eval.go:53.29,55.26 1 0
github.com/felixgeelhaar/verdictsec/internal/domain/services/policy_eval.go:55.26,57.12 2 0
github.com/felixgeelhaar/verdictsec/internal/domain/services/policy_eval.go:61.3,62.18 2 0
github.com/felixgeelhaar/verdictsec/internal/domain/services/policy_eval.go:62.18,66.53 2 0
github.com/felixgeelhaar/verdictsec/internal/domain/services/policy_eval.go:66.53,67.13 1 0
github.com/felixgeelhaar/verdictsec/internal/domain/services/policy_eval.go:69.9,71.4 1 0
github.com/felixgeelhaar/verdictsec/internal/domain/services/policy_eval.go:74.3,76.37 2 0
github.com/felixgeelhaar/verdictsec/internal/domain/services/policy_eval.go:76.37,79.19 3 0
github.com/felixgeelhaar/verdictsec/internal/domain/services/policy_eval.go:79.19,81.5 1 0
github.com/felixgeelhaar/verdictsec/internal/domain/services/policy_eval.go:82.4,87.24 1 0
github.com/felixgeelhaar/verdictsec/internal/domain/services/policy_eval.go:88.9,88.44 1 0
github.com/felixgeelhaar/verdictsec/internal/domain/services/policy_eval.go:88.44,89.49 1 0
github.com/felixgeelhaar/verdictsec/internal/domain/services/policy_eval.go:89.49,91.5 1 0
github.com/felixgeelhaar/verdictsec/internal/domain/services/policy_eval.go:92.4,93.19 2 0
github.com/felixgeelhaar/verdictsec/internal/domain/services/policy_eval.go:93.19,95.5 1 0
github.com/felixgeelhaar/verdictsec/internal/domain/services/policy_eval.go:96.4,101.24 1 0
github.com/felixgeelhaar/verdictsec/internal/domain/services/policy_eval.go:106.2,106.69 1 0
github.com/felixgeelhaar/verdictsec/internal/domain/services/policy_eval.go:106.69,109.3 1 0
github.com/felixgeelhaar/verdictsec/internal/domain/services/policy_eval.go:111.2,111.15 1 0
github.com/felixgeelhaar/verdictsec/internal/domain/services/policy_eval.go:120.39,132.39 3 0
github.com/felixgeelhaar/verdictsec/internal/domain/services/policy_eval.go:132.39,134.3 1 0
github.com/felixgeelhaar/verdictsec/internal/domain/services/policy_eval.go:135.2,135.36 1 0
github.com/felixgeelhaar/verdictsec/internal/domain/services/policy_eval.go:135.36,137.3 1 0
github.com/felixgeelhaar/verdictsec/internal/domain/services/policy_eval.go:139.2,139.22 1 0
github.com/felixgeelhaar/verdictsec/internal/domain/services/policy_eval.go:152.46,154.2 1 0
github.com/felixgeelhaar/verdictsec/internal/domain/services/policy_eval.go:157.42,159.2 1 0
github.com/felixgeelhaar/verdictsec/internal/domain/services/policy_eval.go:162.44,164.2 1 0
github.com/felixgeelhaar/verdictsec/internal/domain/services/policy_eval.go:167.41,169.2 1 0
github.com/felixgeelhaar/verdictsec/internal/application/ports/baseline.go:46.47,53.2 1 0
github.com/felixgeelhaar/verdictsec/internal/application/ports/config.go:44.29,59.2 1 13
github.com/felixgeelhaar/verdictsec/internal/application/ports/config.go:63.59,64.42 1 22
github.com/felixgeelhaar/verdictsec/internal/application/ports/config.go:64.42,66.3 1 22
github.com/felixgeelhaar/verdictsec/internal/application/ports/config.go:67.2,67.30 1 0
github.com/felixgeelhaar/verdictsec/internal/application/ports/config.go:71.51,74.2 2 12
github.com/felixgeelhaar/verdictsec/internal/application/ports/config.go:111.51,114.27 2 0
github.com/felixgeelhaar/verdictsec/internal/application/ports/config.go:114.27,116.3 1 0
github.com/felixgeelhaar/verdictsec/internal/application/ports/config.go:117.2,117.24 1 0
github.com/felixgeelhaar/verdictsec/internal/application/ports/config.go:117.24,119.3 1 0
github.com/felixgeelhaar/verdictsec/internal/application/ports/config.go:120.2,120.36 1 0
github.com/felixgeelhaar/verdictsec/internal/application/ports/config.go:120.36,122.3 1 0
github.com/felixgeelhaar/verdictsec/internal/application/ports/config.go:125.2,125.39 1 0
github.com/felixgeelhaar/verdictsec/internal/application/ports/config.go:125.39,126.54 1 0
github.com/felixgeelhaar/verdictsec/internal/application/ports/config.go:126.54,129.4 2 0
github.com/felixgeelhaar/verdictsec/internal/application/ports/config.go:133.2,133.31 1 0
github.com/felixgeelhaar/verdictsec/internal/application/ports/config.go:133.31,134.34 1 0
github.com/felixgeelhaar/verdictsec/internal/application/ports/config.go:134.34,138.4 3 0
github.com/felixgeelhaar/verdictsec/internal/application/ports/config.go:139.3,139.39 1 0
github.com/felixgeelhaar/verdictsec/internal/application/ports/config.go:139.39,140.55 1 0
github.com/felixgeelhaar/verdictsec/internal/application/ports/config.go:140.55,143.5 2 0
github.com/felixgeelhaar/verdictsec/internal/application/ports/config.go:147.2,147.15 1 0
github.com/felixgeelhaar/verdictsec/internal/application/ports/engine.go:39.58,44.2 1 12
github.com/felixgeelhaar/verdictsec/internal/application/ports/engine.go:55.41,62.2 1 39
github.com/felixgeelhaar/verdictsec/internal/application/ports/writer.go:84.61,86.2 1 0
github.com/felixgeelhaar/verdictsec/internal/application/ports/writer.go:89.105,90.30 1 0
github.com/felixgeelhaar/verdictsec/internal/application/ports/writer.go:90.30,91.54 1 0
github.com/felixgeelhaar/verdictsec/internal/application/ports/writer.go:91.54,93.4 1 0
github.com/felixgeelhaar/verdictsec/internal/application/ports/writer.go:95.2,95.12 1 0
github.com/felixgeelhaar/verdictsec/internal/application/ports/writer.go:99.102,100.30 1 0
github.com/felixgeelhaar/verdictsec/internal/application/ports/writer.go:100.30,101.51 1 0
github.com/felixgeelhaar/verdictsec/internal/application/ports/writer.go:101.51,103.4 1 0
github.com/felixgeelhaar/verdictsec/internal/application/ports/writer.go:105.2,105.12 1 0
github.com/felixgeelhaar/verdictsec/internal/application/ports/writer.go:109.59,110.30 1 0
github.com/felixgeelhaar/verdictsec/internal/application/ports/writer.go:110.30,111.50 1 0
github.com/felixgeelhaar/verdictsec/internal/application/ports/writer.go:111.50,113.4 1 0
github.com/felixgeelhaar/verdictsec/internal/application/ports/writer.go:115.2,115.12 1 0
github.com/felixgeelhaar/verdictsec/internal/application/ports/writer.go:119.51,120.30 1 0
github.com/felixgeelhaar/verdictsec/internal/application/ports/writer.go:120.30,121.53 1 0
github.com/felixgeelhaar/verdictsec/internal/application/ports/writer.go:121.53,123.4 1 0
github.com/felixgeelhaar/verdictsec/internal/application/ports/writer.go:125.2,125.12 1 0
github.com/felixgeelhaar/verdictsec/internal/application/ports/writer.go:129.37,130.30 1 0
github.com/felixgeelhaar/verdictsec/internal/application/ports/writer.go:130.30,131.35 1 0
github.com/felixgeelhaar/verdictsec/internal/application/ports/writer.go:131.35,133.4 1 0
github.com/felixgeelhaar/verdictsec/internal/application/ports/writer.go:135.2,135.12 1 0
github.com/felixgeelhaar/verdictsec/internal/application/usecases/evaluate_policy.go:34.83,40.2 1 7
github.com/felixgeelhaar/verdictsec/internal/application/usecases/evaluate_policy.go:43.90,59.22 4 6
github.com/felixgeelhaar/verdictsec/internal/application/usecases/evaluate_policy.go:59.22,61.3 1 0
github.com/felixgeelhaar/verdictsec/internal/application/usecases/evaluate_policy.go:63.2,67.3 1 6
github.com/felixgeelhaar/verdictsec/internal/application/usecases/evaluate_policy.go:71.122,78.2 3 1
github.com/felixgeelhaar/verdictsec/internal/application/usecases/evaluate_policy.go:88.95,96.2 2 1
github.com/felixgeelhaar/verdictsec/internal/application/usecases/evaluate_policy.go:99.49,101.2 1 4
github.com/felixgeelhaar/verdictsec/internal/application/usecases/evaluate_policy.go:104.46,106.2 1 3
github.com/felixgeelhaar/verdictsec/internal/application/usecases/run_scan.go:52.19,58.2 1 13
github.com/felixgeelhaar/verdictsec/internal/application/usecases/run_scan.go:61.99,69.23 3 12
github.com/felixgeelhaar/verdictsec/internal/application/usecases/run_scan.go:69.23,71.3 1 3
github.com/felixgeelhaar/verdictsec/internal/application/usecases/run_scan.go:74.2,74.22 1 9
github.com/felixgeelhaar/verdictsec/internal/application/usecases/run_scan.go:74.22,76.3 1 0
github.com/felixgeelhaar/verdictsec/internal/application/usecases/run_scan.go:79.2,79.40 1 9
github.com/felixgeelhaar/verdictsec/internal/application/usecases/run_scan.go:79.40,81.3 1 1
github.com/felixgeelhaar/verdictsec/internal/application/usecases/run_scan.go:81.8,83.3 1 8
github.com/felixgeelhaar/verdictsec/internal/application/usecases/run_scan.go:86.2,88.20 2 9
github.com/felixgeelhaar/verdictsec/internal/application/usecases/run_scan.go:92.76,95.28 2 12
github.com/felixgeelhaar/verdictsec/internal/application/usecases/run_scan.go:95.28,97.36 1 4
github.com/felixgeelhaar/verdictsec/internal/application/usecases/run_scan.go:97.36,98.69 1 4
github.com/felixgeelhaar/verdictsec/internal/application/usecases/run_scan.go:98.69,99.41 1 4
github.com/felixgeelhaar/verdictsec/internal/application/usecases/run_scan.go:99.41,101.6 1 4
github.com/felixgeelhaar/verdictsec/internal/application/usecases/run_scan.go:104.8,106.50 1 8
github.com/felixgeelhaar/verdictsec/internal/application/usecases/run_scan.go:106.50,107.49 1 8
github.com/felixgeelhaar/verdictsec/internal/application/usecases/run_scan.go:107.49,109.5 1 7
github.com/felixgeelhaar/verdictsec/internal/application/usecases/run_scan.go:113.2,113.16 1 12
github.com/felixgeelhaar/verdictsec/internal/application/usecases/run_scan.go:122.3,123.33 1 8
github.com/felixgeelhaar/verdictsec/internal/application/usecases/run_scan.go:123.33,124.10 1 9
github.com/felixgeelhaar/verdictsec/internal/application/usecases/run_scan.go:125.21,126.10 1 1
github.com/felixgeelhaar/verdictsec/internal/application/usecases/run_scan.go:127.11,128.44 1 8
github.com/felixgeelhaar/verdictsec/internal/application/usecases/run_scan.go:139.3,145.21 4 1
github.com/felixgeelhaar/verdictsec/internal/application/usecases/run_scan.go:145.21,147.3 1 0
github.com/felixgeelhaar/verdictsec/internal/application/usecases/run_scan.go:148.2,150.33 2 1
github.com/felixgeelhaar/verdictsec/internal/application/usecases/run_scan.go:150.33,152.27 2 2
github.com/felixgeelhaar/verdictsec/internal/application/usecases/run_scan.go:152.27,155.11 2 2
github.com/felixgeelhaar/verdictsec/internal/application/usecases/run_scan.go:156.22,157.11 1 0
github.com/felixgeelhaar/verdictsec/internal/application/usecases/run_scan.go:158.27,159.18 1 2
github.com/felixgeelhaar/verdictsec/internal/application/usecases/run_scan.go:159.18,159.27 1 2
github.com/felixgeelhaar/verdictsec/internal/application/usecases/run_scan.go:162.5,172.16 5 2
github.com/felixgeelhaar/verdictsec/internal/application/usecases/run_scan.go:177.2,177.11 1 1
github.com/felixgeelhaar/verdictsec/internal/application/usecases/run_scan.go:186.3,191.22 3 10
github.com/felixgeelhaar/verdictsec/internal/application/usecases/run_scan.go:191.22,193.3 1 0
github.com/felixgeelhaar/verdictsec/internal/application/usecases/run_scan.go:196.2,200.16 3 10
github.com/felixgeelhaar/verdictsec/internal/application/usecases/run_scan.go:200.16,208.23 4 1
github.com/felixgeelhaar/verdictsec/internal/application/usecases/run_scan.go:208.23,210.4 1 0
github.com/felixgeelhaar/verdictsec/internal/application/usecases/run_scan.go:211.3,211.9 1 1
github.com/felixgeelhaar/verdictsec/internal/application/usecases/run_scan.go:215.2,216.34 2 9
github.com/felixgeelhaar/verdictsec/internal/application/usecases/run_scan.go:216.34,218.15 2 4
github.com/felixgeelhaar/verdictsec/internal/application/usecases/run_scan.go:218.15,220.4 1 4
github.com/felixgeelhaar/verdictsec/internal/application/usecases/run_scan.go:224.2,224.29 1 9
github.com/felixgeelhaar/verdictsec/internal/application/usecases/run_scan.go:224.29,226.3 1 4
github.com/felixgeelhaar/verdictsec/internal/application/usecases/run_scan.go:229.2,235.22 4 9
github.com/felixgeelhaar/verdictsec/internal/application/usecases/run_scan.go:235.22,237.3 1 0
github.com/felixgeelhaar/verdictsec/internal/application/usecases/run_scan.go:247.99,251.32 3 1
github.com/felixgeelhaar/verdictsec/internal/application/usecases/run_scan.go:251.32,253.3 1 1
github.com/felixgeelhaar/verdictsec/internal/application/usecases/run_scan.go:255.2,260.4 1 1
github.com/felixgeelhaar/verdictsec/internal/application/usecases/run_scan.go:270.99,273.32 3 1
github.com/felixgeelhaar/verdictsec/internal/application/usecases/run_scan.go:273.32,275.3 1 1
github.com/felixgeelhaar/verdictsec/internal/application/usecases/run_scan.go:277.2,282.4 1 1
github.com/felixgeelhaar/verdictsec/internal/application/usecases/run_scan.go:292.105,295.35 3 1
github.com/felixgeelhaar/verdictsec/internal/application/usecases/run_scan.go:295.35,297.3 1 1
github.com/felixgeelhaar/verdictsec/internal/application/usecases/run_scan.go:299.2,304.4 1 1
github.com/felixgeelhaar/verdictsec/internal/application/usecases/write_baseline.go:49.108,54.2 1 12
github.com/felixgeelhaar/verdictsec/internal/application/usecases/write_baseline.go:57.94,72.22 8 3
github.com/felixgeelhaar/verdictsec/internal/application/usecases/write_baseline.go:72.22,75.3 2 1
github.com/felixgeelhaar/verdictsec/internal/application/usecases/write_baseline.go:75.8,78.3 2 2
github.com/felixgeelhaar/verdictsec/internal/application/usecases/write_baseline.go:80.2,80.16 1 3
github.com/felixgeelhaar/verdictsec/internal/application/usecases/write_baseline.go:80.16,82.3 1 1
github.com/felixgeelhaar/verdictsec/internal/application/usecases/write_baseline.go:85.2,85.22 1 2
github.com/felixgeelhaar/verdictsec/internal/application/usecases/write_baseline.go:85.22,87.3 1 0
github.com/felixgeelhaar/verdictsec/internal/application/usecases/write_baseline.go:89.2,89.20 1 2
github.com/felixgeelhaar/verdictsec/internal/application/usecases/write_baseline.go:93.97,98.27 2 2
github.com/felixgeelhaar/verdictsec/internal/application/usecases/write_baseline.go:98.27,100.3 1 1
github.com/felixgeelhaar/verdictsec/internal/application/usecases/write_baseline.go:102.2,107.29 4 1
github.com/felixgeelhaar/verdictsec/internal/application/usecases/write_baseline.go:107.29,109.46 2 2
github.com/felixgeelhaar/verdictsec/internal/application/usecases/write_baseline.go:109.46,111.4 1 1
github.com/felixgeelhaar/verdictsec/internal/application/usecases/write_baseline.go:115.2,121.30 4 1
github.com/felixgeelhaar/verdictsec/internal/application/usecases/write_baseline.go:121.30,124.3 2 0
github.com/felixgeelhaar/verdictsec/internal/application/usecases/write_baseline.go:127.2,127.54 1 1
github.com/felixgeelhaar/verdictsec/internal/application/usecases/write_baseline.go:127.54,129.3 1 0
github.com/felixgeelhaar/verdictsec/internal/application/usecases/write_baseline.go:132.2,132.22 1 1
github.com/felixgeelhaar/verdictsec/internal/application/usecases/write_baseline.go:132.22,135.31 2 0
github.com/felixgeelhaar/verdictsec/internal/application/usecases/write_baseline.go:135.31,137.4 1 0
github.com/felixgeelhaar/verdictsec/internal/application/usecases/write_baseline.go:138.3,139.35 2 0
github.com/felixgeelhaar/verdictsec/internal/application/usecases/write_baseline.go:142.2,142.20 1 1
github.com/felixgeelhaar/verdictsec/internal/application/usecases/write_baseline.go:158.78,163.25 2 3
github.com/felixgeelhaar/verdictsec/internal/application/usecases/write_baseline.go:163.25,165.3 1 1
github.com/felixgeelhaar/verdictsec/internal/application/usecases/write_baseline.go:167.2,167.39 1 2
github.com/felixgeelhaar/verdictsec/internal/application/usecases/write_baseline.go:167.39,168.20 1 3
github.com/felixgeelhaar/verdictsec/internal/application/usecases/write_baseline.go:168.20,172.4 3 2
github.com/felixgeelhaar/verdictsec/internal/application/usecases/write_baseline.go:176.2,176.52 1 2
github.com/felixgeelhaar/verdictsec/internal/application/usecases/write_baseline.go:176.52,178.3 1 0
github.com/felixgeelhaar/verdictsec/internal/application/usecases/write_baseline.go:180.2,180.20 1 2
github.com/felixgeelhaar/verdictsec/internal/application/usecases/write_baseline.go:197.81,200.27 2 1
github.com/felixgeelhaar/verdictsec/internal/application/usecases/write_baseline.go:200.27,202.3 1 1
github.com/felixgeelhaar/verdictsec/internal/application/usecases/write_baseline.go:205.2,209.30 3 0
github.com/felixgeelhaar/verdictsec/internal/application/usecases/write_baseline.go:209.30,211.38 2 0
github.com/felixgeelhaar/verdictsec/internal/application/usecases/write_baseline.go:211.38,213.4 1 0
github.com/felixgeelhaar/verdictsec/internal/application/usecases/write_baseline.go:215.3,215.46 1 0
github.com/felixgeelhaar/verdictsec/internal/application/usecases/write_baseline.go:215.46,217.50 2 0
github.com/felixgeelhaar/verdictsec/internal/application/usecases/write_baseline.go:217.50,219.5 1 0
github.com/felixgeelhaar/verdictsec/internal/application/usecases/write_baseline.go:223.2,226.20 3 0
github.com/felixgeelhaar/verdictsec/internal/application/usecases/write_baseline.go:230.89,231.23 1 2
github.com/felixgeelhaar/verdictsec/internal/application/usecases/write_baseline.go:231.23,233.3 1 1
github.com/felixgeelhaar/verdictsec/internal/application/usecases/write_baseline.go:234.2,234.42 1 1
github.com/felixgeelhaar/verdictsec/internal/domain/assessment/assessment.go:35.47,49.2 1 23
github.com/felixgeelhaar/verdictsec/internal/domain/assessment/assessment.go:52.34,52.49 1 0
github.com/felixgeelhaar/verdictsec/internal/domain/assessment/assessment.go:55.38,55.57 1 0
github.com/felixgeelhaar/verdictsec/internal/domain/assessment/assessment.go:58.44,58.66 1 0
github.com/felixgeelhaar/verdictsec/internal/domain/assessment/assessment.go:61.46,61.70 1 0
github.com/felixgeelhaar/verdictsec/internal/domain/assessment/assessment.go:64.48,64.71 1 0
github.com/felixgeelhaar/verdictsec/internal/domain/assessment/assessment.go:67.52,67.73 1 11
github.com/felixgeelhaar/verdictsec/internal/domain/assessment/assessment.go:70.42,70.63 1 0
github.com/felixgeelhaar/verdictsec/internal/domain/assessment/assessment.go:73.41,73.61 1 0
github.com/felixgeelhaar/verdictsec/internal/domain/assessment/assessment.go:76.42,76.63 1 0
github.com/felixgeelhaar/verdictsec/internal/domain/assessment/assessment.go:79.41,79.75 1 1
github.com/felixgeelhaar/verdictsec/internal/domain/assessment/assessment.go:82.47,83.28 1 0
github.com/felixgeelhaar/verdictsec/internal/domain/assessment/assessment.go:83.28,85.3 1 0
github.com/felixgeelhaar/verdictsec/internal/domain/assessment/assessment.go:86.2,86.39 1 0
github.com/felixgeelhaar/verdictsec/internal/domain/assessment/assessment.go:90.51,92.2 1 10
github.com/felixgeelhaar/verdictsec/internal/domain/assessment/assessment.go:95.53,97.2 1 15
github.com/felixgeelhaar/verdictsec/internal/domain/assessment/assessment.go:100.63,102.2 1 0
github.com/felixgeelhaar/verdictsec/internal/domain/assessment/assessment.go:105.71,108.2 2 6
github.com/felixgeelhaar/verdictsec/internal/domain/assessment/assessment.go:111.33,113.2 1 9
github.com/felixgeelhaar/verdictsec/internal/domain/assessment/assessment.go:116.55,118.2 1 0
github.com/felixgeelhaar/verdictsec/internal/domain/assessment/assessment.go:121.53,123.2 1 0
github.com/felixgeelhaar/verdictsec/internal/domain/assessment/assessment.go:126.79,128.31 2 0
github.com/felixgeelhaar/verdictsec/internal/domain/assessment/assessment.go:128.31,129.20 1 0
github.com/felixgeelhaar/verdictsec/internal/domain/assessment/assessment.go:129.20,131.4 1 0
github.com/felixgeelhaar/verdictsec/internal/domain/assessment/assessment.go:133.2,133.15 1 0
github.com/felixgeelhaar/verdictsec/internal/domain/assessment/assessment.go:137.90,139.31 2 0
github.com/felixgeelhaar/verdictsec/internal/domain/assessment/assessment.go:139.31,140.51 1 0
github.com/felixgeelhaar/verdictsec/internal/domain/assessment/assessment.go:140.51,142.4 1 0
github.com/felixgeelhaar/verdictsec/internal/domain/assessment/assessment.go:144.2,144.15 1 0
github.com/felixgeelhaar/verdictsec/internal/domain/assessment/assessment.go:148.41,150.2 1 3
github.com/felixgeelhaar/verdictsec/internal/domain/assessment/assessment.go:153.57,155.31 2 0
github.com/felixgeelhaar/verdictsec/internal/domain/assessment/assessment.go:155.31,157.3 1 0
github.com/felixgeelhaar/verdictsec/internal/domain/assessment/assessment.go:158.2,158.16 1 0
github.com/felixgeelhaar/verdictsec/internal/domain/assessment/assessment.go:162.49,164.35 2 0
github.com/felixgeelhaar/verdictsec/internal/domain/assessment/assessment.go:164.35,165.20 1 0
github.com/felixgeelhaar/verdictsec/internal/domain/assessment/assessment.go:165.20,167.4 1 0
github.com/felixgeelhaar/verdictsec/internal/domain/assessment/assessment.go:169.2,169.14 1 0
github.com/felixgeelhaar/verdictsec/internal/domain/assessment/assessment.go:173.45,175.35 2 0
github.com/felixgeelhaar/verdictsec/internal/domain/assessment/assessment.go:175.35,176.21 1 0
github.com/felixgeelhaar/verdictsec/internal/domain/assessment/assessment.go:176.21,178.4 1 0
github.com/felixgeelhaar/verdictsec/internal/domain/assessment/assessment.go:180.2,180.14 1 0
github.com/felixgeelhaar/verdictsec/internal/domain/assessment/assessment.go:183.36,185.40 2 23
github.com/felixgeelhaar/verdictsec/internal/domain/assessment/assessment.go:185.40,187.3 1 0
github.com/felixgeelhaar/verdictsec/internal/domain/assessment/assessment.go:188.2,188.46 1 23
github.com/felixgeelhaar/verdictsec/internal/domain/assessment/assessment.go:206.52,208.35 2 0
github.com/felixgeelhaar/verdictsec/internal/domain/assessment/assessment.go:208.35,210.3 1 0
github.com/felixgeelhaar/verdictsec/internal/domain/assessment/assessment.go:213.2,214.38 2 0
github.com/felixgeelhaar/verdictsec/internal/domain/assessment/assessment.go:214.38,216.3 1 0
github.com/felixgeelhaar/verdictsec/internal/domain/assessment/assessment.go:218.2,229.4 1 0
github.com/felixgeelhaar/verdictsec/internal/domain/assessment/assessment.go:233.55,235.50 2 0
github.com/felixgeelhaar/verdictsec/internal/domain/assessment/assessment.go:235.50,237.3 1 0
github.com/felixgeelhaar/verdictsec/internal/domain/assessment/assessment.go:239.2,249.40 10 0
github.com/felixgeelhaar/verdictsec/internal/domain/assessment/assessment.go:249.40,251.3 1 0
github.com/felixgeelhaar/verdictsec/internal/domain/assessment/assessment.go:253.2,253.22 1 0
github.com/felixgeelhaar/verdictsec/internal/domain/assessment/assessment.go:253.22,255.3 1 0
github.com/felixgeelhaar/verdictsec/internal/domain/assessment/assessment.go:256.2,256.23 1 0
github.com/felixgeelhaar/verdictsec/internal/domain/assessment/assessment.go:256.23,258.3 1 0
github.com/felixgeelhaar/verdictsec/internal/domain/assessment/assessment.go:259.2,259.25 1 0
github.com/felixgeelhaar/verdictsec/internal/domain/assessment/assessment.go:259.25,261.3 1 0
github.com/felixgeelhaar/verdictsec/internal/domain/assessment/assessment.go:263.2,263.12 1 0
github.com/felixgeelhaar/verdictsec/internal/domain/assessment/decision.go:38.35,39.38 1 0
github.com/felixgeelhaar/verdictsec/internal/domain/assessment/decision.go:39.38,41.3 1 0
github.com/felixgeelhaar/verdictsec/internal/domain/assessment/decision.go:42.2,42.18 1 0
github.com/felixgeelhaar/verdictsec/internal/domain/assessment/decision.go:46.48,48.42 2 0
github.com/felixgeelhaar/verdictsec/internal/domain/assessment/decision.go:48.42,50.3 1 0
github.com/felixgeelhaar/verdictsec/internal/domain/assessment/decision.go:51.2,51.63 1 0
github.com/felixgeelhaar/verdictsec/internal/domain/assessment/decision.go:58.34,59.11 1 3
github.com/felixgeelhaar/verdictsec/internal/domain/assessment/decision.go:60.34,61.11 1 1
github.com/felixgeelhaar/verdictsec/internal/domain/assessment/decision.go:62.20,63.11 1 1
github.com/felixgeelhaar/verdictsec/internal/domain/assessment/decision.go:64.21,65.11 1 1
github.com/felixgeelhaar/verdictsec/internal/domain/assessment/decision.go:66.10,67.11 1 0
github.com/felixgeelhaar/verdictsec/internal/domain/assessment/decision.go:72.36,74.2 1 0
github.com/felixgeelhaar/verdictsec/internal/domain/assessment/decision.go:77.36,79.2 1 0
github.com/felixgeelhaar/verdictsec/internal/domain/assessment/decision.go:82.34,85.2 2 0
github.com/felixgeelhaar/verdictsec/internal/domain/assessment/decision.go:88.49,90.2 1 0
github.com/felixgeelhaar/verdictsec/internal/domain/assessment/decision.go:93.53,95.51 2 0
github.com/felixgeelhaar/verdictsec/internal/domain/assessment/decision.go:95.51,97.3 1 0
github.com/felixgeelhaar/verdictsec/internal/domain/assessment/decision.go:98.2,99.16 2 0
github.com/felixgeelhaar/verdictsec/internal/domain/assessment/decision.go:99.16,101.3 1 0
github.com/felixgeelhaar/verdictsec/internal/domain/assessment/decision.go:102.2,103.12 2 0
github.com/felixgeelhaar/verdictsec/internal/domain/assessment/decision.go:107.32,115.2 1 0
github.com/felixgeelhaar/verdictsec/internal/domain/assessment/engine_run.go:20.62,26.2 1 10
github.com/felixgeelhaar/verdictsec/internal/domain/assessment/engine_run.go:29.39,29.60 1 0
github.com/felixgeelhaar/verdictsec/internal/domain/assessment/engine_run.go:32.44,32.70 1 0
github.com/felixgeelhaar/verdictsec/internal/domain/assessment/engine_run.go:35.43,35.65 1 0
github.com/felixgeelhaar/verdictsec/internal/domain/assessment/engine_run.go:38.45,38.69 1 0
[...]
github.com/felixgeelhaar/verdictsec/internal/domain/finding/finding_type.go:82.16,84.3 1 0
github.com/felixgeelhaar/verdictsec/internal/domain/finding/finding_type.go:85.2,86.12 2 0
github.com/felixgeelhaar/verdictsec/internal/domain/finding/finding_type.go:90.38,98.2 1 0
github.com/felixgeelhaar/verdictsec/internal/domain/finding/fingerprint.go:25.102,41.2 3 6
github.com/felixgeelhaar/verdictsec/internal/domain/finding/fingerprint.go:45.66,50.2 1 0
github.com/felixgeelhaar/verdictsec/internal/domain/finding/fingerprint.go:53.37,53.55 1 8
github.com/felixgeelhaar/verdictsec/internal/domain/finding/fingerprint.go:56.39,56.59 1 0
github.com/felixgeelhaar/verdictsec/internal/domain/finding/fingerprint.go:59.38,59.56 1 0
github.com/felixgeelhaar/verdictsec/internal/domain/finding/fingerprint.go:62.37,63.23 1 0
github.com/felixgeelhaar/verdictsec/internal/domain/finding/fingerprint.go:63.23,65.3 1 0
github.com/felixgeelhaar/verdictsec/internal/domain/finding/fingerprint.go:66.2,66.16 1 0
github.com/felixgeelhaar/verdictsec/internal/domain/finding/fingerprint.go:71.53,73.2 1 0
github.com/felixgeelhaar/verdictsec/internal/domain/finding/fingerprint.go:76.58,78.2 1 0
github.com/felixgeelhaar/verdictsec/internal/domain/finding/fingerprint.go:81.36,83.2 1 0
github.com/felixgeelhaar/verdictsec/internal/domain/finding/fingerprint.go:86.46,88.2 1 0
github.com/felixgeelhaar/verdictsec/internal/domain/finding/fingerprint.go:97.52,102.2 1 0
github.com/felixgeelhaar/verdictsec/internal/domain/finding/fingerprint.go:105.56,107.50 2 0
github.com/felixgeelhaar/verdictsec/internal/domain/finding/fingerprint.go:107.50,109.3 1 0
github.com/felixgeelhaar/verdictsec/internal/domain/finding/fingerprint.go:110.2,111.12 2 0
github.com/felixgeelhaar/verdictsec/internal/domain/finding/location.go:22.78,36.2 3 5
github.com/felixgeelhaar/verdictsec/internal/domain/finding/location.go:39.56,41.2 1 0
github.com/felixgeelhaar/verdictsec/internal/domain/finding/location.go:44.33,44.50 1 0
github.com/felixgeelhaar/verdictsec/internal/domain/finding/location.go:47.30,47.47 1 0
github.com/felixgeelhaar/verdictsec/internal/domain/finding/location.go:50.32,50.51 1 0
github.com/felixgeelhaar/verdictsec/internal/domain/finding/location.go:53.33,53.53 1 0
github.com/felixgeelhaar/verdictsec/internal/domain/finding/location.go:56.35,56.57 1 0
github.com/felixgeelhaar/verdictsec/internal/domain/finding/location.go:59.35,60.18 1 0
github.com/felixgeelhaar/verdictsec/internal/domain/finding/location.go:60.18,62.3 1 0
github.com/felixgeelhaar/verdictsec/internal/domain/finding/location.go:63.2,63.16 1 0
github.com/felixgeelhaar/verdictsec/internal/domain/finding/location.go:63.16,65.3 1 0
github.com/felixgeelhaar/verdictsec/internal/domain/finding/location.go:66.2,66.15 1 0
github.com/felixgeelhaar/verdictsec/internal/domain/finding/location.go:71.38,73.2 1 6
github.com/felixgeelhaar/verdictsec/internal/domain/finding/location.go:76.47,82.2 1 0
github.com/felixgeelhaar/verdictsec/internal/domain/finding/location.go:85.53,89.2 1 0
github.com/felixgeelhaar/verdictsec/internal/domain/finding/location.go:92.33,94.2 1 0
github.com/felixgeelhaar/verdictsec/internal/domain/finding/location.go:97.35,99.2 1 0
github.com/felixgeelhaar/verdictsec/internal/domain/finding/location.go:111.49,119.2 1 0
github.com/felixgeelhaar/verdictsec/internal/domain/finding/location.go:122.53,124.50 2 0
github.com/felixgeelhaar/verdictsec/internal/domain/finding/location.go:124.50,126.3 1 0
github.com/felixgeelhaar/verdictsec/internal/domain/finding/location.go:127.2,128.12 2 0
github.com/felixgeelhaar/verdictsec/internal/domain/finding/reachability.go:33.39,34.42 1 0
github.com/felixgeelhaar/verdictsec/internal/domain/finding/reachability.go:34.42,36.3 1 0
github.com/felixgeelhaar/verdictsec/internal/domain/finding/reachability.go:37.2,37.18 1 0
github.com/felixgeelhaar/verdictsec/internal/domain/finding/reachability.go:42.56,44.48 2 0
github.com/felixgeelhaar/verdictsec/internal/domain/finding/reachability.go:44.48,46.3 1 0
github.com/felixgeelhaar/verdictsec/internal/domain/finding/reachability.go:47.2,47.71 1 0
github.com/felixgeelhaar/verdictsec/internal/domain/finding/reachability.go:51.51,53.16 2 0
github.com/felixgeelhaar/verdictsec/internal/domain/finding/reachability.go:53.16,54.13 1 0
github.com/felixgeelhaar/verdictsec/internal/domain/finding/reachability.go:56.2,56.14 1 0
github.com/felixgeelhaar/verdictsec/internal/domain/finding/reachability.go:60.42,62.2 1 0
github.com/felixgeelhaar/verdictsec/internal/domain/finding/reachability.go:65.45,67.2 1 0
github.com/felixgeelhaar/verdictsec/internal/domain/finding/reachability.go:70.38,72.2 1 0
github.com/felixgeelhaar/verdictsec/internal/domain/finding/reachability.go:75.38,78.2 2 0
github.com/felixgeelhaar/verdictsec/internal/domain/finding/reachability.go:81.53,83.2 1 0
github.com/felixgeelhaar/verdictsec/internal/domain/finding/reachability.go:86.57,88.51 2 0
github.com/felixgeelhaar/verdictsec/internal/domain/finding/reachability.go:88.51,90.3 1 0
github.com/felixgeelhaar/verdictsec/internal/domain/finding/reachability.go:91.2,92.16 2 0
github.com/felixgeelhaar/verdictsec/internal/domain/finding/reachability.go:92.16,94.3 1 0
github.com/felixgeelhaar/verdictsec/internal/domain/finding/reachability.go:95.2,96.12 2 0
github.com/felixgeelhaar/verdictsec/internal/domain/finding/reachability.go:100.58,102.2 1 0
github.com/felixgeelhaar/verdictsec/internal/domain/finding/reachability.go:105.79,107.40 2 0
github.com/felixgeelhaar/verdictsec/internal/domain/finding/reachability.go:107.40,109.3 1 0
github.com/felixgeelhaar/verdictsec/internal/domain/finding/reachability.go:110.2,111.16 2 0
github.com/felixgeelhaar/verdictsec/internal/domain/finding/reachability.go:111.16,113.3 1 0
github.com/felixgeelhaar/verdictsec/internal/domain/finding/reachability.go:114.2,115.12 2 0
github.com/felixgeelhaar/verdictsec/internal/domain/finding/reachability.go:119.41,125.2 1 0
github.com/felixgeelhaar/verdictsec/internal/domain/finding/severity.go:41.35,42.38 1 0
github.com/felixgeelhaar/verdictsec/internal/domain/finding/severity.go:42.38,44.3 1 0
github.com/felixgeelhaar/verdictsec/internal/domain/finding/severity.go:45.2,45.18 1 0
github.com/felixgeelhaar/verdictsec/internal/domain/finding/severity.go:50.48,52.42 2 0
github.com/felixgeelhaar/verdictsec/internal/domain/finding/severity.go:52.42,54.3 1 0
github.com/felixgeelhaar/verdictsec/internal/domain/finding/severity.go:55.2,55.63 1 0
github.com/felixgeelhaar/verdictsec/internal/domain/finding/severity.go:59.43,61.16 2 0
github.com/felixgeelhaar/verdictsec/internal/domain/finding/severity.go:61.16,62.13 1 0
github.com/felixgeelhaar/verdictsec/internal/domain/finding/severity.go:64.2,64.12 1 0
github.com/felixgeelhaar/verdictsec/internal/domain/finding/severity.go:68.50,70.2 1 11
github.com/felixgeelhaar/verdictsec/internal/domain/finding/severity.go:73.53,75.2 1 6
github.com/felixgeelhaar/verdictsec/internal/domain/finding/severity.go:78.34,81.2 2 15
github.com/felixgeelhaar/verdictsec/internal/domain/finding/severity.go:84.49,86.2 1 0
github.com/felixgeelhaar/verdictsec/internal/domain/finding/severity.go:89.53,91.51 2 0
github.com/felixgeelhaar/verdictsec/internal/domain/finding/severity.go:91.51,93.3 1 0
github.com/felixgeelhaar/verdictsec/internal/domain/finding/severity.go:94.2,95.16 2 0
github.com/felixgeelhaar/verdictsec/internal/domain/finding/severity.go:95.16,97.3 1 0
github.com/felixgeelhaar/verdictsec/internal/domain/finding/severity.go:98.2,99.12 2 0
github.com/felixgeelhaar/verdictsec/internal/domain/finding/severity.go:103.54,105.2 1 0
github.com/felixgeelhaar/verdictsec/internal/domain/finding/severity.go:108.75,110.40 2 0
github.com/felixgeelhaar/verdictsec/internal/domain/finding/severity.go:110.40,112.3 1 0
github.com/felixgeelhaar/verdictsec/internal/domain/finding/severity.go:113.2,114.16 2 0
github.com/felixgeelhaar/verdictsec/internal/domain/finding/severity.go:114.16,116.3 1 0
github.com/felixgeelhaar/verdictsec/internal/domain/finding/severity.go:117.2,118.12 2 0
github.com/felixgeelhaar/verdictsec/internal/domain/finding/severity.go:122.33,131.2 1 0
github.com/felixgeelhaar/verdictsec/internal/domain/policy/gating_rule.go:18.38,19.45 1 3
github.com/felixgeelhaar/verdictsec/internal/domain/policy/gating_rule.go:19.45,21.3 1 1
github.com/felixgeelhaar/verdictsec/internal/domain/policy/gating_rule.go:22.2,22.31 1 2
github.com/felixgeelhaar/verdictsec/internal/domain/policy/policy.go:29.29,37.2 1 14
github.com/felixgeelhaar/verdictsec/internal/domain/policy/policy.go:40.53,42.35 2 6
github.com/felixgeelhaar/verdictsec/internal/domain/policy/policy.go:42.35,43.19 1 8
github.com/felixgeelhaar/verdictsec/internal/domain/policy/policy.go:43.19,45.4 1 5
github.com/felixgeelhaar/verdictsec/internal/domain/policy/policy.go:47.2,47.15 1 6
github.com/felixgeelhaar/verdictsec/internal/domain/policy/policy.go:51.54,53.35 2 1
github.com/felixgeelhaar/verdictsec/internal/domain/policy/policy.go:53.35,54.20 1 2
github.com/felixgeelhaar/verdictsec/internal/domain/policy/policy.go:54.20,56.4 1 1
github.com/felixgeelhaar/verdictsec/internal/domain/policy/policy.go:58.2,58.16 1 1
github.com/felixgeelhaar/verdictsec/internal/domain/policy/policy.go:62.56,63.43 1 4
github.com/felixgeelhaar/verdictsec/internal/domain/policy/policy.go:63.43,64.19 1 2
github.com/felixgeelhaar/verdictsec/internal/domain/policy/policy.go:64.19,66.4 1 2
github.com/felixgeelhaar/verdictsec/internal/domain/policy/policy.go:68.2,68.14 1 2
github.com/felixgeelhaar/verdictsec/internal/domain/policy/policy.go:72.66,73.32 1 2
github.com/felixgeelhaar/verdictsec/internal/domain/policy/policy.go:73.32,74.67 1 2
github.com/felixgeelhaar/verdictsec/internal/domain/policy/policy.go:74.67,76.4 1 1
github.com/felixgeelhaar/verdictsec/internal/domain/policy/policy.go:78.2,78.12 1 1
github.com/felixgeelhaar/verdictsec/internal/domain/policy/policy.go:83.59,84.37 1 2
github.com/felixgeelhaar/verdictsec/internal/domain/policy/policy.go:84.37,85.24 1 2
github.com/felixgeelhaar/verdictsec/internal/domain/policy/policy.go:85.24,87.4 1 1
github.com/felixgeelhaar/verdictsec/internal/domain/policy/policy.go:89.2,89.20 1 1
github.com/felixgeelhaar/verdictsec/internal/domain/policy/policy.go:93.54,94.37 1 2
github.com/felixgeelhaar/verdictsec/internal/domain/policy/policy.go:94.37,96.3 1 1
github.com/felixgeelhaar/verdictsec/internal/domain/policy/policy.go:97.2,98.12 2 1
github.com/felixgeelhaar/verdictsec/internal/domain/policy/policy.go:102.69,103.35 1 2
github.com/felixgeelhaar/verdictsec/internal/domain/policy/policy.go:103.35,105.41 1 2
github.com/felixgeelhaar/verdictsec/internal/domain/policy/policy.go:105.41,108.4 2 1
github.com/felixgeelhaar/verdictsec/internal/domain/policy/policy.go:110.2,110.14 1 1
github.com/felixgeelhaar/verdictsec/internal/domain/policy/policy.go:114.39,117.35 3 1
github.com/felixgeelhaar/verdictsec/internal/domain/policy/policy.go:117.35,118.19 1 3
github.com/felixgeelhaar/verdictsec/internal/domain/policy/policy.go:118.19,120.4 1 1
github.com/felixgeelhaar/verdictsec/internal/domain/policy/policy.go:120.9,122.4 1 2
github.com/felixgeelhaar/verdictsec/internal/domain/policy/policy.go:124.2,125.21 2 1
github.com/felixgeelhaar/verdictsec/internal/domain/policy/policy.go:129.35,130.47 1 2
github.com/felixgeelhaar/verdictsec/internal/domain/policy/policy.go:130.47,132.3 1 0
github.com/felixgeelhaar/verdictsec/internal/domain/policy/policy.go:134.2,134.35 1 2
github.com/felixgeelhaar/verdictsec/internal/domain/policy/policy.go:134.35,135.38 1 0
github.com/felixgeelhaar/verdictsec/internal/domain/policy/policy.go:135.38,137.4 1 0
github.com/felixgeelhaar/verdictsec/internal/domain/policy/policy.go:140.2,140.34 1 2
github.com/felixgeelhaar/verdictsec/internal/domain/policy/policy.go:140.34,141.38 1 0
github.com/felixgeelhaar/verdictsec/internal/domain/policy/policy.go:141.38,143.4 1 0
github.com/felixgeelhaar/verdictsec/internal/domain/policy/policy.go:146.2,148.37 1 2
github.com/felixgeelhaar/verdictsec/internal/domain/policy/policy.go:148.37,150.3 1 1
github.com/felixgeelhaar/verdictsec/internal/domain/policy/policy.go:152.2,152.12 1 1
github.com/felixgeelhaar/verdictsec/internal/domain/policy/policy.go:156.41,158.2 1 1
github.com/felixgeelhaar/verdictsec/internal/domain/policy/policy.go:161.47,163.2 1 1
github.com/felixgeelhaar/verdictsec/internal/domain/policy/suppression.go:21.98,30.2 1 5
github.com/felixgeelhaar/verdictsec/internal/domain/policy/suppression.go:33.40,35.2 1 21
github.com/felixgeelhaar/verdictsec/internal/domain/policy/suppression.go:38.39,40.2 1 15
github.com/felixgeelhaar/verdictsec/internal/domain/policy/suppression.go:43.56,44.69 1 8
github.com/felixgeelhaar/verdictsec/internal/domain/policy/suppression.go:44.69,46.3 1 3
github.com/felixgeelhaar/verdictsec/internal/domain/policy/suppression.go:47.2,47.46 1 5
github.com/felixgeelhaar/verdictsec/internal/domain/policy/suppression.go:47.46,49.3 1 2
github.com/felixgeelhaar/verdictsec/internal/domain/policy/suppression.go:50.2,50.14 1 3
github.com/felixgeelhaar/verdictsec/internal/domain/policy/suppression.go:55.45,56.19 1 2
github.com/felixgeelhaar/verdictsec/internal/domain/policy/suppression.go:56.19,58.3 1 1
github.com/felixgeelhaar/verdictsec/internal/domain/policy/suppression.go:59.2,60.35 2 1
github.com/felixgeelhaar/verdictsec/internal/domain/policy/suppression.go:64.40,65.20 1 8
github.com/felixgeelhaar/verdictsec/internal/domain/policy/suppression.go:65.20,67.3 1 2
github.com/felixgeelhaar/verdictsec/internal/domain/policy/suppression.go:68.2,68.19 1 6
github.com/felixgeelhaar/verdictsec/internal/domain/policy/suppression.go:68.19,70.3 1 1
github.com/felixgeelhaar/verdictsec/internal/domain/policy/suppression.go:71.2,71.26 1 5
github.com/felixgeelhaar/verdictsec/internal/domain/policy/suppression.go:71.26,73.3 1 1
github.com/felixgeelhaar/verdictsec/internal/domain/policy/suppression.go:74.2,74.43 1 4
github.com/felixgeelhaar/verdictsec/internal/domain/policy/suppression.go:74.43,76.3 1 1
github.com/felixgeelhaar/verdictsec/internal/domain/policy/suppression.go:77.2,77.12 1 3
github.com/felixgeelhaar/verdictsec/internal/domain/policy/suppression.go:86.42,88.2 1 1
github.com/felixgeelhaar/verdictsec/internal/domain/policy/threshold.go:14.35,19.2 1 16
github.com/felixgeelhaar/verdictsec/internal/domain/policy/threshold.go:22.63,24.2 1 7
github.com/felixgeelhaar/verdictsec/internal/domain/policy/threshold.go:27.63,29.2 1 4
github.com/felixgeelhaar/verdictsec/internal/domain/policy/threshold.go:32.37,33.25 1 8
github.com/felixgeelhaar/verdictsec/internal/domain/policy/threshold.go:33.25,35.3 1 1
github.com/felixgeelhaar/verdictsec/internal/domain/policy/threshold.go:36.2,36.25 1 7
github.com/felixgeelhaar/verdictsec/internal/domain/policy/threshold.go:36.25,38.3 1 1
github.com/felixgeelhaar/verdictsec/internal/domain/policy/threshold.go:39.2,39.37 1 6
github.com/felixgeelhaar/verdictsec/internal/domain/policy/threshold.go:39.37,41.3 1 2
github.com/felixgeelhaar/verdictsec/internal/domain/policy/threshold.go:42.2,42.12 1 4
github.com/felixgeelhaar/verdictsec/internal/domain/services/diff.go:20.36,22.2 1 0
github.com/felixgeelhaar/verdictsec/internal/domain/services/diff.go:29.14,36.17 2 0
github.com/felixgeelhaar/verdictsec/internal/domain/services/diff.go:36.17,40.3 2 0
github.com/felixgeelhaar/verdictsec/internal/domain/services/diff.go:43.2,45.28 2 0
github.com/felixgeelhaar/verdictsec/internal/domain/services/diff.go:45.28,47.35 2 0
github.com/felixgeelhaar/verdictsec/internal/domain/services/diff.go:47.35,50.4 2 0
github.com/felixgeelhaar/verdictsec/internal/domain/services/diff.go:50.9,52.4 1 0
github.com/felixgeelhaar/verdictsec/internal/domain/services/diff.go:56.2,56.41 1 0
github.com/felixgeelhaar/verdictsec/internal/domain/services/diff.go:56.41,57.16 1 0
github.com/felixgeelhaar/verdictsec/internal/domain/services/diff.go:57.16,59.4 1 0
github.com/felixgeelhaar/verdictsec/internal/domain/services/diff.go:62.2,62.15 1 0
github.com/felixgeelhaar/verdictsec/internal/domain/services/diff.go:73.39,79.2 1 0
github.com/felixgeelhaar/verdictsec/internal/domain/services/diff.go:82.35,84.2 1 0
github.com/felixgeelhaar/verdictsec/internal/domain/services/diff.go:87.40,89.2 1 0
github.com/felixgeelhaar/verdictsec/internal/domain/services/diff.go:92.40,94.2 1 0
github.com/felixgeelhaar/verdictsec/internal/domain/services/diff.go:97.84,99.26 2 0
github.com/felixgeelhaar/verdictsec/internal/domain/services/diff.go:99.26,100.51 1 0
github.com/felixgeelhaar/verdictsec/internal/domain/services/diff.go:100.51,102.4 1 0
github.com/felixgeelhaar/verdictsec/internal/domain/services/diff.go:104.2,104.15 1 0
github.com/felixgeelhaar/verdictsec/internal/domain/services/diff.go:108.73,110.26 2 0
github.com/felixgeelhaar/verdictsec/internal/domain/services/diff.go:110.26,111.20 1 0
github.com/felixgeelhaar/verdictsec/internal/domain/services/diff.go:111.20,113.4 1 0
github.com/felixgeelhaar/verdictsec/internal/domain/services/diff.go:115.2,115.15 1 0
github.com/felixgeelhaar/verdictsec/internal/domain/services/policy_eval.go:26.60,28.2 1 0
github.com/felixgeelhaar/verdictsec/internal/domain/services/policy_eval.go:37.20,46.24 2 0
github.com/felixgeelhaar/verdictsec/internal/domain/services/policy_eval.go:46.24,49.3 2 0
github.com/felixgeelhaar/verdictsec/internal/domain/services/policy_eval.go:51.2,53.29 2 0
github.com/felixgeelhaar/verdictsec/internal/domain/services/policy_eval.go:53.29,55.26 1 0
github.com/felixgeelhaar/verdictsec/internal/domain/services/policy_eval.go:55.26,57.12 2 0
github.com/felixgeelhaar/verdictsec/internal/domain/services/policy_eval.go:61.3,62.18 2 0
github.com/felixgeelhaar/verdictsec/internal/domain/services/policy_eval.go:62.18,66.53 2 0
github.com/felixgeelhaar/verdictsec/internal/domain/services/policy_eval.go:66.53,67.13 1 0
github.com/felixgeelhaar/verdictsec/internal/domain/services/policy_eval.go:69.9,71.4 1 0
github.com/felixgeelhaar/verdictsec/internal/domain/services/policy_eval.go:74.3,76.37 2 0
github.com/felixgeelhaar/verdictsec/internal/domain/services/policy_eval.go:76.37,79.19 3 0
github.com/felixgeelhaar/verdictsec/internal/domain/services/policy_eval.go:79.19,81.5 1 0
github.com/felixgeelhaar/verdictsec/internal/domain/services/policy_eval.go:82.4,87.24 1 0
github.com/felixgeelhaar/verdictsec/internal/domain/services/policy_eval.go:88.9,88.44 1 0
github.com/felixgeelhaar/verdictsec/internal/domain/services/policy_eval.go:88.44,89.49 1 0
github.com/felixgeelhaar/verdictsec/internal/domain/services/policy_eval.go:89.49,91.5 1 0
github.com/felixgeelhaar/verdictsec/internal/domain/services/policy_eval.go:92.4,93.19 2 0
github.com/felixgeelhaar/verdictsec/internal/domain/services/policy_eval.go:93.19,95.5 1 0
github.com/felixgeelhaar/verdictsec/internal/domain/services/policy_eval.go:96.4,101.24 1 0
github.com/felixgeelhaar/verdictsec/internal/domain/services/policy_eval.go:106.2,106.69 1 0
github.com/felixgeelhaar/verdictsec/internal/domain/services/policy_eval.go:106.69,109.3 1 0
github.com/felixgeelhaar/verdictsec/internal/domain/services/policy_eval.go:111.2,111.15 1 0
github.com/felixgeelhaar/verdictsec/internal/domain/services/policy_eval.go:120.39,132.39 3 0
github.com/felixgeelhaar/verdictsec/internal/domain/services/policy_eval.go:132.39,134.3 1 0
github.com/felixgeelhaar/verdictsec/internal/domain/services/policy_eval.go:135.2,135.36 1 0
github.com/felixgeelhaar/verdictsec/internal/domain/services/policy_eval.go:135.36,137.3 1 0
github.com/felixgeelhaar/verdictsec/internal/domain/services/policy_eval.go:139.2,139.22 1 0
github.com/felixgeelhaar/verdictsec/internal/domain/services/policy_eval.go:152.46,154.2 1 0
github.com/felixgeelhaar/verdictsec/internal/domain/services/policy_eval.go:157.42,159.2 1 0
github.com/felixgeelhaar/verdictsec/internal/domain/services/policy_eval.go:162.44,164.2 1 0
github.com/felixgeelhaar/verdictsec/internal/domain/services/policy_eval.go:167.41,169.2 1 0
